        -:    0:Source:/home/con/perl5/perlbrew/perls/perl-5.42.2/lib/5.42.2/x86_64-linux/CORE/inline.h
        -:    0:Graph:./Stats-LikeR-0.06/LikeR.gcno
        -:    0:Data:./Stats-LikeR-0.06/LikeR.gcda
        -:    0:Runs:1
        -:    1:/*>    inline.h
        -:    2: *
        -:    3: *    Copyright (C) 2012 by Larry Wall and others
        -:    4: *
        -:    5: *    You may distribute under the terms of either the GNU General Public
        -:    6: *    License or the Artistic License, as specified in the README file.
        -:    7: *
        -:    8: *    This file contains tables and code adapted from
        -:    9: *    https://bjoern.hoehrmann.de/utf-8/decoder/dfa/, which requires this
        -:   10: *    copyright notice:
        -:   11:
        -:   12:Copyright (c) 2008-2009 Bjoern Hoehrmann <bjoern@hoehrmann.de>
        -:   13:
        -:   14:Permission is hereby granted, free of charge, to any person obtaining a copy of
        -:   15:this software and associated documentation files (the "Software"), to deal in
        -:   16:the Software without restriction, including without limitation the rights to
        -:   17:use, copy, modify, merge, publish, distribute, sublicense, and/or sell copies
        -:   18:of the Software, and to permit persons to whom the Software is furnished to do
        -:   19:so, subject to the following conditions:
        -:   20:
        -:   21:The above copyright notice and this permission notice shall be included in all
        -:   22:copies or substantial portions of the Software.
        -:   23:
        -:   24:THE SOFTWARE IS PROVIDED "AS IS", WITHOUT WARRANTY OF ANY KIND, EXPRESS OR
        -:   25:IMPLIED, INCLUDING BUT NOT LIMITED TO THE WARRANTIES OF MERCHANTABILITY,
        -:   26:FITNESS FOR A PARTICULAR PURPOSE AND NONINFRINGEMENT. IN NO EVENT SHALL THE
        -:   27:AUTHORS OR COPYRIGHT HOLDERS BE LIABLE FOR ANY CLAIM, DAMAGES OR OTHER
        -:   28:LIABILITY, WHETHER IN AN ACTION OF CONTRACT, TORT OR OTHERWISE, ARISING FROM,
        -:   29:OUT OF OR IN CONNECTION WITH THE SOFTWARE OR THE USE OR OTHER DEALINGS IN THE
        -:   30:SOFTWARE.
        -:   31:
        -:   32: *
        -:   33: * This file is a home for static inline functions that cannot go in other
        -:   34: * header files, because they depend on proto.h (included after most other
        -:   35: * headers) or struct definitions.
        -:   36: *
        -:   37: * Note also perlstatic.h for functions that can't or shouldn't be inlined, but
        -:   38: * whose details should be exposed to the compiler, for such things as tail
        -:   39: * call optimization.
        -:   40: *
        -:   41: * Each section names the header file that the functions "belong" to.
        -:   42: */
        -:   43:
        -:   44:/* ------------------------------- av.h ------------------------------- */
        -:   45:
        -:   46:/*
        -:   47:=for apidoc_section $AV
        -:   48:=for apidoc av_count
        -:   49:Returns the number of elements in the array C<av>.  This is the true length of
        -:   50:the array, including any undefined elements.  It is always the same as
        -:   51:S<C<av_top_index(av) + 1>>.
        -:   52:
        -:   53:=cut
        -:   54:*/
        -:   55:PERL_STATIC_INLINE Size_t
        -:   56:Perl_av_count(pTHX_ AV *av)
        -:   57:{
        -:   58:    PERL_ARGS_ASSERT_AV_COUNT;
        -:   59:    assert(SvTYPE(av) == SVt_PVAV);
        -:   60:
        -:   61:    return AvFILL(av) + 1;
        -:   62:}
        -:   63:
        -:   64:/* ------------------------------- av.c ------------------------------- */
        -:   65:
        -:   66:/*
        -:   67:=for apidoc av_store_simple
        -:   68:
        -:   69:This is a cut-down version of av_store that assumes that the array is
        -:   70:very straightforward - no magic, not readonly, and AvREAL - and that
        -:   71:C<key> is not negative. This function MUST NOT be used in situations
        -:   72:where any of those assumptions may not hold.
        -:   73:
        -:   74:Stores an SV in an array.  The array index is specified as C<key>. It
        -:   75:can be dereferenced to get the C<SV*> that was stored there (= C<val>)).
        -:   76:
        -:   77:Note that the caller is responsible for suitably incrementing the reference
        -:   78:count of C<val> before the call.
        -:   79:
        -:   80:Approximate Perl equivalent: C<splice(@myarray, $key, 1, $val)>.
        -:   81:
        -:   82:=cut
        -:   83:*/
        -:   84:
        -:   85:PERL_STATIC_INLINE SV**
        -:   86:Perl_av_store_simple(pTHX_ AV *av, SSize_t key, SV *val)
        -:   87:{
        -:   88:    SV** ary;
        -:   89:
        -:   90:    PERL_ARGS_ASSERT_AV_STORE_SIMPLE;
        -:   91:    assert(SvTYPE(av) == SVt_PVAV);
        -:   92:    assert(!SvMAGICAL(av));
        -:   93:    assert(!SvREADONLY(av));
        -:   94:    assert(AvREAL(av));
        -:   95:    assert(key > -1);
        -:   96:
        -:   97:    ary = AvARRAY(av);
        -:   98:
        -:   99:    if (AvFILLp(av) < key) {
        -:  100:        if (key > AvMAX(av)) {
        -:  101:            av_extend(av,key);
        -:  102:            ary = AvARRAY(av);
        -:  103:        }
        -:  104:        AvFILLp(av) = key;
        -:  105:    } else
        -:  106:        SvREFCNT_dec(ary[key]);
        -:  107:
        -:  108:    ary[key] = val;
        -:  109:    return &ary[key];
        -:  110:}
        -:  111:
        -:  112:/*
        -:  113:=for apidoc av_fetch_simple
        -:  114:
        -:  115:This is a cut-down version of av_fetch that assumes that the array is
        -:  116:very straightforward - no magic, not readonly, and AvREAL - and that
        -:  117:C<key> is not negative. This function MUST NOT be used in situations
        -:  118:where any of those assumptions may not hold.
        -:  119:
        -:  120:Returns the SV at the specified index in the array.  The C<key> is the
        -:  121:index.  If lval is true, you are guaranteed to get a real SV back (in case
        -:  122:it wasn't real before), which you can then modify.  Check that the return
        -:  123:value is non-null before dereferencing it to a C<SV*>.
        -:  124:
        -:  125:The rough perl equivalent is C<$myarray[$key]>.
        -:  126:
        -:  127:=cut
        -:  128:*/
        -:  129:
        -:  130:PERL_STATIC_INLINE SV**
        -:  131:Perl_av_fetch_simple(pTHX_ AV *av, SSize_t key, I32 lval)
        -:  132:{
        -:  133:    PERL_ARGS_ASSERT_AV_FETCH_SIMPLE;
        -:  134:    assert(SvTYPE(av) == SVt_PVAV);
        -:  135:    assert(!SvMAGICAL(av));
        -:  136:    assert(!SvREADONLY(av));
        -:  137:    assert(AvREAL(av));
        -:  138:    assert(key > -1);
        -:  139:
        -:  140:    if ( (key > AvFILLp(av)) || !AvARRAY(av)[key]) {
        -:  141:        return lval ? av_store_simple(av,key,newSV_type(SVt_NULL)) : NULL;
        -:  142:    } else {
        -:  143:        return &AvARRAY(av)[key];
        -:  144:    }
        -:  145:}
        -:  146:
        -:  147:PERL_STATIC_INLINE void
        -:  148:Perl_av_push_simple(pTHX_ AV *av, SV *val)
        -:  149:{
        -:  150:    PERL_ARGS_ASSERT_AV_PUSH_SIMPLE;
        -:  151:    assert(SvTYPE(av) == SVt_PVAV);
        -:  152:    assert(!SvMAGICAL(av));
        -:  153:    assert(!SvREADONLY(av));
        -:  154:    assert(AvREAL(av));
        -:  155:    assert(AvFILLp(av) > -2);
        -:  156:
        -:  157:    (void)av_store_simple(av,AvFILLp(av)+1,val);
        -:  158:}
        -:  159:
        -:  160:/*
        -:  161:=for apidoc av_new_alloc
        -:  162:
        -:  163:This implements L<perlapi/C<newAV_alloc_x>>
        -:  164:and L<perlapi/C<newAV_alloc_xz>>, which are the public API for this
        -:  165:functionality.
        -:  166:
        -:  167:Creates a new AV and allocates its SV* array.
        -:  168:
        -:  169:This is similar to, but more efficient than doing:
        -:  170:
        -:  171:    AV *av = newAV();
        -:  172:    av_extend(av, key);
        -:  173:
        -:  174:The size parameter is used to pre-allocate a SV* array large enough to
        -:  175:hold at least elements C<0..(size-1)>.  C<size> must be at least 1.
        -:  176:
        -:  177:The C<zeroflag> parameter controls whether or not the array is NULL
        -:  178:initialized.
        -:  179:
        -:  180:=cut
        -:  181:*/
        -:  182:
        -:  183:PERL_STATIC_INLINE AV *
        -:  184:Perl_av_new_alloc(pTHX_ SSize_t size, bool zeroflag)
        -:  185:{
        -:  186:    AV * const av = newAV();
        -:  187:    SV** ary;
        -:  188:    PERL_ARGS_ASSERT_AV_NEW_ALLOC;
        -:  189:    assert(size > 0);
        -:  190:
        -:  191:    Newx(ary, size, SV*); /* Newx performs the memwrap check */
        -:  192:    AvALLOC(av) = ary;
        -:  193:    AvARRAY(av) = ary;
        -:  194:    AvMAX(av) = size - 1;
        -:  195:
        -:  196:    if (zeroflag)
        -:  197:        Zero(ary, size, SV*);
        -:  198:
        -:  199:    return av;
        -:  200:}
        -:  201:
        -:  202:
        -:  203:/* remove (AvARRAY(av) - AvALLOC(av)) offset from empty array */
        -:  204:
        -:  205:PERL_STATIC_INLINE void
        -:  206:Perl_av_remove_offset(pTHX_ AV *av)
        -:  207:{
        -:  208:    PERL_ARGS_ASSERT_AV_REMOVE_OFFSET;
        -:  209:    assert(AvFILLp(av) == -1);
        -:  210:    SSize_t i = AvARRAY(av) - AvALLOC(av);
        -:  211:    if (i) {
        -:  212:        AvARRAY(av) = AvALLOC(av);
        -:  213:        AvMAX(av)   += i;
        -:  214:#ifdef PERL_RC_STACK
        -:  215:        Zero(AvALLOC(av), i, SV*);
        -:  216:#endif
        -:  217:    }
        -:  218:}
        -:  219:
        -:  220:
        -:  221:/* ------------------------------- cv.h ------------------------------- */
        -:  222:
        -:  223:/*
        -:  224:=for apidoc_section $CV
        -:  225:=for apidoc CvGV
        -:  226:Returns the GV associated with the CV C<sv>, reifying it if necessary.
        -:  227:
        -:  228:=cut
        -:  229:*/
        -:  230:PERL_STATIC_INLINE GV *
        -:  231:Perl_CvGV(pTHX_ CV *sv)
        -:  232:{
        -:  233:    PERL_ARGS_ASSERT_CVGV;
        -:  234:
        -:  235:    return CvNAMED(sv)
        -:  236:        ? Perl_cvgv_from_hek(aTHX_ sv)
        -:  237:        : ((XPVCV*)MUTABLE_PTR(SvANY(sv)))->xcv_gv_u.xcv_gv;
        -:  238:}
        -:  239:
        -:  240:/*
        -:  241:=for apidoc CvDEPTH
        -:  242:Returns the recursion level of the CV C<sv>.  Hence >= 2 indicates we are in a
        -:  243:recursive call.
        -:  244:
        -:  245:=cut
        -:  246:*/
        -:  247:PERL_STATIC_INLINE I32 *
        -:  248:Perl_CvDEPTH(const CV * const sv)
        -:  249:{
        -:  250:    PERL_ARGS_ASSERT_CVDEPTH;
        -:  251:    assert(SvTYPE(sv) == SVt_PVCV || SvTYPE(sv) == SVt_PVFM);
        -:  252:
        -:  253:    return &((XPVCV*)SvANY(sv))->xcv_depth;
        -:  254:}
        -:  255:
        -:  256:/*
        -:  257: CvPROTO returns the prototype as stored, which is not necessarily what
        -:  258: the interpreter should be using. Specifically, the interpreter assumes
        -:  259: that spaces have been stripped, which has been the case if the prototype
        -:  260: was added by toke.c, but is generally not the case if it was added elsewhere.
        -:  261: Since we can't enforce the spacelessness at assignment time, this routine
        -:  262: provides a temporary copy at parse time with spaces removed.
        -:  263: I<orig> is the start of the original buffer, I<len> is the length of the
        -:  264: prototype and will be updated when this returns.
        -:  265: */
        -:  266:
        -:  267:#ifdef PERL_CORE
        -:  268:PERL_STATIC_INLINE char *
        -:  269:S_strip_spaces(pTHX_ const char * orig, STRLEN * const len)
        -:  270:{
        -:  271:    SV * tmpsv;
        -:  272:    char * tmps;
        -:  273:    tmpsv = newSVpvn_flags(orig, *len, SVs_TEMP);
        -:  274:    tmps = SvPVX(tmpsv);
        -:  275:    while ((*len)--) {
        -:  276:        if (!isSPACE(*orig))
        -:  277:            *tmps++ = *orig;
        -:  278:        orig++;
        -:  279:    }
        -:  280:    *tmps = '\0';
        -:  281:    *len = tmps - SvPVX(tmpsv);
        -:  282:                return SvPVX(tmpsv);
        -:  283:}
        -:  284:#endif
        -:  285:
        -:  286:/* ------------------------------- iperlsys.h ------------------------------- */
        -:  287:#if ! defined(PERL_IMPLICIT_SYS) && defined(USE_ITHREADS)
        -:  288:
        -:  289:/* Otherwise this function is implemented as macros in iperlsys.h */
        -:  290:
        -:  291:PERL_STATIC_INLINE bool
        -:  292:S_PerlEnv_putenv(pTHX_ char * str)
        -:  293:{
        -:  294:    PERL_ARGS_ASSERT_PERLENV_PUTENV;
        -:  295:
        -:  296:    ENV_LOCK;
        -:  297:    bool retval = putenv(str);
        -:  298:    ENV_UNLOCK;
        -:  299:
        -:  300:    return retval;
        -:  301:}
        -:  302:
        -:  303:#endif
        -:  304:
        -:  305:/* ------------------------------- mg.h ------------------------------- */
        -:  306:
        -:  307:#if defined(PERL_CORE) || defined(PERL_EXT)
        -:  308:/* assumes get-magic and stringification have already occurred */
        -:  309:PERL_STATIC_INLINE STRLEN
        -:  310:S_MgBYTEPOS(pTHX_ MAGIC *mg, SV *sv, const char *s, STRLEN len)
        -:  311:{
        -:  312:    assert(mg->mg_type == PERL_MAGIC_regex_global);
        -:  313:    assert(mg->mg_len != -1);
        -:  314:    if (mg->mg_flags & MGf_BYTES || !DO_UTF8(sv))
        -:  315:        return (STRLEN)mg->mg_len;
        -:  316:    else {
        -:  317:        const STRLEN pos = (STRLEN)mg->mg_len;
        -:  318:        /* Without this check, we may read past the end of the buffer: */
        -:  319:        if (pos > sv_or_pv_len_utf8(sv, s, len)) return len+1;
        -:  320:        return sv_or_pv_pos_u2b(sv, s, pos, NULL);
        -:  321:    }
        -:  322:}
        -:  323:#endif
        -:  324:
        -:  325:/* ------------------------------- pad.h ------------------------------ */
        -:  326:
        -:  327:#if defined(PERL_IN_PAD_C) || defined(PERL_IN_OP_C)
        -:  328:PERL_STATIC_INLINE bool
        -:  329:S_PadnameIN_SCOPE(const PADNAME * const pn, const U32 seq)
        -:  330:{
        -:  331:    PERL_ARGS_ASSERT_PADNAMEIN_SCOPE;
        -:  332:
        -:  333:    /* is seq within the range _LOW to _HIGH ?
        -:  334:     * This is complicated by the fact that PL_cop_seqmax
        -:  335:     * may have wrapped around at some point */
        -:  336:    if (COP_SEQ_RANGE_LOW(pn) == PERL_PADSEQ_INTRO)
        -:  337:        return FALSE; /* not yet introduced */
        -:  338:
        -:  339:    if (COP_SEQ_RANGE_HIGH(pn) == PERL_PADSEQ_INTRO) {
        -:  340:    /* in compiling scope */
        -:  341:        if (
        -:  342:            (seq >  COP_SEQ_RANGE_LOW(pn))
        -:  343:            ? (seq - COP_SEQ_RANGE_LOW(pn) < (U32_MAX >> 1))
        -:  344:            : (COP_SEQ_RANGE_LOW(pn) - seq > (U32_MAX >> 1))
        -:  345:        )
        -:  346:            return TRUE;
        -:  347:    }
        -:  348:    else if (
        -:  349:        (COP_SEQ_RANGE_LOW(pn) > COP_SEQ_RANGE_HIGH(pn))
        -:  350:        ?
        -:  351:            (  seq >  COP_SEQ_RANGE_LOW(pn)
        -:  352:            || seq <= COP_SEQ_RANGE_HIGH(pn))
        -:  353:
        -:  354:        :    (  seq >  COP_SEQ_RANGE_LOW(pn)
        -:  355:             && seq <= COP_SEQ_RANGE_HIGH(pn))
        -:  356:    )
        -:  357:        return TRUE;
        -:  358:    return FALSE;
        -:  359:}
        -:  360:#endif
        -:  361:
        -:  362:/* ------------------------------- pp.h ------------------------------- */
        -:  363:
        -:  364:PERL_STATIC_INLINE Stack_off_t
        -:  365:Perl_TOPMARK(pTHX)
        -:  366:{
        -:  367:    DEBUG_s(DEBUG_v(PerlIO_printf(Perl_debug_log,
        -:  368:                                 "MARK top  %p %" IVdf "\n",
        -:  369:                                  PL_markstack_ptr,
        -:  370:                                  (IV)*PL_markstack_ptr)));
        -:  371:    return *PL_markstack_ptr;
        -:  372:}
        -:  373:
        -:  374:PERL_STATIC_INLINE Stack_off_t
function Perl_POPMARK called 324 returned 100% blocks executed 100%
      324:  375:Perl_POPMARK(pTHX)
        -:  376:{
        -:  377:    DEBUG_s(DEBUG_v(PerlIO_printf(Perl_debug_log,
        -:  378:                                 "MARK pop  %p %" IVdf "\n",
        -:  379:                                  (PL_markstack_ptr-1),
        -:  380:                                  (IV)*(PL_markstack_ptr-1))));
        -:  381:    assert((PL_markstack_ptr > PL_markstack) || !"MARK underflow");
      324:  382:    return *PL_markstack_ptr--;
      324:  382-block  0
        -:  383:}
        -:  384:
        -:  385:/*
        -:  386:=for apidoc_section $rpp
        -:  387:
        -:  388:=for apidoc rpp_extend
        -:  389:Ensures that there is space on the stack to push C<n> items, extending it
        -:  390:if necessary.
        -:  391:
        -:  392:=cut
        -:  393:*/
        -:  394:
        -:  395:PERL_STATIC_INLINE void
        -:  396:Perl_rpp_extend(pTHX_ SSize_t n)
        -:  397:{
        -:  398:    PERL_ARGS_ASSERT_RPP_EXTEND;
        -:  399:
        -:  400:    EXTEND_HWM_SET(PL_stack_sp, n);
        -:  401:#ifndef STRESS_REALLOC
        -:  402:    if (UNLIKELY(_EXTEND_NEEDS_GROW(PL_stack_sp, n)))
        -:  403:#endif
        -:  404:    {
        -:  405:        (void)stack_grow(PL_stack_sp, PL_stack_sp, n);
        -:  406:    }
        -:  407:}
        -:  408:
        -:  409:
        -:  410:/*
        -:  411:=for apidoc rpp_popfree_to
        -:  412:
        -:  413:Pop and free all items on the argument stack above C<sp>. On return,
        -:  414:C<PL_stack_sp> will be equal to C<sp>.
        -:  415:
        -:  416:=cut
        -:  417:*/
        -:  418:
        -:  419:PERL_STATIC_INLINE void
        -:  420:Perl_rpp_popfree_to(pTHX_ SV **sp)
        -:  421:{
        -:  422:    PERL_ARGS_ASSERT_RPP_POPFREE_TO;
        -:  423:
        -:  424:    assert(sp <= PL_stack_sp);
        -:  425:#ifdef PERL_RC_STACK
        -:  426:    assert(rpp_stack_is_rc());
        -:  427:    while (PL_stack_sp > sp) {
        -:  428:        SV *sv = *PL_stack_sp--;
        -:  429:        SvREFCNT_dec(sv);
        -:  430:    }
        -:  431:#else
        -:  432:    PL_stack_sp = sp;
        -:  433:#endif
        -:  434:}
        -:  435:
        -:  436:
        -:  437:/*
        -:  438:=for apidoc rpp_popfree_to_NN
        -:  439:
        -:  440:A variant of rpp_popfree_to() which assumes that all the pointers being
        -:  441:popped off the stack are non-NULL.
        -:  442:
        -:  443:=cut
        -:  444:*/
        -:  445:
        -:  446:PERL_STATIC_INLINE void
        -:  447:Perl_rpp_popfree_to_NN(pTHX_ SV **sp)
        -:  448:{
        -:  449:    PERL_ARGS_ASSERT_RPP_POPFREE_TO_NN;
        -:  450:
        -:  451:    assert(sp <= PL_stack_sp);
        -:  452:#ifdef PERL_RC_STACK
        -:  453:    assert(rpp_stack_is_rc());
        -:  454:    while (PL_stack_sp > sp) {
        -:  455:        SV *sv = *PL_stack_sp--;
        -:  456:        assert(sv);
        -:  457:        SvREFCNT_dec_NN(sv);
        -:  458:    }
        -:  459:#else
        -:  460:    PL_stack_sp = sp;
        -:  461:#endif
        -:  462:}
        -:  463:
        -:  464:
        -:  465:/*
        -:  466:=for apidoc rpp_popfree_1
        -:  467:
        -:  468:Pop and free the top item on the argument stack and update C<PL_stack_sp>.
        -:  469:
        -:  470:=cut
        -:  471:*/
        -:  472:
        -:  473:PERL_STATIC_INLINE void
        -:  474:Perl_rpp_popfree_1(pTHX)
        -:  475:{
        -:  476:    PERL_ARGS_ASSERT_RPP_POPFREE_1;
        -:  477:
        -:  478:#ifdef PERL_RC_STACK
        -:  479:    assert(rpp_stack_is_rc());
        -:  480:    SV *sv = *PL_stack_sp--;
        -:  481:    SvREFCNT_dec(sv);
        -:  482:#else
        -:  483:    PL_stack_sp--;
        -:  484:#endif
        -:  485:}
        -:  486:
        -:  487:
        -:  488:/*
        -:  489:=for apidoc rpp_popfree_1_NN
        -:  490:
        -:  491:A variant of rpp_popfree_1() which assumes that the pointer being popped
        -:  492:off the stack is non-NULL.
        -:  493:
        -:  494:=cut
        -:  495:*/
        -:  496:
        -:  497:PERL_STATIC_INLINE void
        -:  498:Perl_rpp_popfree_1_NN(pTHX)
        -:  499:{
        -:  500:    PERL_ARGS_ASSERT_RPP_POPFREE_1_NN;
        -:  501:
        -:  502:    assert(*PL_stack_sp);
        -:  503:#ifdef PERL_RC_STACK
        -:  504:    assert(rpp_stack_is_rc());
        -:  505:    SV *sv = *PL_stack_sp--;
        -:  506:    SvREFCNT_dec_NN(sv);
        -:  507:#else
        -:  508:    PL_stack_sp--;
        -:  509:#endif
        -:  510:}
        -:  511:
        -:  512:
        -:  513:/*
        -:  514:=for apidoc rpp_popfree_2
        -:  515:
        -:  516:Pop and free the top two items on the argument stack and update
        -:  517:C<PL_stack_sp>.
        -:  518:
        -:  519:=cut
        -:  520:*/
        -:  521:
        -:  522:
        -:  523:PERL_STATIC_INLINE void
        -:  524:Perl_rpp_popfree_2(pTHX)
        -:  525:{
        -:  526:    PERL_ARGS_ASSERT_RPP_POPFREE_2;
        -:  527:
        -:  528:#ifdef PERL_RC_STACK
        -:  529:    assert(rpp_stack_is_rc());
        -:  530:    for (int i = 0; i < 2; i++) {
        -:  531:        SV *sv = *PL_stack_sp--;
        -:  532:        SvREFCNT_dec(sv);
        -:  533:    }
        -:  534:#else
        -:  535:    PL_stack_sp -= 2;
        -:  536:#endif
        -:  537:}
        -:  538:
        -:  539:
        -:  540:/*
        -:  541:=for apidoc rpp_popfree_2_NN
        -:  542:
        -:  543:A variant of rpp_popfree_2() which assumes that the two pointers being
        -:  544:popped off the stack are non-NULL.
        -:  545:
        -:  546:=cut
        -:  547:*/
        -:  548:
        -:  549:
        -:  550:PERL_STATIC_INLINE void
        -:  551:Perl_rpp_popfree_2_NN(pTHX)
        -:  552:{
        -:  553:    PERL_ARGS_ASSERT_RPP_POPFREE_2_NN;
        -:  554:#ifdef PERL_RC_STACK
        -:  555:    SV *sv2 = *PL_stack_sp--;
        -:  556:    assert(sv2);
        -:  557:    SV *sv1 = *PL_stack_sp;
        -:  558:    assert(sv1);
        -:  559:
        -:  560:    assert(rpp_stack_is_rc());
        -:  561:    U32 rc1 = SvREFCNT(sv1);
        -:  562:    U32 rc2 = SvREFCNT(sv2);
        -:  563:    /* This expression is intended to be true if either of rc1 or rc2 has
        -:  564:     * the value 0 or 1, but using only a single branch test, rather
        -:  565:     * than the two branches that a compiler would plant for a boolean
        -:  566:     * expression. We are working on the assumption that, most of the
        -:  567:     * time, neither of the args to a binary function will need to be
        -:  568:     * freed - they're likely to lex vars, or PADTMPs or whatever.
        -:  569:     * So give the CPU a single branch that is rarely taken. */
        -:  570:    if (UNLIKELY( !(rc1>>1) + !(rc2>>1) ))
        -:  571:        /* at least one of the old SVs needs freeing. Do it the long way */
        -:  572:        Perl_rpp_free_2_(aTHX_ sv1, sv2, rc1, rc2);
        -:  573:    else {
        -:  574:        SvREFCNT(sv1) = rc1 - 1;
        -:  575:        SvREFCNT(sv2) = rc2 - 1;
        -:  576:    }
        -:  577:    PL_stack_sp--;
        -:  578:#else
        -:  579:    PL_stack_sp -= 2;
        -:  580:#endif
        -:  581:}
        -:  582:
        -:  583:
        -:  584:/*
        -:  585:=for apidoc rpp_pop_1_norc
        -:  586:
        -:  587:Pop and return the top item off the argument stack and update
        -:  588:C<PL_stack_sp>. It's similar to rpp_popfree_1(), except that it actually
        -:  589:returns a value, and it I<doesn't> decrement the SV's reference count.
        -:  590:On non-C<PERL_RC_STACK> builds it actually increments the SV's reference
        -:  591:count.
        -:  592:
        -:  593:This is useful in cases where the popped value is immediately embedded
        -:  594:somewhere e.g. via av_store(), allowing you skip decrementing and then
        -:  595:immediately incrementing the reference count again (and risk prematurely
        -:  596:freeing the SV if it had a RC of 1). On non-RC builds, the reference count
        -:  597:bookkeeping still works too, which is why it should be used rather than
        -:  598:a simple C<*PL_stack_sp-->.
        -:  599:
        -:  600:=cut
        -:  601:*/
        -:  602:
        -:  603:PERL_STATIC_INLINE SV*
        -:  604:Perl_rpp_pop_1_norc(pTHX)
        -:  605:{
        -:  606:    PERL_ARGS_ASSERT_RPP_POP_1_NORC
        -:  607:
        -:  608:    SV *sv = *PL_stack_sp--;
        -:  609:
        -:  610:#ifndef PERL_RC_STACK
        -:  611:    SvREFCNT_inc(sv);
        -:  612:#else
        -:  613:    assert(rpp_stack_is_rc());
        -:  614:#endif
        -:  615:    return sv;
        -:  616:}
        -:  617:
        -:  618:
        -:  619:
        -:  620:/*
        -:  621:=for apidoc      rpp_push_1
        -:  622:=for apidoc_item rpp_push_IMM
        -:  623:=for apidoc_item rpp_push_2
        -:  624:=for apidoc_item rpp_xpush_1
        -:  625:=for apidoc_item rpp_xpush_IMM
        -:  626:=for apidoc_item rpp_xpush_2
        -:  627:
        -:  628:Push one or two SVs onto the stack, incrementing their reference counts
        -:  629:and updating C<PL_stack_sp>. With the C<x> variants, it extends the stack
        -:  630:first. The C<IMM> variants assume that the single argument is an immortal
        -:  631:such as <&PL_sv_undef> and, for efficiency, will skip incrementing its
        -:  632:reference count.
        -:  633:
        -:  634:=cut
        -:  635:*/
        -:  636:
        -:  637:PERL_STATIC_INLINE void
        -:  638:Perl_rpp_push_1(pTHX_ SV *sv)
        -:  639:{
        -:  640:    PERL_ARGS_ASSERT_RPP_PUSH_1;
        -:  641:
        -:  642:    *++PL_stack_sp = sv;
        -:  643:#ifdef PERL_RC_STACK
        -:  644:    assert(rpp_stack_is_rc());
        -:  645:    SvREFCNT_inc_simple_void_NN(sv);
        -:  646:#endif
        -:  647:}
        -:  648:
        -:  649:PERL_STATIC_INLINE void
        -:  650:Perl_rpp_push_IMM(pTHX_ SV *sv)
        -:  651:{
        -:  652:    PERL_ARGS_ASSERT_RPP_PUSH_IMM;
        -:  653:
        -:  654:    assert(SvIMMORTAL(sv));
        -:  655:    *++PL_stack_sp = sv;
        -:  656:#ifdef PERL_RC_STACK
        -:  657:    assert(rpp_stack_is_rc());
        -:  658:#endif
        -:  659:}
        -:  660:
        -:  661:PERL_STATIC_INLINE void
        -:  662:Perl_rpp_push_2(pTHX_ SV *sv1, SV *sv2)
        -:  663:{
        -:  664:    PERL_ARGS_ASSERT_RPP_PUSH_2;
        -:  665:
        -:  666:    *++PL_stack_sp = sv1;
        -:  667:    *++PL_stack_sp = sv2;
        -:  668:#ifdef PERL_RC_STACK
        -:  669:    assert(rpp_stack_is_rc());
        -:  670:    SvREFCNT_inc_simple_void_NN(sv1);
        -:  671:    SvREFCNT_inc_simple_void_NN(sv2);
        -:  672:#endif
        -:  673:}
        -:  674:
        -:  675:PERL_STATIC_INLINE void
        -:  676:Perl_rpp_xpush_1(pTHX_ SV *sv)
        -:  677:{
        -:  678:    PERL_ARGS_ASSERT_RPP_XPUSH_1;
        -:  679:
        -:  680:    rpp_extend(1);
        -:  681:    rpp_push_1(sv);
        -:  682:}
        -:  683:
        -:  684:PERL_STATIC_INLINE void
        -:  685:Perl_rpp_xpush_IMM(pTHX_ SV *sv)
        -:  686:{
        -:  687:    PERL_ARGS_ASSERT_RPP_XPUSH_IMM;
        -:  688:
        -:  689:    rpp_extend(1);
        -:  690:    rpp_push_IMM(sv);
        -:  691:}
        -:  692:
        -:  693:PERL_STATIC_INLINE void
        -:  694:Perl_rpp_xpush_2(pTHX_ SV *sv1, SV *sv2)
        -:  695:{
        -:  696:    PERL_ARGS_ASSERT_RPP_XPUSH_2;
        -:  697:
        -:  698:    rpp_extend(2);
        -:  699:    rpp_push_2(sv1, sv2);
        -:  700:}
        -:  701:
        -:  702:
        -:  703:/*
        -:  704:=for apidoc rpp_push_1_norc
        -:  705:
        -:  706:Push C<sv> onto the stack without incrementing its reference count, and
        -:  707:update C<PL_stack_sp>. On non-PERL_RC_STACK builds, mortalise too.
        -:  708:
        -:  709:This is most useful where an SV has just been created and already has a
        -:  710:reference count of 1, but has not yet been anchored anywhere.
        -:  711:
        -:  712:=cut
        -:  713:*/
        -:  714:
        -:  715:PERL_STATIC_INLINE void
        -:  716:Perl_rpp_push_1_norc(pTHX_ SV *sv)
        -:  717:{
        -:  718:    PERL_ARGS_ASSERT_RPP_PUSH_1;
        -:  719:
        -:  720:    *++PL_stack_sp = sv;
        -:  721:#ifdef PERL_RC_STACK
        -:  722:    assert(rpp_stack_is_rc());
        -:  723:#else
        -:  724:    sv_2mortal(sv);
        -:  725:#endif
        -:  726:}
        -:  727:
        -:  728:
        -:  729:/*
        -:  730:=for apidoc      rpp_replace_1_1
        -:  731:=for apidoc_item rpp_replace_1_1_NN
        -:  732:=for apidoc_item rpp_replace_1_IMM_NN
        -:  733:
        -:  734:Replace the current top stack item with C<sv>, while suitably adjusting
        -:  735:reference counts. Equivalent to rpp_popfree_1(); rpp_push_1(sv), but
        -:  736:is more efficient and handles both SVs being the same.
        -:  737:
        -:  738:The C<_NN> variant assumes that the pointer on the stack to the SV being
        -:  739:freed is non-NULL.
        -:  740:
        -:  741:The C<IMM_NN> variant is like the C<_NN> variant, but in addition, assumes
        -:  742:that the single argument is an immortal such as <&PL_sv_undef> and, for
        -:  743:efficiency, will skip incrementing its reference count.
        -:  744:
        -:  745:=cut
        -:  746:*/
        -:  747:
        -:  748:PERL_STATIC_INLINE void
        -:  749:Perl_rpp_replace_1_1(pTHX_ SV *sv)
        -:  750:{
        -:  751:    PERL_ARGS_ASSERT_RPP_REPLACE_1_1;
        -:  752:
        -:  753:    assert(sv);
        -:  754:#ifdef PERL_RC_STACK
        -:  755:    assert(rpp_stack_is_rc());
        -:  756:    SV *oldsv = *PL_stack_sp;
        -:  757:    *PL_stack_sp = sv;
        -:  758:    SvREFCNT_inc_simple_void_NN(sv);
        -:  759:    SvREFCNT_dec(oldsv);
        -:  760:#else
        -:  761:    *PL_stack_sp = sv;
        -:  762:#endif
        -:  763:}
        -:  764:
        -:  765:
        -:  766:PERL_STATIC_INLINE void
        -:  767:Perl_rpp_replace_1_1_NN(pTHX_ SV *sv)
        -:  768:{
        -:  769:    PERL_ARGS_ASSERT_RPP_REPLACE_1_1_NN;
        -:  770:
        -:  771:    assert(sv);
        -:  772:    assert(*PL_stack_sp);
        -:  773:#ifdef PERL_RC_STACK
        -:  774:    assert(rpp_stack_is_rc());
        -:  775:    SV *oldsv = *PL_stack_sp;
        -:  776:    *PL_stack_sp = sv;
        -:  777:    SvREFCNT_inc_simple_void_NN(sv);
        -:  778:    SvREFCNT_dec_NN(oldsv);
        -:  779:#else
        -:  780:    *PL_stack_sp = sv;
        -:  781:#endif
        -:  782:}
        -:  783:
        -:  784:
        -:  785:PERL_STATIC_INLINE void
        -:  786:Perl_rpp_replace_1_IMM_NN(pTHX_ SV *sv)
        -:  787:{
        -:  788:    PERL_ARGS_ASSERT_RPP_REPLACE_1_IMM_NN;
        -:  789:
        -:  790:    assert(sv);
        -:  791:    assert(SvIMMORTAL(sv));
        -:  792:    assert(*PL_stack_sp);
        -:  793:#ifdef PERL_RC_STACK
        -:  794:    assert(rpp_stack_is_rc());
        -:  795:    SV *oldsv = *PL_stack_sp;
        -:  796:    *PL_stack_sp = sv;
        -:  797:    SvREFCNT_dec_NN(oldsv);
        -:  798:#else
        -:  799:    *PL_stack_sp = sv;
        -:  800:#endif
        -:  801:}
        -:  802:
        -:  803:
        -:  804:/*
        -:  805:=for apidoc      rpp_replace_2_1
        -:  806:=for apidoc_item rpp_replace_2_1_NN
        -:  807:=for apidoc_item rpp_replace_2_IMM_NN
        -:  808:
        -:  809:Replace the current top to stacks item with C<sv>, while suitably
        -:  810:adjusting reference counts. Equivalent to rpp_popfree_2(); rpp_push_1(sv),
        -:  811:but is more efficient and handles SVs being the same.
        -:  812:
        -:  813:The C<_NN> variant assumes that the pointers on the stack to the SVs being
        -:  814:freed are non-NULL.
        -:  815:
        -:  816:The C<IMM_NN> variant is like the C<_NN> variant, but in addition, assumes
        -:  817:that the single argument is an immortal such as <&PL_sv_undef> and, for
        -:  818:efficiency, will skip incrementing its reference count.
        -:  819:=cut
        -:  820:*/
        -:  821:
        -:  822:PERL_STATIC_INLINE void
        -:  823:Perl_rpp_replace_2_1(pTHX_ SV *sv)
        -:  824:{
        -:  825:    PERL_ARGS_ASSERT_RPP_REPLACE_2_1;
        -:  826:
        -:  827:#ifdef PERL_RC_STACK
        -:  828:    assert(rpp_stack_is_rc());
        -:  829:    /* replace PL_stack_sp[-1] first; leave PL_stack_sp[0] in place while
        -:  830:     * we free [-1], so if an exception occurs, [0] will still be freed.
        -:  831:     */
        -:  832:    SV *oldsv = PL_stack_sp[-1];
        -:  833:    PL_stack_sp[-1] = sv;
        -:  834:    SvREFCNT_inc_simple_void_NN(sv);
        -:  835:    SvREFCNT_dec(oldsv);
        -:  836:    oldsv = *PL_stack_sp--;
        -:  837:    SvREFCNT_dec(oldsv);
        -:  838:#else
        -:  839:    *--PL_stack_sp = sv;
        -:  840:#endif
        -:  841:}
        -:  842:
        -:  843:
        -:  844:/* Private helper function for _NN and _IMM_NN variants.
        -:  845: * Assumes sv has already had its ref count incremented,
        -:  846: * ready for being put on the stack.
        -:  847: * Intended to be small and fast, since it's inlined into many hot parts of
        -:  848: * code.
        -:  849: */
        -:  850:
        -:  851:PERL_STATIC_INLINE void
        -:  852:Perl_rpp_replace_2_1_COMMON(pTHX_ SV *sv)
        -:  853:{
        -:  854:
        -:  855:    assert(sv);
        -:  856:#ifdef PERL_RC_STACK
        -:  857:    SV *sv2 = *PL_stack_sp--;
        -:  858:    assert(sv2);
        -:  859:    SV *sv1 = *PL_stack_sp;
        -:  860:    assert(sv1);
        -:  861:
        -:  862:    *PL_stack_sp = sv;
        -:  863:    assert(rpp_stack_is_rc());
        -:  864:    U32 rc1 = SvREFCNT(sv1);
        -:  865:    U32 rc2 = SvREFCNT(sv2);
        -:  866:    /* This expression is intended to be true if either of rc1 or rc2 has
        -:  867:     * the value 0 or 1, but using only a single branch test, rather
        -:  868:     * than the two branches that a compiler would plant for a boolean
        -:  869:     * expression. We are working on the assumption that, most of the
        -:  870:     * time, neither of the args to a binary function will need to be
        -:  871:     * freed - they're likely to lex vars, or PADTMPs or whatever.
        -:  872:     * So give the CPU a single branch that is rarely taken. */
        -:  873:    if (UNLIKELY( !(rc1>>1) + !(rc2>>1) ))
        -:  874:        /* at least one of the old SVs needs freeing. Do it the long way */
        -:  875:        Perl_rpp_free_2_(aTHX_ sv1, sv2, rc1, rc2);
        -:  876:    else {
        -:  877:        SvREFCNT(sv1) = rc1 - 1;
        -:  878:        SvREFCNT(sv2) = rc2 - 1;
        -:  879:    }
        -:  880:#else
        -:  881:    *--PL_stack_sp = sv;
        -:  882:#endif
        -:  883:}
        -:  884:
        -:  885:
        -:  886:PERL_STATIC_INLINE void
        -:  887:Perl_rpp_replace_2_1_NN(pTHX_ SV *sv)
        -:  888:{
        -:  889:    PERL_ARGS_ASSERT_RPP_REPLACE_2_1_NN;
        -:  890:
        -:  891:    assert(sv);
        -:  892:#ifdef PERL_RC_STACK
        -:  893:    SvREFCNT_inc_simple_void_NN(sv);
        -:  894:#endif
        -:  895:    rpp_replace_2_1_COMMON(sv);
        -:  896:}
        -:  897:
        -:  898:
        -:  899:PERL_STATIC_INLINE void
        -:  900:Perl_rpp_replace_2_IMM_NN(pTHX_ SV *sv)
        -:  901:{
        -:  902:    PERL_ARGS_ASSERT_RPP_REPLACE_2_IMM_NN;
        -:  903:
        -:  904:    assert(sv);
        -:  905:    assert(SvIMMORTAL(sv));
        -:  906:    rpp_replace_2_1_COMMON(sv);
        -:  907:}
        -:  908:
        -:  909:
        -:  910:/*
        -:  911:=for apidoc rpp_replace_at
        -:  912:
        -:  913:Replace the SV at address sp within the stack with C<sv>, while suitably
        -:  914:adjusting reference counts. Equivalent to C<*sp = sv>, except with proper
        -:  915:reference count handling.
        -:  916:
        -:  917:=cut
        -:  918:*/
        -:  919:
        -:  920:PERL_STATIC_INLINE void
        -:  921:Perl_rpp_replace_at(pTHX_ SV **sp, SV *sv)
        -:  922:{
        -:  923:    PERL_ARGS_ASSERT_RPP_REPLACE_AT;
        -:  924:
        -:  925:#ifdef PERL_RC_STACK
        -:  926:    assert(rpp_stack_is_rc());
        -:  927:    SV *oldsv = *sp;
        -:  928:    *sp = sv;
        -:  929:    SvREFCNT_inc_simple_void_NN(sv);
        -:  930:    SvREFCNT_dec(oldsv);
        -:  931:#else
        -:  932:    *sp = sv;
        -:  933:#endif
        -:  934:}
        -:  935:
        -:  936:
        -:  937:/*
        -:  938:=for apidoc rpp_replace_at_NN
        -:  939:
        -:  940:A variant of rpp_replace_at() which assumes that the SV pointer on the
        -:  941:stack is non-NULL.
        -:  942:
        -:  943:=cut
        -:  944:*/
        -:  945:
        -:  946:PERL_STATIC_INLINE void
        -:  947:Perl_rpp_replace_at_NN(pTHX_ SV **sp, SV *sv)
        -:  948:{
        -:  949:    PERL_ARGS_ASSERT_RPP_REPLACE_AT_NN;
        -:  950:
        -:  951:    assert(sv);
        -:  952:    assert(*sp);
        -:  953:#ifdef PERL_RC_STACK
        -:  954:    assert(rpp_stack_is_rc());
        -:  955:    SV *oldsv = *sp;
        -:  956:    *sp = sv;
        -:  957:    SvREFCNT_inc_simple_void_NN(sv);
        -:  958:    SvREFCNT_dec_NN(oldsv);
        -:  959:#else
        -:  960:    *sp = sv;
        -:  961:#endif
        -:  962:}
        -:  963:
        -:  964:
        -:  965:/*
        -:  966:=for apidoc rpp_replace_at_norc
        -:  967:
        -:  968:Replace the SV at address sp within the stack with C<sv>, while suitably
        -:  969:adjusting the reference count of the old SV. Equivalent to C<*sp = sv>,
        -:  970:except with proper reference count handling.
        -:  971:
        -:  972:C<sv>'s reference count doesn't get incremented. On non-C<PERL_RC_STACK>
        -:  973:builds, it gets mortalised too.
        -:  974:
        -:  975:This is most useful where an SV has just been created and already has a
        -:  976:reference count of 1, but has not yet been anchored anywhere.
        -:  977:
        -:  978:=cut
        -:  979:*/
        -:  980:
        -:  981:PERL_STATIC_INLINE void
        -:  982:Perl_rpp_replace_at_norc(pTHX_ SV **sp, SV *sv)
        -:  983:{
        -:  984:    PERL_ARGS_ASSERT_RPP_REPLACE_AT_NORC;
        -:  985:
        -:  986:#ifdef PERL_RC_STACK
        -:  987:    assert(rpp_stack_is_rc());
        -:  988:    SV *oldsv = *sp;
        -:  989:    *sp = sv;
        -:  990:    SvREFCNT_dec(oldsv);
        -:  991:#else
        -:  992:    *sp = sv;
        -:  993:    sv_2mortal(sv);
        -:  994:#endif
        -:  995:}
        -:  996:
        -:  997:
        -:  998:/*
        -:  999:=for apidoc rpp_replace_at_norc_NN
        -: 1000:
        -: 1001:A variant of rpp_replace_at_norc() which assumes that the SV pointer on the
        -: 1002:stack is non-NULL.
        -: 1003:
        -: 1004:=cut
        -: 1005:*/
        -: 1006:
        -: 1007:PERL_STATIC_INLINE void
        -: 1008:Perl_rpp_replace_at_norc_NN(pTHX_ SV **sp, SV *sv)
        -: 1009:{
        -: 1010:    PERL_ARGS_ASSERT_RPP_REPLACE_AT_NORC_NN;
        -: 1011:
        -: 1012:    assert(*sp);
        -: 1013:#ifdef PERL_RC_STACK
        -: 1014:    assert(rpp_stack_is_rc());
        -: 1015:    SV *oldsv = *sp;
        -: 1016:    *sp = sv;
        -: 1017:    SvREFCNT_dec_NN(oldsv);
        -: 1018:#else
        -: 1019:    *sp = sv;
        -: 1020:    sv_2mortal(sv);
        -: 1021:#endif
        -: 1022:}
        -: 1023:
        -: 1024:
        -: 1025:/*
        -: 1026:=for apidoc rpp_context
        -: 1027:
        -: 1028:Impose void, scalar or list context on the stack.
        -: 1029:First, pop C<extra> items off the stack, then when C<gimme> is:
        -: 1030:C<G_LIST>:   return as-is.
        -: 1031:C<G_VOID>:   pop everything back to C<mark>
        -: 1032:C<G_SCALAR>: move the top stack item (or C<&PL_sv_undef> if none) to
        -: 1033:C<mark+1> and free everything above it.
        -: 1034:
        -: 1035:=cut
        -: 1036:*/
        -: 1037:
        -: 1038:PERL_STATIC_INLINE void
        -: 1039:Perl_rpp_context(pTHX_ SV **mark, U8 gimme, SSize_t extra)
        -: 1040:{
        -: 1041:    PERL_ARGS_ASSERT_RPP_CONTEXT;
        -: 1042:    assert(extra >= 0);
        -: 1043:    assert(mark <= PL_stack_sp - extra);
        -: 1044:
        -: 1045:    if (gimme == G_LIST)
        -: 1046:        mark = PL_stack_sp - extra;
        -: 1047:    else if (gimme == G_SCALAR) {
        -: 1048:        SV **svp = PL_stack_sp - extra;
        -: 1049:        mark++;
        -: 1050:        if (mark > svp) {
        -: 1051:            /* empty list (plus extra) */
        -: 1052:            rpp_popfree_to(svp);
        -: 1053:            rpp_extend(1);
        -: 1054:            *++PL_stack_sp = &PL_sv_undef;
        -: 1055:            return;
        -: 1056:        }
        -: 1057:        /* swap top and bottom list items */
        -: 1058:        SV *top = *svp;
        -: 1059:        *svp = *mark;
        -: 1060:        *mark = top;
        -: 1061:     }
        -: 1062:    rpp_popfree_to(mark);
        -: 1063:}
        -: 1064:
        -: 1065:
        -: 1066:
        -: 1067:
        -: 1068:/*
        -: 1069:=for apidoc      rpp_try_AMAGIC_1
        -: 1070:=for apidoc_item rpp_try_AMAGIC_2
        -: 1071:
        -: 1072:Check whether either of the one or two SVs at the top of the stack is
        -: 1073:magical or a ref, and in either case handle it specially: invoke get
        -: 1074:magic, call an overload method, or replace a ref with a temporary numeric
        -: 1075:value, as appropriate. If this function returns true, it indicates that
        -: 1076:the correct return value is already on the stack. Intended to be used at
        -: 1077:the beginning of the PP function for unary or binary ops.
        -: 1078:
        -: 1079:=cut
        -: 1080:*/
        -: 1081:
        -: 1082:PERL_STATIC_INLINE bool
        -: 1083:Perl_rpp_try_AMAGIC_1(pTHX_ int method, int flags)
        -: 1084:{
        -: 1085:    return    UNLIKELY((SvFLAGS(*PL_stack_sp) & (SVf_ROK|SVs_GMG)))
        -: 1086:           && Perl_try_amagic_un(aTHX_ method, flags);
        -: 1087:}
        -: 1088:
        -: 1089:PERL_STATIC_INLINE bool
        -: 1090:Perl_rpp_try_AMAGIC_2(pTHX_ int method, int flags)
        -: 1091:{
        -: 1092:    return    UNLIKELY(((SvFLAGS(PL_stack_sp[-1])|SvFLAGS(PL_stack_sp[0]))
        -: 1093:                     & (SVf_ROK|SVs_GMG)))
        -: 1094:           && Perl_try_amagic_bin(aTHX_ method, flags);
        -: 1095:}
        -: 1096:
        -: 1097:
        -: 1098:/*
        -: 1099:=for apidoc rpp_stack_is_rc
        -: 1100:
        -: 1101:Returns a boolean value indicating whether the stack is currently
        -: 1102:reference-counted. Note that if the stack is split (bottom half RC, top
        -: 1103:half non-RC), this function returns false, even if the top half currently
        -: 1104:contains zero items.
        -: 1105:
        -: 1106:=cut
        -: 1107:*/
        -: 1108:
        -: 1109:PERL_STATIC_INLINE bool
        -: 1110:Perl_rpp_stack_is_rc(pTHX)
        -: 1111:{
        -: 1112:#ifdef PERL_RC_STACK
        -: 1113:    return AvREAL(PL_curstack) && !PL_curstackinfo->si_stack_nonrc_base;
        -: 1114:#else
        -: 1115:    return 0;
        -: 1116:#endif
        -: 1117:
        -: 1118:}
        -: 1119:
        -: 1120:
        -: 1121:/*
        -: 1122:=for apidoc rpp_is_lone
        -: 1123:
        -: 1124:Indicates whether the stacked SV C<sv> (assumed to be not yet popped off
        -: 1125:the stack) is only kept alive due to a single reference from the argument
        -: 1126:stack and/or and the temps stack.
        -: 1127:
        -: 1128:This can used for example to decide whether the copying of return values
        -: 1129:in rvalue context can be skipped, or whether it shouldn't be assigned to
        -: 1130:in lvalue context.
        -: 1131:
        -: 1132:=cut
        -: 1133:*/
        -: 1134:
        -: 1135:PERL_STATIC_INLINE bool
        -: 1136:Perl_rpp_is_lone(pTHX_ SV *sv)
        -: 1137:{
        -: 1138:#ifdef PERL_RC_STACK
        -: 1139:    /* note that rpp_is_lone() can be used in wrapped pp functions,
        -: 1140:     * where technically the stack is no longer ref-counted; but because
        -: 1141:     * the args are non-RC copies of RC args further down the stack, we
        -: 1142:     * can't be in a *completely* non-ref stack.
        -: 1143:     */
        -: 1144:    assert(AvREAL(PL_curstack));
        -: 1145:#endif
        -: 1146:
        -: 1147:    return SvREFCNT(sv) <= (U32)cBOOL(SvTEMP(sv))
        -: 1148:#ifdef PERL_RC_STACK
        -: 1149:                         + 1u
        -: 1150:            && !SvIMMORTAL(sv) /* PL_sv_undef etc are never stealable */
        -: 1151:#endif
        -: 1152:    ;
        -: 1153:}
        -: 1154:
        -: 1155:
        -: 1156:/*
        -: 1157:=for apidoc rpp_invoke_xs
        -: 1158:
        -: 1159:Call the XS function associated with C<cv>. Wraps the call if necessary to
        -: 1160:handle XS functions which are not aware of reference-counted stacks.
        -: 1161:
        -: 1162:=cut
        -: 1163:*/
        -: 1164:
        -: 1165:
        -: 1166:PERL_STATIC_INLINE void
        -: 1167:Perl_rpp_invoke_xs(pTHX_ CV *cv)
        -: 1168:{
        -: 1169:    PERL_ARGS_ASSERT_RPP_INVOKE_XS;
        -: 1170:
        -: 1171:#ifdef PERL_RC_STACK
        -: 1172:    if (!CvXS_RCSTACK(cv))
        -: 1173:        Perl_xs_wrap(aTHX_ CvXSUB(cv), cv);
        -: 1174:    else
        -: 1175:#endif
        -: 1176:        CvXSUB(cv)(aTHX_ cv);
        -: 1177:}
        -: 1178:
        -: 1179:
        -: 1180:/* for SvCANEXISTDELETE() macro in pp.h */
        -: 1181:PERL_STATIC_INLINE bool
        -: 1182:Perl_sv_can_existdelete(pTHX_ SV *sv)
        -: 1183:{
        -: 1184:    /* Anything without tie magic is fine */
        -: 1185:    MAGIC *mg;
        -: 1186:    if(!SvRMAGICAL(sv) || !(mg = mg_find(sv, PERL_MAGIC_tied)))
        -: 1187:        return true;
        -: 1188:
        -: 1189:    HV *stash = SvSTASH(SvRV(SvTIED_obj(sv, mg)));
        -: 1190:    return stash &&
        -: 1191:        gv_fetchmethod_autoload(stash, "EXISTS", TRUE) &&
        -: 1192:        gv_fetchmethod_autoload(stash, "DELETE", TRUE);
        -: 1193:}
        -: 1194:
        -: 1195:
        -: 1196:/* ----------------------------- regexp.h ----------------------------- */
        -: 1197:
        -: 1198:/* PVLVs need to act as a superset of all scalar types - they are basically
        -: 1199: * PVMGs with a few extra fields.
        -: 1200: * REGEXPs are first class scalars, but have many fields that can't be copied
        -: 1201: * into a PVLV body.
        -: 1202: *
        -: 1203: * Hence we take a different approach - instead of a copy, PVLVs store a pointer
        -: 1204: * back to the original body. To avoid increasing the size of PVLVs just for the
        -: 1205: * rare case of REGEXP assignment, this pointer is stored in the memory usually
        -: 1206: * used for SvLEN(). Hence the check for SVt_PVLV below, and the ? : ternary to
        -: 1207: * read the pointer from the two possible locations. The macro SvLEN() wraps the
        -: 1208: * access to the union's member xpvlenu_len, but there is no equivalent macro
        -: 1209: * for wrapping the union's member xpvlenu_rx, hence the direct reference here.
        -: 1210: *
        -: 1211: * See commit df6b4bd56551f2d3 for more details. */
        -: 1212:
        -: 1213:PERL_STATIC_INLINE struct regexp *
        -: 1214:Perl_ReANY(const REGEXP * const re)
        -: 1215:{
        -: 1216:    XPV* const p = (XPV*)SvANY(re);
        -: 1217:
        -: 1218:    PERL_ARGS_ASSERT_REANY;
        -: 1219:    assert(isREGEXP(re));
        -: 1220:
        -: 1221:    return SvTYPE(re) == SVt_PVLV ? p->xpv_len_u.xpvlenu_rx
        -: 1222:                                   : (struct regexp *)p;
        -: 1223:}
        -: 1224:
        -: 1225:/* ------------------------------- utf8.h ------------------------------- */
        -: 1226:
        -: 1227:/*
        -: 1228:=for apidoc_section $unicode
        -: 1229:*/
        -: 1230:
        -: 1231:PERL_STATIC_INLINE void
        -: 1232:Perl_append_utf8_from_native_byte(const U8 byte, U8** dest)
        -: 1233:{
        -: 1234:    /* Takes an input 'byte' (Latin1 or EBCDIC) and appends it to the UTF-8
        -: 1235:     * encoded string at '*dest', updating '*dest' to include it */
        -: 1236:
        -: 1237:    PERL_ARGS_ASSERT_APPEND_UTF8_FROM_NATIVE_BYTE;
        -: 1238:
        -: 1239:    if (NATIVE_BYTE_IS_INVARIANT(byte))
        -: 1240:        *((*dest)++) = byte;
        -: 1241:    else {
        -: 1242:        *((*dest)++) = UTF8_EIGHT_BIT_HI(byte);
        -: 1243:        *((*dest)++) = UTF8_EIGHT_BIT_LO(byte);
        -: 1244:    }
        -: 1245:}
        -: 1246:
        -: 1247:PERL_STATIC_INLINE U8 *
        -: 1248:Perl_bytes_to_utf8(pTHX_ const U8 *s, STRLEN *lenp)
        -: 1249:{
        -: 1250:    return bytes_to_utf8_free_me(s, lenp, NULL);
        -: 1251:}
        -: 1252:
        -: 1253:PERL_STATIC_INLINE U8 *
        -: 1254:Perl_bytes_to_utf8_temp_pv(pTHX_ const U8 *s, STRLEN *lenp)
        -: 1255:{
        -: 1256:    void * free_me = NULL;
        -: 1257:    U8 * converted = bytes_to_utf8_free_me(s, lenp, &free_me);
        -: 1258:
        -: 1259:    if (free_me) {
        -: 1260:        SAVEFREEPV(free_me);
        -: 1261:    }
        -: 1262:
        -: 1263:    return converted;
        -: 1264:}
        -: 1265:
        -: 1266:PERL_STATIC_INLINE bool
        -: 1267:Perl_utf8_to_bytes_new_pv(pTHX_ U8 const **s_ptr, STRLEN *lenp, void ** free_me)
        -: 1268:{
        -: 1269:    /* utf8_to_bytes_() is declared to take a non-const s_ptr because it may
        -: 1270:     * change it, but NOT when called with PL_utf8_to_bytes_new_memory, so it
        -: 1271:     * is ok to cast away const */
        -: 1272:    return utf8_to_bytes_((U8 **) s_ptr, lenp, free_me,
        -: 1273:                          PL_utf8_to_bytes_new_memory);
        -: 1274:}
        -: 1275:
        -: 1276:PERL_STATIC_INLINE bool
        -: 1277:Perl_utf8_to_bytes_temp_pv(pTHX_ U8 const **s_ptr, STRLEN *lenp)
        -: 1278:{
        -: 1279:    /* utf8_to_bytes_() requires a non-NULL pointer, but doesn't use it when
        -: 1280:     * called with PL_utf8_to_bytes_use_temporary */
        -: 1281:    void* dummy = NULL;
        -: 1282:
        -: 1283:    /* utf8_to_bytes_() is declared to take a non-const s_ptr because it may
        -: 1284:     * change it, but NOT when called with PL_utf8_to_bytes_use_temporary, so
        -: 1285:     * it is ok to cast away const */
        -: 1286:    return utf8_to_bytes_((U8 **) s_ptr, lenp, &dummy,
        -: 1287:                          PL_utf8_to_bytes_use_temporary);
        -: 1288:}
        -: 1289:
        -: 1290:PERL_STATIC_INLINE bool
        -: 1291:Perl_utf8_to_bytes_overwrite(pTHX_ U8 **s_ptr, STRLEN *lenp)
        -: 1292:{
        -: 1293:    /* utf8_to_bytes_() requires a non-NULL pointer, but doesn't use it when
        -: 1294:     * called with PL_utf8_to_bytes_overwrite */
        -: 1295:    void* dummy = NULL;
        -: 1296:
        -: 1297:    return utf8_to_bytes_(s_ptr, lenp, &dummy, PL_utf8_to_bytes_overwrite);
        -: 1298:}
        -: 1299:
        -: 1300:/*
        -: 1301:=for apidoc valid_utf8_to_uvchr
        -: 1302:Like C<L<perlapi/utf8_to_uv>>, but should only be called when it is
        -: 1303:known that the next character in the input UTF-8 string C<s> is well-formed
        -: 1304:(I<e.g.>, it passes C<L<perlapi/isUTF8_CHAR>>.  Surrogates, non-character code
        -: 1305:points, and non-Unicode code points are allowed.
        -: 1306:
        -: 1307:=cut
        -: 1308:
        -: 1309: */
        -: 1310:
        -: 1311:PERL_STATIC_INLINE UV
        -: 1312:Perl_valid_utf8_to_uvchr(const U8 *s, STRLEN *retlen)
        -: 1313:{
        -: 1314:    const UV expectlen = UTF8SKIP(s);
        -: 1315:    const U8* send = s + expectlen;
        -: 1316:    UV uv = *s;
        -: 1317:
        -: 1318:    PERL_ARGS_ASSERT_VALID_UTF8_TO_UVCHR;
        -: 1319:
        -: 1320:    if (retlen) {
        -: 1321:        *retlen = expectlen;
        -: 1322:    }
        -: 1323:
        -: 1324:    /* An invariant is trivially returned */
        -: 1325:    if (expectlen == 1) {
        -: 1326:        return uv;
        -: 1327:    }
        -: 1328:
        -: 1329:    /* Remove the leading bits that indicate the number of bytes, leaving just
        -: 1330:     * the bits that are part of the value */
        -: 1331:    uv = NATIVE_UTF8_TO_I8(uv) & UTF_START_MASK(expectlen);
        -: 1332:
        -: 1333:    /* Now, loop through the remaining bytes, accumulating each into the
        -: 1334:     * working total as we go.  (I khw tried unrolling the loop for up to 4
        -: 1335:     * bytes, but there was no performance improvement) */
        -: 1336:    for (++s; s < send; s++) {
        -: 1337:        uv = UTF8_ACCUMULATE(uv, *s);
        -: 1338:    }
        -: 1339:
        -: 1340:    return UNI_TO_NATIVE(uv);
        -: 1341:
        -: 1342:}
        -: 1343:
        -: 1344:/* This looks like 0x010101... */
        -: 1345:#  define PERL_COUNT_MULTIPLIER   (~ (UINTMAX_C(0)) / 0xFF)
        -: 1346:
        -: 1347:/* This looks like 0x808080... */
        -: 1348:#  define PERL_VARIANTS_WORD_MASK (PERL_COUNT_MULTIPLIER * 0x80)
        -: 1349:#  define PERL_WORDSIZE            sizeof(PERL_UINTMAX_T)
        -: 1350:#  define PERL_WORD_BOUNDARY_MASK (PERL_WORDSIZE - 1)
        -: 1351:
        -: 1352:/* Evaluates to 0 if 'x' is at a word boundary; otherwise evaluates to 1, by
        -: 1353: * or'ing together the lowest bits of 'x'.  Hopefully the final term gets
        -: 1354: * optimized out completely on a 32-bit system, and its mask gets optimized out
        -: 1355: * on a 64-bit system */
        -: 1356:#  define PERL_IS_SUBWORD_ADDR(x) (1 & (       PTR2nat(x)                     \
        -: 1357:                                      |   (  PTR2nat(x) >> 1)                 \
        -: 1358:                                      | ( ( (PTR2nat(x)                       \
        -: 1359:                                           & PERL_WORD_BOUNDARY_MASK) >> 2))))
        -: 1360:
        -: 1361:/*
        -: 1362:=for apidoc      is_utf8_invariant_string
        -: 1363:=for apidoc_item is_utf8_invariant_string_loc
        -: 1364:=for apidoc_item is_ascii_string
        -: 1365:=for apidoc_item is_invariant_string
        -: 1366:
        -: 1367:These each return TRUE if the first C<len> bytes of the string C<s> are the
        -: 1368:same regardless of the UTF-8 encoding of the string (or UTF-EBCDIC encoding on
        -: 1369:EBCDIC machines); otherwise they returns FALSE.  That is, they return TRUE if
        -: 1370:they are UTF-8 invariant.  On ASCII-ish machines, all the ASCII characters and
        -: 1371:only the ASCII characters fit this definition.  On EBCDIC machines, the
        -: 1372:ASCII-range characters are invariant, but so also are the C1 controls.
        -: 1373:
        -: 1374:If C<len> is 0, it will be calculated using C<strlen(s)>, (which means if you
        -: 1375:use this option, that C<s> can't have embedded C<NUL> characters and has to
        -: 1376:have a terminating C<NUL> byte).
        -: 1377:
        -: 1378:All forms except C<is_utf8_invariant_string_loc> have identical behavior.  The
        -: 1379:only difference with it is that it has an extra pointer parameter, C<ep>, into
        -: 1380:which, if it isn't NULL, the location of the first UTF-8 variant character in
        -: 1381:the C<ep> pointer will be stored upon failure.  If all characters are UTF-8
        -: 1382:invariant, this function does not change the contents of C<*ep>.
        -: 1383:
        -: 1384:C<is_invariant_string> is somewhat misleadingly named.
        -: 1385:C<is_utf8_invariant_string> is preferred, as it indicates under what conditions
        -: 1386:the string is invariant.
        -: 1387:
        -: 1388:C<is_ascii_string> is misleadingly-named.  On ASCII-ish platforms, the name
        -: 1389:isn't misleading: the ASCII-range characters are exactly the UTF-8 invariants.
        -: 1390:But EBCDIC machines have more UTF-8 invariants than just the ASCII characters,
        -: 1391:so the name C<is_utf8_invariant_string> is preferred.
        -: 1392:
        -: 1393:See also
        -: 1394:C<L</is_utf8_string>> and C<L</is_utf8_fixed_width_buf_flags>>.
        -: 1395:
        -: 1396:=for apidoc_defn ARTm|bool|is_utf8_invariant_string|NN const U8 * const s|STRLEN len
        -: 1397:
        -: 1398:=cut
        -: 1399:
        -: 1400:*/
        -: 1401:
        -: 1402:#define is_utf8_invariant_string(s, len)                                    \
        -: 1403:                                is_utf8_invariant_string_loc(s, len, NULL)
        -: 1404:
        -: 1405:PERL_STATIC_INLINE bool
        -: 1406:Perl_is_utf8_invariant_string_loc(const U8* const s, STRLEN len, const U8 ** ep)
        -: 1407:{
        -: 1408:    const U8* send;
        -: 1409:    const U8* x = s;
        -: 1410:
        -: 1411:    PERL_ARGS_ASSERT_IS_UTF8_INVARIANT_STRING_LOC;
        -: 1412:
        -: 1413:    if (len == 0) {
        -: 1414:        len = strlen((const char *)s);
        -: 1415:    }
        -: 1416:
        -: 1417:    send = s + len;
        -: 1418:
        -: 1419:#ifndef EBCDIC
        -: 1420:
        -: 1421:    /* Do the word-at-a-time iff there is at least one usable full word.  That
        -: 1422:     * means that after advancing to a word boundary, there still is at least a
        -: 1423:     * full word left.  The number of bytes needed to advance is 'wordsize -
        -: 1424:     * offset' unless offset is 0. */
        -: 1425:    if ((STRLEN) (send - x) >= PERL_WORDSIZE
        -: 1426:
        -: 1427:                            /* This term is wordsize if subword; 0 if not */
        -: 1428:                          + PERL_WORDSIZE * PERL_IS_SUBWORD_ADDR(x)
        -: 1429:
        -: 1430:                            /* 'offset' */
        -: 1431:                          - (PTR2nat(x) & PERL_WORD_BOUNDARY_MASK))
        -: 1432:    {
        -: 1433:
        -: 1434:        /* Process per-byte until reach word boundary.  XXX This loop could be
        -: 1435:         * eliminated if we knew that this platform had fast unaligned reads */
        -: 1436:        while (PTR2nat(x) & PERL_WORD_BOUNDARY_MASK) {
        -: 1437:            if (! UTF8_IS_INVARIANT(*x)) {
        -: 1438:                if (ep) {
        -: 1439:                    *ep = x;
        -: 1440:                }
        -: 1441:
        -: 1442:                return FALSE;
        -: 1443:            }
        -: 1444:            x++;
        -: 1445:        }
        -: 1446:
        -: 1447:        /* Here, we know we have at least one full word to process.  Process
        -: 1448:         * per-word as long as we have at least a full word left */
        -: 1449:        do {
        -: 1450:            if ((* (const PERL_UINTMAX_T *) x) & PERL_VARIANTS_WORD_MASK)  {
        -: 1451:
        -: 1452:                /* Found a variant.  Just return if caller doesn't want its
        -: 1453:                 * exact position */
        -: 1454:                if (! ep) {
        -: 1455:                    return FALSE;
        -: 1456:                }
        -: 1457:
        -: 1458:#  if   BYTEORDER == 0x1234 || BYTEORDER == 0x12345678    \
        -: 1459:     || BYTEORDER == 0x4321 || BYTEORDER == 0x87654321
        -: 1460:
        -: 1461:                *ep = x + variant_byte_number(* (const PERL_UINTMAX_T *) x);
        -: 1462:                assert(*ep >= s && *ep < send);
        -: 1463:
        -: 1464:                return FALSE;
        -: 1465:
        -: 1466:#  else   /* If weird byte order, drop into next loop to do byte-at-a-time
        -: 1467:           checks. */
        -: 1468:
        -: 1469:                break;
        -: 1470:#  endif
        -: 1471:            }
        -: 1472:
        -: 1473:            x += PERL_WORDSIZE;
        -: 1474:
        -: 1475:        } while (x + PERL_WORDSIZE <= send);
        -: 1476:    }
        -: 1477:
        -: 1478:#endif      /* End of ! EBCDIC */
        -: 1479:
        -: 1480:    /* Process per-byte.  (Can't use libc functions like strpbrk() because
        -: 1481:     * input isn't necessarily a C string) */
        -: 1482:    while (x < send) {
        -: 1483:        if (! UTF8_IS_INVARIANT(*x)) {
        -: 1484:            if (ep) {
        -: 1485:                *ep = x;
        -: 1486:            }
        -: 1487:
        -: 1488:            return FALSE;
        -: 1489:        }
        -: 1490:
        -: 1491:        x++;
        -: 1492:    }
        -: 1493:
        -: 1494:    return TRUE;
        -: 1495:}
        -: 1496:
        -: 1497:/* See if the platform has builtins for finding the most/least significant bit,
        -: 1498: * and which one is right for using on 32 and 64 bit operands */
        -: 1499:#if (__has_builtin(__builtin_clz) || PERL_GCC_VERSION_GE(3,4,0))
        -: 1500:#  if U32SIZE == INTSIZE
        -: 1501:#    define PERL_CLZ_32 __builtin_clz
        -: 1502:#  endif
        -: 1503:#  if defined(U64TYPE) && U64SIZE == INTSIZE
        -: 1504:#    define PERL_CLZ_64 __builtin_clz
        -: 1505:#  endif
        -: 1506:#endif
        -: 1507:#if (__has_builtin(__builtin_ctz) || PERL_GCC_VERSION_GE(3,4,0))
        -: 1508:#  if U32SIZE == INTSIZE
        -: 1509:#    define PERL_CTZ_32 __builtin_ctz
        -: 1510:#  endif
        -: 1511:#  if defined(U64TYPE) && U64SIZE == INTSIZE
        -: 1512:#    define PERL_CTZ_64 __builtin_ctz
        -: 1513:#  endif
        -: 1514:#endif
        -: 1515:
        -: 1516:#if (__has_builtin(__builtin_clzl) || PERL_GCC_VERSION_GE(3,4,0))
        -: 1517:#  if U32SIZE == LONGSIZE && ! defined(PERL_CLZ_32)
        -: 1518:#    define PERL_CLZ_32 __builtin_clzl
        -: 1519:#  endif
        -: 1520:#  if defined(U64TYPE) && U64SIZE == LONGSIZE && ! defined(PERL_CLZ_64)
        -: 1521:#    define PERL_CLZ_64 __builtin_clzl
        -: 1522:#  endif
        -: 1523:#endif
        -: 1524:#if (__has_builtin(__builtin_ctzl) || PERL_GCC_VERSION_GE(3,4,0))
        -: 1525:#  if U32SIZE == LONGSIZE && ! defined(PERL_CTZ_32)
        -: 1526:#    define PERL_CTZ_32 __builtin_ctzl
        -: 1527:#  endif
        -: 1528:#  if defined(U64TYPE) && U64SIZE == LONGSIZE && ! defined(PERL_CTZ_64)
        -: 1529:#    define PERL_CTZ_64 __builtin_ctzl
        -: 1530:#  endif
        -: 1531:#endif
        -: 1532:
        -: 1533:#if (__has_builtin(__builtin_clzll) || PERL_GCC_VERSION_GE(3,4,0))
        -: 1534:#  if U32SIZE == LONGLONGSIZE && ! defined(PERL_CLZ_32)
        -: 1535:#    define PERL_CLZ_32 __builtin_clzll
        -: 1536:#  endif
        -: 1537:#  if defined(U64TYPE) && U64SIZE == LONGLONGSIZE && ! defined(PERL_CLZ_64)
        -: 1538:#    define PERL_CLZ_64 __builtin_clzll
        -: 1539:#  endif
        -: 1540:#endif
        -: 1541:#if (__has_builtin(__builtin_ctzll) || PERL_GCC_VERSION_GE(3,4,0))
        -: 1542:#  if U32SIZE == LONGLONGSIZE && ! defined(PERL_CTZ_32)
        -: 1543:#    define PERL_CTZ_32 __builtin_ctzll
        -: 1544:#  endif
        -: 1545:#  if defined(U64TYPE) && U64SIZE == LONGLONGSIZE && ! defined(PERL_CTZ_64)
        -: 1546:#    define PERL_CTZ_64 __builtin_ctzll
        -: 1547:#  endif
        -: 1548:#endif
        -: 1549:
        -: 1550:#if defined(WIN32)
        -: 1551:#  include <intrin.h>
        -: 1552:   /* MinGW warns that it ignores "pragma intrinsic". */
        -: 1553:#  if defined(_MSC_VER)
        -: 1554:#    pragma intrinsic(_BitScanForward)
        -: 1555:#    pragma intrinsic(_BitScanReverse)
        -: 1556:#    if defined(_WIN64)
        -: 1557:#      pragma intrinsic(_BitScanForward64)
        -: 1558:#      pragma intrinsic(_BitScanReverse64)
        -: 1559:#    endif
        -: 1560:#  endif
        -: 1561:#endif
        -: 1562:
        -: 1563:/* The reason there are not checks to see if ffs() and ffsl() are available for
        -: 1564: * determining the lsb, is because these don't improve on the deBruijn method
        -: 1565: * fallback, which is just a branchless integer multiply, array element
        -: 1566: * retrieval, and shift.  The others, even if the function call overhead is
        -: 1567: * optimized out, have to cope with the possibility of the input being all
        -: 1568: * zeroes, and almost certainly will have conditionals for this eventuality.
        -: 1569: * khw, at the time of this commit, looked at the source for both gcc and clang
        -: 1570: * to verify this.  (gcc used a method inferior to deBruijn.) */
        -: 1571:
        -: 1572:/* Below are functions to find the first, last, or only set bit in a word.  On
        -: 1573: * platforms with 64-bit capability, there is a pair for each operation; the
        -: 1574: * first taking a 64 bit operand, and the second a 32 bit one.  The logic is
        -: 1575: * the same in each pair, so the second is stripped of most comments. */
        -: 1576:
        -: 1577:#ifdef U64TYPE  /* HAS_QUAD not usable outside the core */
        -: 1578:
        -: 1579:PERL_STATIC_INLINE unsigned
        -: 1580:Perl_lsbit_pos64(U64 word)
        -: 1581:{
        -: 1582:    /* Find the position (0..63) of the least significant set bit in the input
        -: 1583:     * word */
        -: 1584:
        -: 1585:    ASSUME(word != 0);
        -: 1586:
        -: 1587:    /* If we can determine that the platform has a usable fast method to get
        -: 1588:     * this info, use that */
        -: 1589:
        -: 1590:#  if defined(PERL_CTZ_64)
        -: 1591:#    define PERL_HAS_FAST_GET_LSB_POS64
        -: 1592:
        -: 1593:    return (unsigned) PERL_CTZ_64(word);
        -: 1594:
        -: 1595:#  elif U64SIZE == 8 && defined(_WIN64)
        -: 1596:#    define PERL_HAS_FAST_GET_LSB_POS64
        -: 1597:
        -: 1598:    {
        -: 1599:        unsigned long index;
        -: 1600:        _BitScanForward64(&index, word);
        -: 1601:        return (unsigned)index;
        -: 1602:    }
        -: 1603:
        -: 1604:#  else
        -: 1605:
        -: 1606:    /* Here, we didn't find a fast method for finding the lsb.  Fall back to
        -: 1607:     * making the lsb the only set bit in the word, and use our function that
        -: 1608:     * works on words with a single bit set.
        -: 1609:     *
        -: 1610:     * Isolate the lsb;
        -: 1611:     * https://stackoverflow.com/questions/757059/position-of-least-significant-bit-that-is-set
        -: 1612:     *
        -: 1613:     * The word will look like this, with a rightmost set bit in position 's':
        -: 1614:     * ('x's are don't cares, and 'y's are their complements)
        -: 1615:     *      s
        -: 1616:     *  x..x100..00
        -: 1617:     *  y..y011..11      Complement
        -: 1618:     *  y..y100..00      Add 1
        -: 1619:     *  0..0100..00      And with the original
        -: 1620:     *
        -: 1621:     *  (Yes, complementing and adding 1 is just taking the negative on 2's
        -: 1622:     *  complement machines, but not on 1's complement ones, and some compilers
        -: 1623:     *  complain about negating an unsigned.)
        -: 1624:     */
        -: 1625:    return single_1bit_pos64(word & (~word + 1));
        -: 1626:
        -: 1627:#  endif
        -: 1628:
        -: 1629:}
        -: 1630:
        -: 1631:#  define lsbit_pos_uintmax_(word) lsbit_pos64(word)
        -: 1632:#else   /* ! QUAD */
        -: 1633:#  define lsbit_pos_uintmax_(word) lsbit_pos32(word)
        -: 1634:#endif
        -: 1635:
        -: 1636:PERL_STATIC_INLINE unsigned     /* Like above for 32 bit word */
        -: 1637:Perl_lsbit_pos32(U32 word)
        -: 1638:{
        -: 1639:    /* Find the position (0..31) of the least significant set bit in the input
        -: 1640:     * word */
        -: 1641:
        -: 1642:    ASSUME(word != 0);
        -: 1643:
        -: 1644:#if defined(PERL_CTZ_32)
        -: 1645:#  define PERL_HAS_FAST_GET_LSB_POS32
        -: 1646:
        -: 1647:    return (unsigned) PERL_CTZ_32(word);
        -: 1648:
        -: 1649:#elif U32SIZE == 4 && defined(WIN32)
        -: 1650:#  define PERL_HAS_FAST_GET_LSB_POS32
        -: 1651:
        -: 1652:    {
        -: 1653:        unsigned long index;
        -: 1654:        _BitScanForward(&index, word);
        -: 1655:        return (unsigned)index;
        -: 1656:    }
        -: 1657:
        -: 1658:#elif defined(PERL_HAS_FAST_GET_LSB_POS64)
        -: 1659:#  define PERL_HAS_FAST_GET_LSB_POS32
        -: 1660:
        -: 1661:    /* Unlikely, but possible for the platform to have a wider fast operation
        -: 1662:     * but not a narrower one.  But easy enough to handle the case by widening
        -: 1663:     * the parameter size. */
        -: 1664:    return lsbit_pos64(word);
        -: 1665:
        -: 1666:#else
        -: 1667:
        -: 1668:    return single_1bit_pos32(word & (~word + 1));
        -: 1669:
        -: 1670:#endif
        -: 1671:
        -: 1672:}
        -: 1673:
        -: 1674:
        -: 1675:/* Convert the leading zeros count to the bit position of the first set bit.
        -: 1676: * This just subtracts from the highest position, 31 or 63.  But some compilers
        -: 1677: * don't optimize this optimally, and so a bit of bit twiddling encourages them
        -: 1678: * to do the right thing.  It turns out that subtracting a smaller non-negative
        -: 1679: * number 'x' from 2**n-1 for any n is the same as taking the exclusive-or of
        -: 1680: * the two numbers.  To see why, first note that the sum of any number, x, and
        -: 1681: * its complement, x', is all ones.  So all ones minus x is x'.  Then note that
        -: 1682: * the xor of x and all ones is x'. */
        -: 1683:#define LZC_TO_MSBIT_POS_(size, lzc)  ((size##SIZE * CHARBITS - 1) ^ (lzc))
        -: 1684:
        -: 1685:#ifdef U64TYPE  /* HAS_QUAD not usable outside the core */
        -: 1686:
        -: 1687:PERL_STATIC_INLINE unsigned
        -: 1688:Perl_msbit_pos64(U64 word)
        -: 1689:{
        -: 1690:    /* Find the position (0..63) of the most significant set bit in the input
        -: 1691:     * word */
        -: 1692:
        -: 1693:    ASSUME(word != 0);
        -: 1694:
        -: 1695:    /* If we can determine that the platform has a usable fast method to get
        -: 1696:     * this, use that */
        -: 1697:
        -: 1698:#  if defined(PERL_CLZ_64)
        -: 1699:#    define PERL_HAS_FAST_GET_MSB_POS64
        -: 1700:
        -: 1701:    return (unsigned) LZC_TO_MSBIT_POS_(U64, PERL_CLZ_64(word));
        -: 1702:
        -: 1703:#  elif U64SIZE == 8 && defined(_WIN64)
        -: 1704:#    define PERL_HAS_FAST_GET_MSB_POS64
        -: 1705:
        -: 1706:    {
        -: 1707:        unsigned long index;
        -: 1708:        _BitScanReverse64(&index, word);
        -: 1709:        return (unsigned)index;
        -: 1710:    }
        -: 1711:
        -: 1712:#  else
        -: 1713:
        -: 1714:    /* Here, we didn't find a fast method for finding the msb.  Fall back to
        -: 1715:     * making the msb the only set bit in the word, and use our function that
        -: 1716:     * works on words with a single bit set.
        -: 1717:     *
        -: 1718:     * Isolate the msb; http://codeforces.com/blog/entry/10330
        -: 1719:     *
        -: 1720:     * Only the most significant set bit matters.  Or'ing word with its right
        -: 1721:     * shift of 1 makes that bit and the next one to its right both 1.
        -: 1722:     * Repeating that with the right shift of 2 makes for 4 1-bits in a row.
        -: 1723:     * ...  We end with the msb and all to the right being 1. */
        -: 1724:    word |= (word >>  1);
        -: 1725:    word |= (word >>  2);
        -: 1726:    word |= (word >>  4);
        -: 1727:    word |= (word >>  8);
        -: 1728:    word |= (word >> 16);
        -: 1729:    word |= (word >> 32);
        -: 1730:
        -: 1731:    /* Then subtracting the right shift by 1 clears all but the left-most of
        -: 1732:     * the 1 bits, which is our desired result */
        -: 1733:    word -= (word >> 1);
        -: 1734:
        -: 1735:    /* Now we have a single bit set */
        -: 1736:    return single_1bit_pos64(word);
        -: 1737:
        -: 1738:#  endif
        -: 1739:
        -: 1740:}
        -: 1741:
        -: 1742:#  define msbit_pos_uintmax_(word) msbit_pos64(word)
        -: 1743:#else   /* ! QUAD */
        -: 1744:#  define msbit_pos_uintmax_(word) msbit_pos32(word)
        -: 1745:#endif
        -: 1746:
        -: 1747:PERL_STATIC_INLINE unsigned
        -: 1748:Perl_msbit_pos32(U32 word)
        -: 1749:{
        -: 1750:    /* Find the position (0..31) of the most significant set bit in the input
        -: 1751:     * word */
        -: 1752:
        -: 1753:    ASSUME(word != 0);
        -: 1754:
        -: 1755:#if defined(PERL_CLZ_32)
        -: 1756:#  define PERL_HAS_FAST_GET_MSB_POS32
        -: 1757:
        -: 1758:    return (unsigned) LZC_TO_MSBIT_POS_(U32, PERL_CLZ_32(word));
        -: 1759:#elif U32SIZE == 4 && defined(WIN32)
        -: 1760:#  define PERL_HAS_FAST_GET_MSB_POS32
        -: 1761:
        -: 1762:    {
        -: 1763:        unsigned long index;
        -: 1764:        _BitScanReverse(&index, word);
        -: 1765:        return (unsigned)index;
        -: 1766:    }
        -: 1767:
        -: 1768:#elif defined(PERL_HAS_FAST_GET_MSB_POS64)
        -: 1769:#  define PERL_HAS_FAST_GET_MSB_POS32
        -: 1770:
        -: 1771:    return msbit_pos64(word);   /* Let compiler widen parameter */
        -: 1772:
        -: 1773:#else
        -: 1774:
        -: 1775:    word |= (word >>  1);
        -: 1776:    word |= (word >>  2);
        -: 1777:    word |= (word >>  4);
        -: 1778:    word |= (word >>  8);
        -: 1779:    word |= (word >> 16);
        -: 1780:    word -= (word >> 1);
        -: 1781:    return single_1bit_pos32(word);
        -: 1782:
        -: 1783:#endif
        -: 1784:
        -: 1785:}
        -: 1786:
        -: 1787:/* Note that if you are working through all the 1 bits in a word, and don't
        -: 1788: * care which order you process them in, it is better to use lsbit_pos.  This
        -: 1789: * is because some platforms have a fast way to find the msb but not the lsb,
        -: 1790: * and others vice versa.  The code above falls back to use the single
        -: 1791: * available fast method when the desired one is missing, and it is cheaper to
        -: 1792: * fall back from lsb to msb than the other way around */
        -: 1793:
        -: 1794:#if UVSIZE == U64SIZE
        -: 1795:#  define msbit_pos(word)  msbit_pos64(word)
        -: 1796:#  define lsbit_pos(word)  lsbit_pos64(word)
        -: 1797:#elif UVSIZE == U32SIZE
        -: 1798:#  define msbit_pos(word)  msbit_pos32(word)
        -: 1799:#  define lsbit_pos(word)  lsbit_pos32(word)
        -: 1800:#endif
        -: 1801:
        -: 1802:#ifdef U64TYPE  /* HAS_QUAD not usable outside the core */
        -: 1803:
        -: 1804:PERL_STATIC_INLINE unsigned
        -: 1805:Perl_single_1bit_pos64(U64 word)
        -: 1806:{
        -: 1807:    /* Given a 64-bit word known to contain all zero bits except one 1 bit,
        -: 1808:     * find and return the 1's position: 0..63 */
        -: 1809:
        -: 1810:#  ifdef PERL_CORE    /* macro not exported */
        -: 1811:    ASSUME(isPOWER_OF_2(word));
        -: 1812:#  else
        -: 1813:    ASSUME(word && (word & (word-1)) == 0);
        -: 1814:#  endif
        -: 1815:
        -: 1816:    /* The only set bit is both the most and least significant bit.  If we have
        -: 1817:     * a fast way of finding either one, use that.
        -: 1818:     *
        -: 1819:     * It may appear at first glance that those functions call this one, but
        -: 1820:     * they don't if the corresponding #define is set */
        -: 1821:
        -: 1822:#  ifdef PERL_HAS_FAST_GET_MSB_POS64
        -: 1823:
        -: 1824:    return msbit_pos64(word);
        -: 1825:
        -: 1826:#  elif defined(PERL_HAS_FAST_GET_LSB_POS64)
        -: 1827:
        -: 1828:    return lsbit_pos64(word);
        -: 1829:
        -: 1830:#  else
        -: 1831:
        -: 1832:    /* The position of the only set bit in a word can be quickly calculated
        -: 1833:     * using deBruijn sequences.  See for example
        -: 1834:     * https://en.wikipedia.org/wiki/De_Bruijn_sequence */
        -: 1835:    return PL_deBruijn_bitpos_tab64[(word * PERL_deBruijnMagic64_)
        -: 1836:                                                    >> PERL_deBruijnShift64_];
        -: 1837:#  endif
        -: 1838:
        -: 1839:}
        -: 1840:
        -: 1841:#endif
        -: 1842:
        -: 1843:PERL_STATIC_INLINE unsigned
        -: 1844:Perl_single_1bit_pos32(U32 word)
        -: 1845:{
        -: 1846:    /* Given a 32-bit word known to contain all zero bits except one 1 bit,
        -: 1847:     * find and return the 1's position: 0..31 */
        -: 1848:
        -: 1849:#ifdef PERL_CORE    /* macro not exported */
        -: 1850:    ASSUME(isPOWER_OF_2(word));
        -: 1851:#else
        -: 1852:    ASSUME(word && (word & (word-1)) == 0);
        -: 1853:#endif
[...]
        -: 4224:     * ENV{PERL_MEM_LOG} at the moment.  That means, as we create the SV for
        -: 4225:     * saving ENV{foo}'s value (but before saving it), the logging code will
        -: 4226:     * call us recursively to find out what ENV{PERL_MEM_LOG} is.  Without some
        -: 4227:     * care that could lead to: 1) infinite recursion; or 2) deadlock (trying to
        -: 4228:     * lock a boolean mutex recursively); 3) destroying the getenv() static
        -: 4229:     * buffer; or 4) destroying the temporary created by this for the copy
        -: 4230:     * causes a log entry to be made which could cause a new temporary to be
        -: 4231:     * created, which will need to be destroyed at some point, leading to an
        -: 4232:     * infinite loop.
        -: 4233:     *
        -: 4234:     * The solution adopted here (after some gnashing of teeth) is to detect
        -: 4235:     * the recursive calls and calls from the logger, and treat them specially.
        -: 4236:     * Let's say we want to do getenv("foo").  We first find
        -: 4237:     * getenv(PERL_MEM_LOG) and save it to a fixed-length per-interpreter
        -: 4238:     * variable, so no temporary is required.  Then we do getenv(foo), and in
        -: 4239:     * the process of creating a temporary to save it, this function will be
        -: 4240:     * called recursively to do a getenv(PERL_MEM_LOG).  On the recursed call,
        -: 4241:     * we detect that it is such a call and return our saved value instead of
        -: 4242:     * locking and doing a new getenv().  This solves all of problems 1), 2),
        -: 4243:     * and 3).  Because all the getenv()s are done while the mutex is locked,
        -: 4244:     * the state cannot have changed.  To solve 4), we don't create a temporary
        -: 4245:     * when this is called from the logging code.  That code disposes of the
        -: 4246:     * return value while the mutex is still locked.
        -: 4247:     *
        -: 4248:     * The value of getenv(PERL_MEM_LOG) can be anything, but only initial
        -: 4249:     * digits and 3 particular letters are significant; the rest are ignored by
        -: 4250:     * the memory logging code.  Thus the per-interpreter variable only needs
        -: 4251:     * to be large enough to save the significant information, the size of
        -: 4252:     * which is known at compile time.  The first byte is extra, reserved for
        -: 4253:     * flags for our use.  To protect against overflowing, only the reserved
        -: 4254:     * byte, as many digits as don't overflow, and the three letters are
        -: 4255:     * stored.
        -: 4256:     *
        -: 4257:     * The reserved byte has two bits:
        -: 4258:     *      0x1 if set indicates that if we get here, it is a recursive call of
        -: 4259:     *          getenv()
        -: 4260:     *      0x2 if set indicates that the call is from the logging code.
        -: 4261:     *
        -: 4262:     * If the flag indicates this is a recursive call, just return the stored
        -: 4263:     * value of PL_mem_log;  An empty value gets turned into NULL. */
        -: 4264:    if (strEQ(str, "PERL_MEM_LOG") && PL_mem_log[0] & 0x1) {
        -: 4265:        if (PL_mem_log[1] == '\0') {
        -: 4266:            return NULL;
        -: 4267:        } else {
        -: 4268:            return PL_mem_log + 1;
        -: 4269:        }
        -: 4270:    }
        -: 4271:
        -: 4272:#endif
        -: 4273:
        -: 4274:    GETENV_LOCK;
        -: 4275:
        -: 4276:#ifdef PERL_MEM_LOG
        -: 4277:
        -: 4278:    /* Here we are in a critical section.  As explained above, we do our own
        -: 4279:     * getenv(PERL_MEM_LOG), saving the result safely. */
        -: 4280:    ret = getenv("PERL_MEM_LOG");
        -: 4281:    if (ret == NULL) {  /* No logging active */
        -: 4282:
        -: 4283:        /* Return that immediately if called from the logging code */
        -: 4284:        if (PL_mem_log[0] & 0x2) {
        -: 4285:            GETENV_UNLOCK;
        -: 4286:            return NULL;
        -: 4287:        }
        -: 4288:
        -: 4289:        PL_mem_log[1] = '\0';
        -: 4290:    }
        -: 4291:    else {
        -: 4292:        char *mem_log_meat = PL_mem_log + 1;    /* first byte reserved */
        -: 4293:
        -: 4294:        /* There is nothing to prevent the value of PERL_MEM_LOG from being an
        -: 4295:         * extremely long string.  But we want only a few characters from it.
        -: 4296:         * PL_mem_log has been made large enough to hold just the ones we need.
        -: 4297:         * First the file descriptor. */
        -: 4298:        if (isDIGIT(*ret)) {
        -: 4299:            const char * s = ret;
        -: 4300:            if (UNLIKELY(*s == '0')) {
        -: 4301:
        -: 4302:                /* Reduce multiple leading zeros to a single one.  This is to
        -: 4303:                 * allow the caller to change what to do with leading zeros. */
        -: 4304:                *mem_log_meat++ = '0';
        -: 4305:                s++;
        -: 4306:                while (*s == '0') {
        -: 4307:                    s++;
        -: 4308:                }
        -: 4309:            }
        -: 4310:
        -: 4311:            /* If the input overflows, copy just enough for the result to also
        -: 4312:             * overflow, plus 1 to make sure */
        -: 4313:            while (isDIGIT(*s) && s < ret + TYPE_DIGITS(UV) + 1) {
        -: 4314:                *mem_log_meat++ = *s++;
        -: 4315:            }
        -: 4316:        }
        -: 4317:
        -: 4318:        /* Then each of the four significant characters */
        -: 4319:        if (strchr(ret, 'm')) {
        -: 4320:            *mem_log_meat++ = 'm';
        -: 4321:        }
        -: 4322:        if (strchr(ret, 's')) {
        -: 4323:            *mem_log_meat++ = 's';
        -: 4324:        }
        -: 4325:        if (strchr(ret, 't')) {
        -: 4326:            *mem_log_meat++ = 't';
        -: 4327:        }
        -: 4328:        if (strchr(ret, 'c')) {
        -: 4329:            *mem_log_meat++ = 'c';
        -: 4330:        }
        -: 4331:        *mem_log_meat = '\0';
        -: 4332:
        -: 4333:        assert(mem_log_meat < PL_mem_log + sizeof(PL_mem_log));
        -: 4334:    }
        -: 4335:
        -: 4336:    /* If we are being called from the logger, it only needs the significant
        -: 4337:     * portion of PERL_MEM_LOG, and doesn't need a safe copy */
        -: 4338:    if (PL_mem_log[0] & 0x2) {
        -: 4339:        assert(strEQ(str, "PERL_MEM_LOG"));
        -: 4340:        GETENV_UNLOCK;
        -: 4341:        return PL_mem_log + 1;
        -: 4342:    }
        -: 4343:
        -: 4344:    /* Here is a generic getenv().  This could be a getenv("PERL_MEM_LOG") that
        -: 4345:     * is coming from other than the logging code, so it should be treated the
        -: 4346:     * same as any other getenv(), returning the full value, not just the
        -: 4347:     * significant part, and having its value saved.  Set the flag that
        -: 4348:     * indicates any call to this routine will be a recursion from here */
        -: 4349:    PL_mem_log[0] = 0x1;
        -: 4350:
        -: 4351:#endif
        -: 4352:
        -: 4353:    /* Now get the value of the real desired variable, and save a copy */
        -: 4354:    ret = getenv(str);
        -: 4355:
        -: 4356:    if (ret != NULL) {
        -: 4357:        ret = SvPVX( newSVpvn_flags(ret, strlen(ret) ,SVs_TEMP) );
        -: 4358:    }
        -: 4359:
        -: 4360:    GETENV_UNLOCK;
        -: 4361:
        -: 4362:#ifdef PERL_MEM_LOG
        -: 4363:
        -: 4364:    /* Clear the buffer */
        -: 4365:    Zero(PL_mem_log, sizeof(PL_mem_log), char);
        -: 4366:
        -: 4367:#endif
        -: 4368:
        -: 4369:    return ret;
        -: 4370:}
        -: 4371:
        -: 4372:PERL_STATIC_INLINE bool
        -: 4373:Perl_sv_isbool(pTHX_ const SV *sv)
        -: 4374:{
        -: 4375:    PERL_UNUSED_CONTEXT;
        -: 4376:    return SvBoolFlagsOK(sv) && BOOL_INTERNALS_sv_isbool(sv);
        -: 4377:}
        -: 4378:
        -: 4379:#ifdef USE_ITHREADS
        -: 4380:
        -: 4381:PERL_STATIC_INLINE AV *
        -: 4382:Perl_cop_file_avn(pTHX_ const COP *cop) {
        -: 4383:
        -: 4384:    PERL_ARGS_ASSERT_COP_FILE_AVN;
        -: 4385:
        -: 4386:    const char *file = CopFILE(cop);
        -: 4387:    if (file) {
        -: 4388:        GV *gv = gv_fetchfile_flags(file, strlen(file), GVF_NOADD);
        -: 4389:        if (gv) {
        -: 4390:            return GvAVn(gv);
        -: 4391:        }
        -: 4392:        else
        -: 4393:            return NULL;
        -: 4394:     }
        -: 4395:     else
        -: 4396:         return NULL;
        -: 4397:}
        -: 4398:
        -: 4399:#endif
        -: 4400:
        -: 4401:PERL_STATIC_INLINE PADNAME *
        -: 4402:Perl_padname_refcnt_inc(PADNAME *pn)
        -: 4403:{
        -: 4404:    PadnameREFCNT(pn)++;
        -: 4405:    return pn;
        -: 4406:}
        -: 4407:
        -: 4408:PERL_STATIC_INLINE PADNAMELIST *
        -: 4409:Perl_padnamelist_refcnt_inc(PADNAMELIST *pnl)
        -: 4410:{
        -: 4411:    PadnamelistREFCNT(pnl)++;
        -: 4412:    return pnl;
        -: 4413:}
        -: 4414:
        -: 4415:/* copy a string to a safe spot */
        -: 4416:
        -: 4417:/*
        -: 4418:=for apidoc_section $string
        -: 4419:=for apidoc      savepv
        -: 4420:=for apidoc_item savepvn
        -: 4421:=for apidoc_item savepvs
        -: 4422:=for apidoc_item savesvpv
        -: 4423:=for apidoc_item savesharedpv
        -: 4424:=for apidoc_item savesharedpvn
        -: 4425:=for apidoc_item savesharedpvs
        -: 4426:=for apidoc_item savesharedsvpv
        -: 4427:
        -: 4428:Perl's version of C<strdup()> (or C<strndup()> would be if it existed).
        -: 4429:
        -: 4430:These each return a pointer to a newly allocated string which is a duplicate of
        -: 4431:the input string.
        -: 4432:
        -: 4433:The forms differ in how the string to be copied is specified, and where the new
        -: 4434:memory is allocated from.
        -: 4435:
        -: 4436:To prevent memory leaks, the memory allocated for the new string needs to be
        -: 4437:freed when no longer needed.  This can be done with the C<L</Safefree>>
        -: 4438:function, or L<C<SAVEFREEPV>|perlguts/SAVEFREEPV(p)>.
        -: 4439:
        -: 4440:The forms whose names contain C<shared> differ from the corresponding form
        -: 4441:without that in its name, only in that the memory in the former comes from
        -: 4442:memory shared between threads.  This is needed, because on some platforms,
        -: 4443:Windows for example, all allocated memory owned by a thread is deallocated when
        -: 4444:that thread ends.  So if you need that not to happen, you need to use the
        -: 4445:shared memory forms.
        -: 4446:
        -: 4447:The string to copy in C<savepvs> is a C language string literal surrounded by
        -: 4448:double quotes.
        -: 4449:
        -: 4450:The string to copy in the forms whose name contains C<svpv> comes from the PV
        -: 4451:in the SV argument C<sv>, using C<SvPV()>
        -: 4452:
        -: 4453:The string to copy in the remaining forms comes from the C<pv> argument.
        -: 4454:
        -: 4455:In the case of C<savepv>, the size of the string is determined by C<strlen()>,
        -: 4456:which means it may not contain embedded C<NUL> characters, and must have a
        -: 4457:trailing C<NUL>.
        -: 4458:
        -: 4459:In the case of C<savepvn>, C<len> gives the length of C<pv>, hence it may
        -: 4460:contain embedded C<NUL> characters.  The copy will be guaranteed to have a
        -: 4461:trailing NUL added if not already present.
        -: 4462:
        -: 4463:=cut
        -: 4464:*/
        -: 4465:
        -: 4466:PERL_STATIC_INLINE char *
function Perl_savepv called 3123 returned 100% blocks executed 80%
     3123: 4467:Perl_savepv(pTHX_ const char *pv)
        -: 4468:{
        -: 4469:    PERL_UNUSED_CONTEXT;
     3123: 4470:    if (!pv)
     3123: 4470-block  0
branch  0 taken 0 (fallthrough)
branch  1 taken 3123
    #####: 4471:        return NULL;
    %%%%%: 4471-block  0
        -: 4472:    else {
        -: 4473:        char *newaddr;
     3123: 4474:        const STRLEN pvlen = strlen(pv)+1;
     3123: 4475:        Newx(newaddr, pvlen, char);
     3123: 4475-block  0
call    0 returned 3123
     3123: 4476:        return (char*)memcpy(newaddr, pv, pvlen);
        -: 4477:    }
        -: 4478:}
        -: 4479:
        -: 4480:/* same thing but with a known length */
        -: 4481:
        -: 4482:PERL_STATIC_INLINE char *
function Perl_savepvn called 9 returned 100% blocks executed 80%
        9: 4483:Perl_savepvn(pTHX_ const char *pv, Size_t len)
        -: 4484:{
        -: 4485:    char *newaddr;
        -: 4486:    PERL_UNUSED_CONTEXT;
        -: 4487:
        9: 4488:    Newx(newaddr,len+1,char);
        9: 4488-block  0
call    0 returned 9
        -: 4489:    /* Give a meaning to NULL pointer mainly for the use in sv_magic() */
        9: 4490:    if (pv) {
branch  0 taken 9 (fallthrough)
branch  1 taken 0
        -: 4491:        /* might not be null terminated */
        9: 4492:        newaddr[len] = '\0';
        9: 4493:        return (char *) CopyD(pv,newaddr,len,char);
        9: 4493-block  0
        -: 4494:    }
        -: 4495:    else {
    #####: 4496:        return (char *) ZeroD(newaddr,len+1,char);
    %%%%%: 4496-block  0
        -: 4497:    }
        -: 4498:}
        -: 4499:
        -: 4500:PERL_STATIC_INLINE char *
        -: 4501:Perl_savesvpv(pTHX_ SV *sv)
        -: 4502:{
        -: 4503:    STRLEN len;
        -: 4504:    const char * const pv = SvPV_const(sv, len);
        -: 4505:    char *newaddr;
        -: 4506:
        -: 4507:    PERL_ARGS_ASSERT_SAVESVPV;
        -: 4508:
        -: 4509:    ++len;
        -: 4510:    Newx(newaddr,len,char);
        -: 4511:    return (char *) CopyD(pv,newaddr,len,char);
        -: 4512:}
        -: 4513:
        -: 4514:PERL_STATIC_INLINE char *
        -: 4515:Perl_savesharedsvpv(pTHX_ SV *sv)
        -: 4516:{
        -: 4517:    STRLEN len;
        -: 4518:    const char * const pv = SvPV_const(sv, len);
        -: 4519:
        -: 4520:    PERL_ARGS_ASSERT_SAVESHAREDSVPV;
        -: 4521:
        -: 4522:    return savesharedpvn(pv, len);
        -: 4523:}
        -: 4524:
        -: 4525:#ifndef PERL_GET_CONTEXT_DEFINED
        -: 4526:
        -: 4527:/*
        -: 4528:=for apidoc_section $embedding
        -: 4529:=for apidoc get_context
        -: 4530:
        -: 4531:Implements L<perlapi/C<PERL_GET_CONTEXT>>, which you should use instead.
        -: 4532:
        -: 4533:=cut
        -: 4534:*/
        -: 4535:
        -: 4536:PERL_STATIC_INLINE void *
        -: 4537:Perl_get_context(void)
        -: 4538:{
        -: 4539:#  if defined(USE_ITHREADS)
        -: 4540:#    ifdef OLD_PTHREADS_API
        -: 4541:    pthread_addr_t t;
        -: 4542:    int error = pthread_getspecific(PL_thr_key, &t);
        -: 4543:    if (error)
        -: 4544:        Perl_croak_nocontext("panic: pthread_getspecific, error=%d", error);
        -: 4545:    return (void*)t;
        -: 4546:#    elif defined(I_MACH_CTHREADS)
        -: 4547:    return (void*)cthread_data(cthread_self());
        -: 4548:#    else
        -: 4549:    return (void*)PTHREAD_GETSPECIFIC(PL_thr_key);
        -: 4550:#    endif
        -: 4551:#  else
        -: 4552:    return (void*)NULL;
        -: 4553:#  endif
        -: 4554:}
        -: 4555:
        -: 4556:#endif
        -: 4557:
        -: 4558:PERL_STATIC_INLINE MGVTBL*
        -: 4559:Perl_get_vtbl(pTHX_ int vtbl_id)
        -: 4560:{
        -: 4561:    PERL_UNUSED_CONTEXT;
        -: 4562:
        -: 4563:    return (vtbl_id < 0 || vtbl_id >= magic_vtable_max)
        -: 4564:        ? NULL : (MGVTBL*)PL_magic_vtables + vtbl_id;
        -: 4565:}
        -: 4566:
        -: 4567:/*
        -: 4568:=for apidoc_section $string
        -: 4569:=for apidoc my_strlcat
        -: 4570:
        -: 4571:The C library C<strlcat> if available, or a Perl implementation of it.
        -: 4572:This operates on C C<NUL>-terminated strings.
        -: 4573:
        -: 4574:C<my_strlcat()> appends string C<src> to the end of C<dst>.  It will append at
        -: 4575:most S<C<size - strlen(dst) - 1>> bytes.  It will then C<NUL>-terminate,
        -: 4576:unless C<size> is 0 or the original C<dst> string was longer than C<size> (in
        -: 4577:practice this should not happen as it means that either C<size> is incorrect or
        -: 4578:that C<dst> is not a proper C<NUL>-terminated string).
        -: 4579:
        -: 4580:Note that C<size> is the full size of the destination buffer and
        -: 4581:the result is guaranteed to be C<NUL>-terminated if there is room.  Note that
        -: 4582:room for the C<NUL> should be included in C<size>.
        -: 4583:
        -: 4584:The return value is the total length that C<dst> would have if C<size> is
        -: 4585:sufficiently large.  Thus it is the initial length of C<dst> plus the length of
        -: 4586:C<src>.  If C<size> is smaller than the return, the excess was not appended.
        -: 4587:
        -: 4588:=cut
        -: 4589:
        -: 4590:Description stolen from http://man.openbsd.org/strlcat.3
        -: 4591:*/
        -: 4592:#ifndef HAS_STRLCAT
        -: 4593:PERL_STATIC_INLINE Size_t
        -: 4594:Perl_my_strlcat(char *dst, const char *src, Size_t size)
        -: 4595:{
        -: 4596:    Size_t used, length, copy;
        -: 4597:
        -: 4598:    used = strlen(dst);
        -: 4599:    length = strlen(src);
        -: 4600:    if (size > 0 && used < size - 1) {
        -: 4601:        copy = (length >= size - used) ? size - used - 1 : length;
        -: 4602:        memcpy(dst + used, src, copy);
        -: 4603:        dst[used + copy] = '\0';
        -: 4604:    }
        -: 4605:    return used + length;
        -: 4606:}
        -: 4607:#endif
        -: 4608:
        -: 4609:
        -: 4610:/*
        -: 4611:=for apidoc my_strlcpy
        -: 4612:
        -: 4613:The C library C<strlcpy> if available, or a Perl implementation of it.
        -: 4614:This operates on C C<NUL>-terminated strings.
        -: 4615:
        -: 4616:C<my_strlcpy()> copies up to S<C<size - 1>> bytes from the string C<src>
        -: 4617:to C<dst>, C<NUL>-terminating the result if C<size> is not 0.
        -: 4618:
        -: 4619:The return value is the total length C<src> would be if the copy completely
        -: 4620:succeeded.  If it is larger than C<size>, the excess was not copied.
        -: 4621:
        -: 4622:=cut
        -: 4623:
        -: 4624:Description stolen from http://man.openbsd.org/strlcpy.3
        -: 4625:*/
        -: 4626:#ifndef HAS_STRLCPY
        -: 4627:PERL_STATIC_INLINE Size_t
        -: 4628:Perl_my_strlcpy(char *dst, const char *src, Size_t size)
        -: 4629:{
        -: 4630:    Size_t length, copy;
        -: 4631:
        -: 4632:    length = strlen(src);
        -: 4633:    if (size > 0) {
        -: 4634:        copy = (length >= size) ? size - 1 : length;
        -: 4635:        memcpy(dst, src, copy);
        -: 4636:        dst[copy] = '\0';
        -: 4637:    }
        -: 4638:    return length;
        -: 4639:}
        -: 4640:#endif
        -: 4641:
        -: 4642:/*
        -: 4643: * ex: set ts=8 sts=4 sw=4 et:
        -: 4644: */
