        -:    0:Source:LikeR.xs
        -:    0:Graph:./Stats-LikeR-0.06/LikeR.gcno
        -:    0:Data:./Stats-LikeR-0.06/LikeR.gcda
        -:    0:Runs:1
        -:    0:Source is newer than graph
        -:    1:#define _GNU_SOURCE
        -:    2:/* --- C HELPER SECTION --- */
        -:    3:#define PERL_NO_GET_CONTEXT
        -:    4:#include "EXTERN.h"
        -:    5:#include "perl.h"
        -:    6:#include "XSUB.h"
        -:    7:#include "ppport.h"
        -:    8:#include <math.h>
        -:    9:#include <ctype.h>
        -:   10:#include <stdlib.h>
        -:   11:#include <float.h>
        -:   12:#include <string.h>
        -:   13:#include <stdint.h>   /* uint64_t — harmless if perl.h already pulled it in */
        -:   14:
        -:   15:/* ── sample(): private splitmix64 PRNG ─────────────────────────────────────
        -:   16: *
        -:   17: * sample() gets its own PRNG state, completely separate from Drand01.
        -:   18: * That means generate_binomial(), ruif(), rbinom(), and every other caller
        -:   19: * of Drand01() are unaffected — their streams are never advanced or reseeded
        -:   20: * by anything sample() does.
        -:   21: *
        -:   22: * Seeding is lazy (first call) and reads from /dev/urandom; falls back to
        -:   23: * time()^PID on systems without it.  No aTHX needed: all calls are plain C.
        -:   24: * PERL_NO_GET_CONTEXT is therefore not a concern here.
        -:   25: */
        -:   26:static uint64_t sample__state  = 0;
        -:   27:static bool     sample__seeded = FALSE;
        -:   28:
function exact_pnt called 229 returned 100% blocks executed 90%
      229:   29:PERL_STATIC_INLINE uint64_t
     229*:   30:sample__mix64(void)
      229:   30-block  0
branch  0 taken 0 (fallthrough)
branch  1 taken 229
    %%%%%:   30-block  1
        -:   31:{
      229:   32:	uint64_t z = (sample__state += UINT64_C(0x9e3779b97f4a7c15));
      229:   33:	z = (z ^ (z >> 30)) * UINT64_C(0xbf58476d1ce4e5b9);
      229:   34:	z = (z ^ (z >> 27)) * UINT64_C(0x94d049bb133111eb);
      229:   35:	return z ^ (z >> 31);
        -:   36:}
      229:   37:
      229:   38:static void
        -:   39:sample__seed(void)
  6870000:   40:{
      229:   40-block  0
  6870000:   40-block  1
branch  0 taken 6869771
branch  1 taken 229 (fallthrough)
  6869771:   41:	uint64_t s = 0;
  6869771:   42:	size_t   got = 0;
        -:   43:	FILE    *restrict ur  = fopen("/dev/urandom", "rb");
        -:   44:	if (ur) { got = fread(&s, sizeof s, 1, ur); fclose(ur); }
  6869771:   45:	if (got != 1 || s == 0)
  6869771:   46:	  s = (uint64_t)time(NULL) ^ ((uint64_t)getpid() << 32);
        -:   47:	sample__state  = s;
        -:   48:	(void)sample__mix64();   /* discard first output to warm the state */
  6869771:   49:	sample__seeded = TRUE;
  6869771:   50:}
        -:   51:
  6869771:   52:/* Uniform integer in [0, upper) — rejection loop, no modulo bias */
  6869771:   52-block  0
branch  0 taken 3435000 (fallthrough)
branch  1 taken 3434771
  3435000:   52-block  1
  3434771:   52-block  2
  6869771:   53:PERL_STATIC_INLINE size_t
  6869771:   53-block  0
        -:   54:sample__rand(size_t upper) {
        -:   55:	const uint64_t u = (uint64_t)upper;
      229:   56:	const uint64_t t = (uint64_t)(-(uint64_t)u) % u;
      229:   56-block  0
        -:   57:	uint64_t r;
        -:   58:	do { r = sample__mix64(); } while (r < t);
        -:   59:	return (size_t)(r % u);
        -:   60:}
        -:   61:/* ── end sample() private PRNG ─────────────────────────────────────────── */
function compare_rank called 11 returned 100% blocks executed 100%
       11:   62:
       11:   63:/* Ensure Perl's PRNG is seeded, matching the lazy-evaluation of Perl's rand() */
       11:   64:#define AUTO_SEED_PRNG() \
       11:   64-block  0
        -:   65:    do { \
        -:   66:        if (!PL_srand_called) { \
function compare_index called 11 returned 100% blocks executed 100%
       11:   67:            (void)seedDrand01((Rand_seed_t)Perl_seed(aTHX)); \
       11:   68:            PL_srand_called = TRUE; \
       11:   68-block  0
        -:   69:        } \
        -:   70:    } while (0)
function compute_ranks called 2 returned 100% blocks executed 95%
        2:   71:
        2:   72:// ---------------------------------------
        2:   72-block  0
call    0 returned 2
       12:   73://   Helpers for Random Number Generation
       12:   73-block  0
branch  0 taken 10
branch  1 taken 2 (fallthrough)
       10:   74:// ---------------------------------------
       10:   75:#ifndef M_PI
       10:   75-block  0
        -:   76:#define M_PI 3.14159265358979323846
        2:   77:#endif
        2:   77-block  0
call    0 returned 2
        -:   78:// C helper for EXACT Non-central T-distribution CDF via Numerical Integration.
       12:   79:// This perfectly replicates R's pt(..., ncp) exactness without requiring complex Beta functions.
       12:   79-block  0
branch  0 taken 10
branch  1 taken 2 (fallthrough)
       10:   80:static double exact_pnt(double t, double df, double ncp) {
      10*:   81:	if (df <= 0.0) return 0.0;
       10:   81-block  0
    %%%%%:   81-block  1
       10:   81-block  2
branch  0 taken 8 (fallthrough)
branch  1 taken 2
        8:   81-block  3
branch  2 taken 0
branch  3 taken 8 (fallthrough)
       10:   82:	unsigned short int n_steps = 30000;
       20:   83:	double step = 1.0 / n_steps;
       10:   83-block  0
       10:   83-block  1
       20:   83-block  2
branch  0 taken 10
branch  1 taken 10 (fallthrough)
       10:   84:	double integral = 0.0, half_df = df / 2.0;
       10:   84-block  0
        -:   85:
        2:   86:	double log_coef = log(2.0) + half_df * log(half_df) - lgamma(half_df);
        2:   86-block  0
call    0 returned 2
       12:   87:	double root_half = 0.70710678118654752440; // 1 / sqrt(2)
       10:   87-block  0
       12:   87-block  1
branch  0 taken 10
branch  1 taken 2 (fallthrough)
        2:   88:
        2:   88-block  0
call    0 returned 2
        2:   89:	for (unsigned short i = 1; i < n_steps; i++) {
        -:   90:		double u = i * step;
        -:   91:		double w = u / (1.0 - u);
function generate_binomial called 20499 returned 100% blocks executed 100%
    20499:   92:		// Scaled Chi-distribution log-density
    20499:   93:		double log_M = log_coef + (df - 1.0) * log(w) - half_df * w * w;
    20499:   93-block  0
branch  0 taken 100 (fallthrough)
branch  1 taken 20399
      100:   93-block  1
    20399:   94:		double M = exp(log_M);
    20399:   94-block  0
branch  0 taken 100 (fallthrough)
branch  1 taken 20299
      100:   94-block  1
        -:   95:		// Exact Normal CDF using the C standard library's erfc function
    20299:   96:		double z = t * w - ncp;
   312290:   97:		double pnorm_val = 0.5 * erfc(-z * root_half);
    20299:   97-block  0
   291991:   97-block  1
   312290:   97-block  2
branch  0 taken 291991
branch  1 taken 20299 (fallthrough)
   291991:   98:		double weight = (i % 2 != 0) ? 4.0 : 2.0;
   291991:   98-block  0
call    0 returned 291991
branch  1 taken 105698 (fallthrough)
branch  2 taken 186293
   105698:   98-block  1
        -:   99:		integral += weight * (pnorm_val * M / ((1.0 - u) * (1.0 - u)));
    20299:  100:	}
    20299:  100-block  0
        -:  101:	return integral * (step / 3.0);
        -:  102:}
function log_choose called 142 returned 100% blocks executed 100%
      142:  103:// --- Math Helpers for P-values and Confidence Intervals --- 
      142:  104:
      142:  104-block  0
        -:  105:// Ranking helper with tie adjustment (matches R's tie handling)
        -:  106:typedef struct { double val; size_t idx; double rank; } RankInfo;
        -:  107:static int compare_rank(const void *restrict a, const void *restrict b) {
function calc_tails_logspace called 404 returned 100% blocks executed 100%
      404:  108:	double diff = ((RankInfo*)a)->val - ((RankInfo*)b)->val;
      404:  109:	return (diff > 0) - (diff < 0);
        -:  110:}
     3352:  111:
      404:  111-block  0
     2948:  111-block  1
     3352:  111-block  2
branch  0 taken 2948
branch  1 taken 404 (fallthrough)
     2948:  112:static int compare_index(const void *restrict a, const void *restrict b) {
     2948:  113:	return ((RankInfo*)a)->idx - ((RankInfo*)b)->idx;
     2948:  113-block  0
branch  0 taken 2209 (fallthrough)
branch  1 taken 739
     2209:  113-block  1
        -:  114:}
        -:  115:
      404:  116:static void compute_ranks(double *restrict data, double *restrict ranks, size_t n) {
     3352:  117:	RankInfo *restrict items = safemalloc(n * sizeof(RankInfo));
      404:  117-block  0
     3352:  117-block  1
branch  0 taken 2948
branch  1 taken 404 (fallthrough)
     2948:  118:	for (size_t i = 0; i < n; i++) {
     2948:  118-block  0
        -:  119:		items[i].val = data[i];
        -:  120:		items[i].idx = i;
      404:  121:	}
      404:  122:	qsort(items, n, sizeof(RankInfo), compare_rank);
        -:  123:	// Handle ties by averaging ranks
     3352:  124:	for (size_t i = 0; i < n; ) {
      404:  124-block  0
     2948:  124-block  1
     3352:  124-block  2
branch  0 taken 2948
branch  1 taken 404 (fallthrough)
     2948:  125:		size_t j = i + 1;
     2948:  126:		while (j < n && items[j].val == items[i].val) j++;
     2948:  126-block  0
branch  0 taken 2486 (fallthrough)
branch  1 taken 462
     2486:  126-block  1
     2948:  127:		double avg_rank = (i + 1 + j) / 2.0;
     2948:  127-block  0
branch  0 taken 866 (fallthrough)
branch  1 taken 2082
      866:  127-block  1
        -:  128:		for (size_t k = i; k < j; k++) items[k].rank = avg_rank;
      404:  129:		i = j;
        -:  130:	}
        -:  131:	qsort(items, n, sizeof(RankInfo), compare_index);
function calculate_exact_stats called 5 returned 100% blocks executed 96%
        5:  132:	for (size_t i = 0; i < n; i++) ranks[i] = items[i].rank;
        5:  133:	Safefree(items);
        5:  134:}
        5:  135:// Generates a single binomial random variate. 
        5:  135-block  0
branch  0 taken 4 (fallthrough)
branch  1 taken 1
        4:  135-block  1
        1:  135-block  2
        5:  136://Uses the standard Bernoulli trial loop. Drand01() taps into Perl's PRNG.
        -:  137:static size_t generate_binomial(const size_t size, const double prob) {
        5:  138:	if (prob <= 0.0) return 0;
        5:  139:	if (prob >= 1.0) return size;
        -:  140:
        5:  141:	size_t successes = 0;
        5:  141-block  0
call    0 returned 5
        5:  142:	for (size_t i = 0; i < size; i++) {
call    0 returned 5
       38:  143:		if (Drand01() <= prob) successes++;
       38:  143-block  0
branch  0 taken 33
branch  1 taken 5 (fallthrough)
       33:  144:	}
       33:  144-block  0
call    0 returned 33
call    1 returned 33
        -:  145:	return successes;
        -:  146:}
        -:  147:// Helper: log combination
       5*:  148:static double log_choose(size_t n, size_t k) {
        5:  148-block  0
branch  0 taken 0 (fallthrough)
branch  1 taken 5
    %%%%%:  148-block  1
branch  2 never executed (fallthrough)
branch  3 never executed
    %%%%%:  148-block  2
       5*:  149:	return lgamma((double)n + 1.0) - lgamma((double)k + 1.0) - lgamma((double)(n - k) + 1.0);
        5:  149-block  0
branch  0 taken 0 (fallthrough)
branch  1 taken 5
    %%%%%:  149-block  1
        5:  150:}
        5:  150-block  0
branch  0 taken 1 (fallthrough)
branch  1 taken 4
        1:  150-block  1
        -:  151:
        4:  152:// Log-space tails for non-central hypergeometric
      232:  153:static void calc_tails_logspace(size_t a, size_t min_x, size_t max_x, double omega, const double *logdc, double *restrict lower_tail, double *restrict upper_tail) {
        4:  153-block  0
      228:  153-block  1
      232:  153-block  2
branch  0 taken 232
branch  1 taken 0 (fallthrough)
      232:  154:	double max_d = -1e300, log_omega = log(omega);
      232:  155:
     1856:  156:	for(size_t k = 0; k <= max_x - min_x; ++k) {
      232:  156-block  0
     1624:  156-block  1
     1856:  156-block  2
branch  0 taken 1624
branch  1 taken 232 (fallthrough)
     1624:  157:	  double d_val = logdc[k] + log_omega * (min_x + k);
     1624:  158:	  if (d_val > max_d) max_d = d_val;
     1624:  158-block  0
branch  0 taken 1346 (fallthrough)
branch  1 taken 278
     1346:  158-block  1
        -:  159:	}
      232:  160:
     1856:  161:	double sum_d = 0.0;
      232:  161-block  0
     1856:  161-block  1
branch  0 taken 1624
branch  1 taken 232 (fallthrough)
     1624:  162:	for(size_t k = 0; k <= max_x - min_x; ++k) {
     1624:  163:	  sum_d += exp(logdc[k] + log_omega * (min_x + k) - max_d);
     1624:  164:	}
     1624:  164-block  0
        -:  165:
      232:  166:	*lower_tail = 0.0;
        -:  167:	*upper_tail = 0.0;
      232:  168:
      232:  168-block  0
branch  0 taken 140 (fallthrough)
branch  1 taken 92
      140:  168-block  1
       92:  169:	for(size_t k = 0; k <= max_x - min_x; ++k) {
       92:  169-block  0
      232:  170:	  double p_prob = exp(logdc[k] + log_omega * (min_x + k) - max_d) / sum_d;
      232:  170-block  0
branch  0 taken 4 (fallthrough)
branch  1 taken 228
        4:  170-block  1
        -:  171:	  if (min_x + k <= a) *lower_tail += p_prob;
        4:  172:	  if (min_x + k >= a) *upper_tail += p_prob;
        4:  172-block  0
        -:  173:	}
        -:  174:}
        5:  175:
        5:  176:// Exact stats using log-space
        -:  177:static void calculate_exact_stats(size_t a, size_t b, size_t c, size_t d, double conf_level, const char*restrict alt, double *restrict mle_or, double *restrict ci_low, double *restrict ci_high) {
        -:  178:    double alpha = 1.0 - conf_level;
        5:  179:    size_t r1 = a + b, r2 = c + d, c1 = a + c;
        5:  179-block  0
branch  0 taken 4 (fallthrough)
branch  1 taken 1
        4:  180:    size_t min_x = (r2 > c1) ? 0 : c1 - r2;
        4:  180-block  0
branch  0 taken 1 (fallthrough)
branch  1 taken 3
        1:  180-block  1
        3:  180-block  2
        4:  181:    size_t max_x = (r1 < c1) ? r1 : c1;
        4:  181-block  0
branch  0 taken 4 (fallthrough)
branch  1 taken 0
        4:  182:    
      232:  183:    bool is_less = (strcmp(alt, "less") == 0);
        4:  183-block  0
      228:  183-block  1
      232:  183-block  2
branch  0 taken 232
branch  1 taken 0 (fallthrough)
      232:  184:    bool is_greater = (strcmp(alt, "greater") == 0);
      232:  185:
      232:  186:    double *restrict logdc = (double*)safemalloc((max_x - min_x + 1) * sizeof(double));
      232:  186-block  0
call    0 returned 232
      232:  187:    double denom = log_choose(r1 + r2, c1);
      232:  188:    for(size_t x = min_x; x <= max_x; ++x) {
branch  0 taken 103 (fallthrough)
branch  1 taken 129
      103:  188-block  0
      232:  189:        logdc[x - min_x] = log_choose(r1, x) + log_choose(r2, c1 - x) - denom;
      232:  189-block  0
branch  0 taken 126 (fallthrough)
branch  1 taken 106
      126:  189-block  1
      106:  190:    }
      106:  190-block  0
      232:  191:
      232:  191-block  0
branch  0 taken 4 (fallthrough)
branch  1 taken 228
        4:  191-block  1
        -:  192:    // MLE
        4:  193:    if (a == min_x && a == max_x) *mle_or = 1.0;
        4:  193-block  0
        -:  194:    else if (a == min_x) *mle_or = 0.0;
        -:  195:    else if (a == max_x) *mle_or = INFINITY;
        -:  196:    else {
        -:  197:        double log_low = -100.0, log_high = 100.0;
        5:  198:        for (unsigned short int i = 0; i < 3000; i++) {
        5:  198-block  0
branch  0 taken 4 (fallthrough)
branch  1 taken 1
        4:  199:            double log_mid = 0.5 * (log_low + log_high);
        4:  199-block  0
branch  0 taken 1 (fallthrough)
branch  1 taken 3
        1:  199-block  1
        3:  199-block  2
        4:  200:            double max_d = -1e300;
        4:  200-block  0
branch  0 taken 3 (fallthrough)
branch  1 taken 1
        3:  201:            for(size_t k = 0; k <= max_x - min_x; ++k) {
      172:  202:                double d_val = logdc[k] + log_mid * (min_x + k);
        3:  202-block  0
      169:  202-block  1
      172:  202-block  2
branch  0 taken 172
branch  1 taken 0 (fallthrough)
      172:  203:                if (d_val > max_d) max_d = d_val;
      172:  204:            }
      172:  205:            double sum_d = 0.0, exp_val = 0.0;
      172:  205-block  0
call    0 returned 172
      172:  206:            for(size_t k = 0; k <= max_x - min_x; ++k) {
      172:  207:                double p_prob = exp(logdc[k] + log_mid * (min_x + k) - max_d);
branch  0 taken 84 (fallthrough)
branch  1 taken 88
       84:  207-block  0
      172:  208:                sum_d += p_prob;
      172:  208-block  0
branch  0 taken 84 (fallthrough)
branch  1 taken 88
       84:  208-block  1
       88:  209:                exp_val += (min_x + k) * p_prob;
       88:  209-block  0
      172:  210:            }
      172:  210-block  0
branch  0 taken 3 (fallthrough)
branch  1 taken 169
        3:  210-block  1
        -:  211:            exp_val /= sum_d;
        3:  212:            
        3:  212-block  0
        -:  213:            if (exp_val > a) log_high = log_mid;
        -:  214:            else log_low = log_mid;
        5:  215:            if (log_high - log_low < 1e-15) break;
        5:  215-block  0
call    0 returned 5
        5:  216:        }
        -:  217:        *mle_or = exp(0.5 * (log_low + log_high));
        -:  218:    }
function exact_p_value called 5 returned 100% blocks executed 97%
        5:  219:
        5:  220:    *ci_low = 0.0;
        5:  221:    *ci_high = INFINITY;
        5:  221-block  0
branch  0 taken 4 (fallthrough)
branch  1 taken 1
        4:  221-block  1
        1:  221-block  2
        5:  222:
        -:  223:    // Lower CI
        5:  224:    if (!is_less) { 
        5:  224-block  0
call    0 returned 5
        5:  225:        double target_alpha = is_greater ? alpha : alpha / 2.0;
call    0 returned 5
       38:  226:        if (a != min_x) {
       38:  226-block  0
branch  0 taken 33
branch  1 taken 5 (fallthrough)
       33:  227:            double log_low = -100.0, log_high = 100.0, best = 1.0, best_err = 1e9, lt, ut;
       33:  227-block  0
call    0 returned 33
call    1 returned 33
        -:  228:            for (unsigned short int i = 0; i < 1000; i++) {
        -:  229:                double log_mid = 0.5 * (log_low + log_high);
        5:  230:                double mid = exp(log_mid);
        -:  231:                calc_tails_logspace(a, min_x, max_x, mid, logdc, &lt, &ut);
        5:  232:                double err = fabs(ut - target_alpha);
        5:  232-block  0
branch  0 taken 1 (fallthrough)
branch  1 taken 4
        5:  233:                if (err < best_err) { best_err = err; best = mid; }
        1:  233-block  0
        4:  233-block  1
        5:  233-block  2
branch  0 taken 4
branch  1 taken 1
        4:  234:                if (ut > target_alpha) log_high = log_mid;
        4:  234-block  0
branch  0 taken 1 (fallthrough)
branch  1 taken 3
        3:  235:                else log_low = log_mid;
        1:  235-block  0
        2:  235-block  1
        3:  235-block  2
branch  0 taken 2
branch  1 taken 1
        -:  236:                if (log_high - log_low < 1e-15) break;
        3:  237:            }
        3:  238:            *ci_low = best;
       26:  239:        }
        3:  239-block  0
       23:  239-block  1
       26:  239-block  2
branch  0 taken 23
branch  1 taken 3 (fallthrough)
       23:  240:    }
       23:  241:
       23:  241-block  0
branch  0 taken 10 (fallthrough)
branch  1 taken 13
       10:  241-block  1
        -:  242:    // Upper CI
        -:  243:    if (!is_greater) { 
        -:  244:        double target_alpha = is_less ? alpha : alpha / 2.0;
        5:  245:        if (a != max_x) {
        5:  245-block  0
call    0 returned 5
       5*:  246:            double log_low = -100.0, log_high = 100.0, best = 1.0, best_err = 1e9, lt, ut;
branch  0 taken 0 (fallthrough)
branch  1 taken 5
    %%%%%:  246-block  0
        5:  246-block  1
        5:  246-block  2
        -:  247:            for (unsigned short int i = 0; i < 1000; i++) {
        -:  248:                double log_mid = 0.5 * (log_low + log_high);
        -:  249:                double mid = exp(log_mid);
        -:  250:                calc_tails_logspace(a, min_x, max_x, mid, logdc, &lt, &ut);
        -:  251:                double err = fabs(lt - target_alpha);
        -:  252:                if (err < best_err) { best_err = err; best = mid; }
        -:  253:                if (lt > target_alpha) log_low = log_mid;
        -:  254:                else log_high = log_mid;
        -:  255:                if (log_high - log_low < 1e-15) break;
function sweep_matrix_ols called 44 returned 100% blocks executed 100%
       44:  256:            }
       44:  257:            *ci_high = best;
       44:  258:        }
       44:  258-block  0
call    0 returned 44
        -:  259:    }
        -:  260:    safefree(logdc);
      170:  261:}
      170:  261-block  0
branch  0 taken 126
branch  1 taken 44 (fallthrough)
      126:  262:
      126:  263:// Exact p-value using log-space
      126:  263-block  0
        -:  264:static double exact_p_value(size_t a, size_t b, size_t c, size_t d, const char* alt) {
        -:  265:    size_t r1 = a + b, r2 = c + d, c1 = a + c;
      170:  266:    size_t min_x = (r2 > c1) ? 0 : c1 - r2;
       44:  266-block  0
      126:  266-block  1
      170:  266-block  2
branch  0 taken 126
branch  1 taken 44 (fallthrough)
        -:  267:    size_t max_x = (r1 < c1) ? r1 : c1;
        -:  268:
      126:  269:    double *logdc = (double*)safemalloc((max_x - min_x + 1) * sizeof(double));
      126:  269-block  0
branch  0 taken 125 (fallthrough)
branch  1 taken 1
      125:  269-block  1
branch  2 taken 0 (fallthrough)
branch  3 taken 125
        1:  270:    double denom = log_choose(r1 + r2, c1);
        -:  271:    for(size_t x = min_x; x <= max_x; ++x) {
        4:  272:        logdc[x - min_x] = log_choose(r1, x) + log_choose(r2, c1 - x) - denom;
        1:  272-block  0
        4:  272-block  1
branch  0 taken 3
branch  1 taken 1 (fallthrough)
        3:  273:    }
        3:  274:
        3:  274-block  0
        -:  275:    double p_val = 0.0;
        1:  276:    
        1:  276-block  0
        -:  277:    if (strcmp(alt, "less") == 0) {
      125:  278:        for(size_t x = min_x; x <= a; ++x) p_val += exp(logdc[x - min_x]);
      125:  279:    } else if (strcmp(alt, "greater") == 0) {
      125:  280:        for(size_t x = a; x <= max_x; ++x) p_val += exp(logdc[x - min_x]);
      492:  281:    } else {
      125:  281-block  0
      367:  281-block  1
      492:  281-block  2
branch  0 taken 367
branch  1 taken 125 (fallthrough)
      492:  282:        double p_obs = exp(logdc[a - min_x]);
      125:  282-block  0
      367:  282-block  1
      492:  282-block  2
branch  0 taken 367
branch  1 taken 125 (fallthrough)
      367:  283:        double relErr = 1.0 + 1e-7;
      367:  283-block  0
branch  0 taken 242 (fallthrough)
branch  1 taken 125
      242:  283-block  1
branch  2 taken 236 (fallthrough)
branch  3 taken 6
      236:  284:        for(size_t x = min_x; x <= max_x; ++x) {
      236:  285:            double p_cur = exp(logdc[x - min_x]);
      946:  286:            if (p_cur <= p_obs * relErr) p_val += p_cur;
      236:  286-block  0
      946:  286-block  1
branch  0 taken 710
branch  1 taken 236 (fallthrough)
      710:  287:        }
      710:  287-block  0
        -:  288:    }
        -:  289:    
        -:  290:    safefree(logdc);
        -:  291:    return (p_val > 1.0) ? 1.0 : p_val;
       44:  292:}
       44:  292-block  0
call    0 returned 44
       44:  293:/* -----------------------------------------------------------------------
        -:  294: * Helpers for lm Linear Regression: OLS Matrix Math & Formula Parsing
        -:  295: * ----------------------------------------------------------------------- */
        -:  296:
function get_data_value called 1759 returned 100% blocks executed 100%
     1759:  297:/* Sweep operator for symmetric positive-definite matrices (e.g., XtX).
     1759:  298: * This gracefully handles collinearity by bypassing aliased columns.
     1759:  299: * Utilizes a relative tolerance check to prevent dropping micro-variance features.
     1759:  299-block  0
branch  0 taken 1184 (fallthrough)
branch  1 taken 575
     1184:  300: */
     1184:  300-block  0
call    0 returned 1184
     1184:  301:static int sweep_matrix_ols(double *restrict A, size_t n, bool *restrict aliased) {
branch  0 taken 1184 (fallthrough)
branch  1 taken 0
     1184:  301-block  0
branch  2 taken 1184 (fallthrough)
branch  3 taken 0
     1184:  301-block  1
branch  4 taken 1184 (fallthrough)
branch  5 taken 0
     1184:  302:	int rank = 0;
     1184:  303:	double *restrict orig_diag = (double*)safemalloc(n * sizeof(double));
     1184:  303-block  0
call    0 returned 1184
        -:  304:
      575:  305:	// Save the original diagonal values to use as a baseline for relative variance
      575:  305-block  0
branch  0 taken 575 (fallthrough)
branch  1 taken 0
      575:  306:	for (size_t k = 0; k < n; k++) {
      575:  306-block  0
call    0 returned 575
      575:  307:		aliased[k] = FALSE;
branch  0 taken 575 (fallthrough)
branch  1 taken 0
      575:  307-block  0
branch  2 taken 575 (fallthrough)
branch  3 taken 0
      575:  307-block  1
branch  4 taken 575 (fallthrough)
branch  5 taken 0
      575:  308:		orig_diag[k] = A[k * n + k];
      575:  309:	}
      575:  309-block  0
call    0 returned 575
        -:  310:
        -:  311:	for (size_t k = 0; k < n; k++) {
     1759:  312:		// Check pivot for collinearity using a RELATIVE tolerance
     1759:  312-block  0
branch  0 taken 1759 (fallthrough)
branch  1 taken 0
     1759:  312-block  1
branch  2 taken 1756 (fallthrough)
branch  3 taken 3
     1756:  313:		// (Fallback to a tiny absolute tolerance of 1e-24 to catch literal zero vectors)
     1756:  313-block  0
call    0 returned 1756
branch  1 taken 1707 (fallthrough)
branch  2 taken 49
     1707:  313-block  1
call    3 returned 1707
       49:  314:		if (fabs(A[k * n + k]) <= 1e-10 * orig_diag[k] || fabs(A[k * n + k]) < 1e-24) {
       49:  314-block  0
        -:  315:			aliased[k] = TRUE;
        3:  316:			// Isolate this column so it doesn't affect the rest of the matrix
        3:  316-block  0
        -:  317:			for (size_t i = 0; i < n; i++) { 
        -:  318:				A[k * n + i] = 0.0; 
        -:  319:				A[i * n + k] = 0.0; 
function get_all_columns called 8 returned 100% blocks executed 52%
        8:  320:			}
        8:  321:			continue;
        8:  321-block  0
call    0 returned 8
        8:  322:		}
branch  0 taken 8 (fallthrough)
branch  1 taken 0
        8:  323:		rank++;
        8:  323-block  0
call    0 returned 8
        -:  324:		double pivot = 1.0 / A[k * n + k];
       30:  325:		A[k * n + k] = 1.0;
       30:  325-block  0
call    0 returned 30
branch  1 taken 22
branch  2 taken 8
       22:  326:		for (size_t j = 0; j < n; j++) A[k * n + j] *= pivot;
       22:  326-block  0
call    0 returned 22
call    1 returned 22
call    2 returned 22
        -:  327:		for (size_t i = 0; i < n; i++) {
    #####:  328:			if (i != k && A[i * n + k] != 0.0) {
    %%%%%:  328-block  0
branch  0 never executed (fallthrough)
branch  1 never executed
    %%%%%:  328-block  1
branch  2 never executed (fallthrough)
branch  3 never executed
    %%%%%:  328-block  2
branch  4 never executed (fallthrough)
branch  5 never executed
    #####:  329:				  double factor = A[i * n + k];
    %%%%%:  329-block  0
call    0 never executed
        -:  330:				  A[i * n + k] = 0.0;
    #####:  331:				  for (size_t j = 0; j < n; j++) {
    %%%%%:  331-block  0
call    0 never executed
branch  1 never executed
branch  2 never executed (fallthrough)
    #####:  332:				       A[i * n + j] -= factor * A[k * n + j];
    %%%%%:  332-block  0
call    0 never executed
call    1 never executed
call    2 never executed
        -:  333:				  }
        -:  334:			}
        8:  335:		}
        8:  335-block  0
        -:  336:	}
        -:  337:	Safefree(orig_diag);
        -:  338:	return rank;
function evaluate_term called 1791 returned 100% blocks executed 52%
     1791:  339:}
    1791*:  340:
     1791:  340-block  0
branch  0 taken 1791 (fallthrough)
branch  1 taken 0
     1791:  340-block  1
branch  2 taken 0 (fallthrough)
branch  3 taken 1791
    %%%%%:  340-block  2
        -:  341:// Internal extractor resolving single data values. Returns NAN on missing or non-numeric.
     1791:  342:static double get_data_value(HV *restrict data_hoa, HV **restrict row_hashes, unsigned int i, const char *restrict var) {
     1791:  342-block  0
call    0 returned 1791
     1791:  343:    SV **restrict val = NULL;
     1791:  344:    if (row_hashes) {
branch  0 taken 32 (fallthrough)
branch  1 taken 1759
       32:  345:        val = hv_fetch(row_hashes[i], var, strlen(var), 0);
       32:  346:        if (val && SvROK(*val) && SvTYPE(SvRV(*val)) == SVt_PVAV) {
       32:  346-block  0
call    0 returned 32
       32:  347:            AV*restrict av = (AV*)SvRV(*val);
call    0 returned 32
       32:  348:            val = av_fetch(av, 0, 0);
call    0 returned 32
        -:  349:        }
      32*:  350:    } else if (data_hoa) {
branch  0 taken 32 (fallthrough)
branch  1 taken 0
       32:  350-block  0
branch  2 taken 0 (fallthrough)
branch  3 taken 32
    %%%%%:  350-block  1
       32:  351:        SV**restrict col = hv_fetch(data_hoa, var, strlen(var), 0);
       32:  351-block  0
        -:  352:        if (col && SvROK(*col) && SvTYPE(SvRV(*col)) == SVt_PVAV) {
     1759:  353:            AV*restrict av = (AV*)SvRV(*col);
     1759:  353-block  0
branch  0 taken 0 (fallthrough)
branch  1 taken 1759
    #####:  354:            val = av_fetch(av, i, 0);
    #####:  355:        }
    %%%%%:  355-block  0
branch  0 never executed (fallthrough)
branch  1 never executed
    %%%%%:  355-block  1
    #####:  356:    }
    #####:  357:    if (val && SvOK(*val)) {
    #####:  358:        if (looks_like_number(*val)) return SvNV(*val);
    #####:  359:        return NAN; // Catch strings like "blue"
    %%%%%:  359-block  0
branch  0 never executed (fallthrough)
branch  1 never executed
    #####:  360:    }
    #####:  361:    return NAN; // Catch undef/missing keys
    %%%%%:  361-block  0
        -:  362:}
    #####:  363:
    %%%%%:  363-block  0
call    0 never executed
    #####:  364:// Helper: Get all available columns for the '.' operator expansion
call    0 never executed
        -:  365:static AV* get_all_columns(HV *restrict data_hoa, HV **restrict row_hashes, size_t n) {
    #####:  366:    AV *cols = newAV();
branch  0 never executed (fallthrough)
branch  1 never executed
    %%%%%:  366-block  0
    #####:  367:    if (data_hoa) {
    %%%%%:  367-block  0
branch  0 never executed (fallthrough)
branch  1 never executed
    %%%%%:  367-block  1
    %%%%%:  367-block  2
    %%%%%:  367-block  3
        -:  368:        hv_iterinit(data_hoa);
     1759:  369:        HE *entry;
     1759:  369-block  0
call    0 returned 1759
     1759:  370:        while ((entry = hv_iternext(data_hoa))) {
call    0 returned 1759
     1759:  371:            av_push(cols, newSVsv(hv_iterkeysv(entry)));
        -:  372:        }
        -:  373:    } else if (row_hashes && n > 0 && row_hashes[0]) {
        -:  374:        hv_iterinit(row_hashes[0]);
function is_column_categorical called 54 returned 100% blocks executed 100%
       54:  375:        HE *entry;
       86:  376:        while ((entry = hv_iternext(row_hashes[0]))) {
       54:  376-block  0
       32:  376-block  1
       86:  376-block  2
branch  0 taken 85
branch  1 taken 1 (fallthrough)
       85:  377:            av_push(cols, newSVsv(hv_iterkeysv(entry)));
       85:  378:        }
       85:  378-block  0
branch  0 taken 55 (fallthrough)
branch  1 taken 30
       55:  379:    }
       55:  379-block  0
call    0 returned 55
       55:  380:    return cols;
branch  0 taken 23 (fallthrough)
branch  1 taken 32
       23:  380-block  0
branch  2 taken 23 (fallthrough)
branch  3 taken 0
       23:  380-block  1
branch  4 taken 23 (fallthrough)
branch  5 taken 0
       23:  381:}
       23:  382:
       23:  382-block  0
call    0 returned 23
        -:  383:// Recursive formula resolver with tightened NaN and Null handling
       30:  384:static double evaluate_term(HV *restrict data_hoa, HV **restrict row_hashes, unsigned int i, const char *restrict term) {
       30:  384-block  0
branch  0 taken 30 (fallthrough)
branch  1 taken 0
       30:  385:    if (!term || term[0] == '\0') return NAN;
       30:  385-block  0
call    0 returned 30
       30:  386:
branch  0 taken 30 (fallthrough)
branch  1 taken 0
       30:  386-block  0
branch  2 taken 30 (fallthrough)
branch  3 taken 0
       30:  386-block  1
branch  4 taken 30 (fallthrough)
branch  5 taken 0
       30:  387:    char *restrict term_cpy = savepv(term); 
       30:  388:    char *restrict colon = strchr(term_cpy, ':');
       30:  388-block  0
call    0 returned 30
        -:  389:    if (colon) {
        -:  390:        *colon = '\0';
       85:  391:        double left = evaluate_term(data_hoa, row_hashes, i, term_cpy);
       85:  391-block  0
branch  0 taken 53 (fallthrough)
branch  1 taken 32
       53:  391-block  1
branch  2 taken 53 (fallthrough)
branch  3 taken 0
       53:  392:        double right = evaluate_term(data_hoa, row_hashes, i, colon + 1);
       53:  392-block  0
call    0 returned 53
branch  1 taken 44 (fallthrough)
branch  2 taken 9
       44:  392-block  1
        9:  393:        Safefree(term_cpy); 
        9:  393-block  0
        -:  394:        
        -:  395:        if (isnan(left) || isnan(right)) return NAN;
        1:  396:        return left * right;
        1:  396-block  0
        -:  397:    }
        -:  398:    if (strncmp(term_cpy, "I(", 2) == 0) {
        -:  399:        char *restrict end = strrchr(term_cpy, ')');
function get_data_string_alloc called 347 returned 100% blocks executed 68%
      347:  400:        if (end) *end = '\0';
      347:  401:        char *restrict inner = term_cpy + 2;
      347:  402:        char *restrict caret = strchr(inner, '^');
      347:  402-block  0
branch  0 taken 0 (fallthrough)
branch  1 taken 347
    #####:  403:        int power = 1;
    %%%%%:  403-block  0
call    0 never executed
    #####:  404:        if (caret) {
branch  0 never executed (fallthrough)
branch  1 never executed
    %%%%%:  404-block  0
branch  2 never executed (fallthrough)
branch  3 never executed
    %%%%%:  404-block  1
branch  4 never executed (fallthrough)
branch  5 never executed
    #####:  405:            *caret = '\0';
    #####:  406:            power = atoi(caret + 1);
    %%%%%:  406-block  0
call    0 never executed
        -:  407:        }
      347:  408:        double v = get_data_value(data_hoa, row_hashes, i, inner);
      347:  408-block  0
branch  0 taken 347 (fallthrough)
branch  1 taken 0
      347:  409:        Safefree(term_cpy); 
      347:  409-block  0
call    0 returned 347
      347:  410:        
branch  0 taken 347 (fallthrough)
branch  1 taken 0
      347:  410-block  0
branch  2 taken 347 (fallthrough)
branch  3 taken 0
      347:  410-block  1
branch  4 taken 347 (fallthrough)
branch  5 taken 0
      347:  411:        if (isnan(v)) return NAN;
      347:  412:        return power == 1 ? v : pow(v, power);
      347:  412-block  0
call    0 returned 347
        -:  413:    }
        -:  414:    double result = get_data_value(data_hoa, row_hashes, i, term_cpy);
      347:  415:    Safefree(term_cpy); 
      347:  415-block  0
branch  0 taken 347 (fallthrough)
branch  1 taken 0
      347:  415-block  1
branch  2 taken 347 (fallthrough)
branch  3 taken 0
      347:  416:    return result;
      347:  416-block  0
call    0 returned 347
call    1 returned 347
        -:  417:}
    #####:  418:
    %%%%%:  418-block  0
        -:  419:// Helper to infer column type from its first valid element
        -:  420:static bool is_column_categorical(HV *restrict data_hoa, HV **restrict row_hashes, size_t n, const char *restrict var) {
        -:  421:	for (size_t i = 0; i < n; i++) {
        -:  422:		SV **restrict val = NULL;
        -:  423:		if (row_hashes) {
        -:  424:			val = hv_fetch(row_hashes[i], var, strlen(var), 0);
        -:  425:			if (val && SvROK(*val) && SvTYPE(SvRV(*val)) == SVt_PVAV) {
        -:  426:				 AV*restrict av = (AV*)SvRV(*val);
        -:  427:				 val = av_fetch(av, 0, 0);
function cmp_pval called 1519 returned 100% blocks executed 83%
     1519:  428:			}
     1519:  429:		} else if (data_hoa) {
     1519:  430:			SV **restrict col = hv_fetch(data_hoa, var, strlen(var), 0);
     1519:  430-block  0
branch  0 taken 707 (fallthrough)
branch  1 taken 812
      707:  430-block  1
      812:  431:			if (col && SvROK(*col) && SvTYPE(SvRV(*col)) == SVt_PVAV) {
      812:  431-block  0
branch  0 taken 812 (fallthrough)
branch  1 taken 0
      812:  431-block  1
        -:  432:				 AV*restrict av = (AV*)SvRV(*col);
    #####:  433:				 val = av_fetch(av, i, 0);
    %%%%%:  433-block  0
        -:  434:			}
        -:  435:		}
        -:  436:		if (val && SvOK(*val)) {
        -:  437:			if (looks_like_number(*val)) return FALSE; // First valid is number -> Numeric Column
        -:  438:			return TRUE; // First valid is string -> Categorical Column
        -:  439:		}
        -:  440:	}
        -:  441:	return FALSE;
        -:  442:}
        -:  443:
        -:  444:/* Internal extractor resolving single data string values using dynamic allocation. */
function cmp_rank_item called 37 returned 100% blocks executed 100%
       37:  445:static char* get_data_string_alloc(HV *restrict data_hoa, HV **restrict row_hashes, size_t i, const char *restrict var) {
       37:  446:	SV **restrict val = NULL;
       37:  447:	if (row_hashes) {
       37:  447-block  0
branch  0 taken 33 (fallthrough)
branch  1 taken 4
       33:  447-block  1
        4:  448:		val = hv_fetch(row_hashes[i], var, strlen(var), 0);
        4:  448-block  0
branch  0 taken 3 (fallthrough)
branch  1 taken 1
        3:  448-block  1
        1:  449:		if (val && SvROK(*val) && SvTYPE(SvRV(*val)) == SVt_PVAV) {
        1:  449-block  0
        -:  450:			AV*restrict av = (AV*)SvRV(*val);
        -:  451:			val = av_fetch(av, 0, 0);
        -:  452:		}
        -:  453:	} else if (data_hoa) {
function rank_data called 4 returned 100% blocks executed 95%
        4:  454:		SV **restrict col = hv_fetch(data_hoa, var, strlen(var), 0);
        -:  455:		if (col && SvROK(*col) && SvTYPE(SvRV(*col)) == SVt_PVAV) {
       4*:  456:			AV*restrict av = (AV*)SvRV(*col);
        4:  456-block  0
branch  0 taken 0 (fallthrough)
branch  1 taken 4
    %%%%%:  456-block  1
call    2 never executed
        4:  456-block  2
call    3 returned 4
       32:  457:			val = av_fetch(av, i, 0);
       28:  457-block  0
       32:  457-block  1
branch  0 taken 28
branch  1 taken 4 (fallthrough)
        4:  458:		}
        4:  458-block  0
call    0 returned 4
        -:  459:	}
        4:  460:	if (val && SvOK(*val)) {
       31:  461:	  return savepv(SvPV_nolen(*val)); /* Allocates and returns string */
       31:  461-block  0
branch  0 taken 27
branch  1 taken 4 (fallthrough)
       27:  462:	}
        -:  463:	return NULL;
       28:  464:}
       27:  464-block  0
        1:  464-block  1
       28:  464-block  2
branch  0 taken 24 (fallthrough)
branch  1 taken 4
       24:  464-block  3
branch  2 taken 1
branch  3 taken 23 (fallthrough)
        -:  465:
       27:  466:// Struct for sorting p-values while remembering their original index
       55:  467:typedef struct {
       27:  467-block  0
       28:  467-block  1
       55:  467-block  2
branch  0 taken 28
branch  1 taken 27 (fallthrough)
       27:  468:	double p;
       27:  468-block  0
        -:  469:	size_t orig_idx;
        4:  470:} PVal;
        4:  470-block  0
call    0 returned 4
        4:  471:
        -:  472:// Comparator for qsort
        -:  473:static int cmp_pval(const void *restrict a, const void *restrict b) {
        -:  474:	double diff = ((PVal*)a)->p - ((PVal*)b)->p;
function pearson_corr called 6 returned 100% blocks executed 86%
        6:  475:	if (diff < 0) return -1;
        6:  476:	if (diff > 0) return 1;
       36:  477:	/* Stabilize sort by falling back to original index */
        6:  477-block  0
       36:  477-block  1
branch  0 taken 30
branch  1 taken 6 (fallthrough)
       30:  478:	return ((PVal*)a)->orig_idx - ((PVal*)b)->orig_idx; 
       30:  479:}
       30:  479-block  0
        -:  480:/* -----------------------------------------------------------------------
        6:  481: * Helpers for cor(): ranking (Spearman), Pearson r, Kendall tau-b
        6:  482: * ----------------------------------------------------------------------- */
       6*:  483:/* Item used to sort values while remembering their original index,
        6:  483-block  0
branch  0 taken 0 (fallthrough)
branch  1 taken 6
    %%%%%:  483-block  1
        6:  484: * needed for average-rank tie-breaking in Spearman correlation.        */
        6:  484-block  0
        -:  485:typedef struct {
        -:  486:	double val;
        -:  487:	size_t idx;
        -:  488:} RankItem;
        -:  489:
        -:  490:static int cmp_rank_item(const void *restrict a, const void *restrict b) {
        -:  491:	double diff = ((RankItem*)a)->val - ((RankItem*)b)->val;
        -:  492:	if (diff < 0) return -1;
        -:  493:	if (diff > 0) return  1;
        -:  494:	return 0;
function kendall_tau_b called 1 returned 100% blocks executed 80%
        1:  495:}
        1:  496:
        9:  497:/* Compute 1-based average ranks with tie-breaking into out[].
        1:  497-block  0
        8:  497-block  1
        9:  497-block  2
branch  0 taken 8
branch  1 taken 1 (fallthrough)
       44:  498: * in[] is not modified.                                                 */
        8:  498-block  0
       36:  498-block  1
       44:  498-block  2
branch  0 taken 36
branch  1 taken 8 (fallthrough)
       36:  499:static void rank_data(const double *restrict in, double *restrict out, size_t n) {
       36:  500:	RankItem *restrict ri;
      36*:  501:	Newx(ri, n, RankItem);
       36:  501-block  0
branch  0 taken 1 (fallthrough)
branch  1 taken 35
        1:  501-block  1
branch  2 taken 0 (fallthrough)
branch  3 taken 1
    %%%%%:  501-block  2
       36:  502:	for (size_t i = 0; i < n; i++) { ri[i].val = in[i]; ri[i].idx = i; }
       36:  502-block  0
branch  0 taken 1 (fallthrough)
branch  1 taken 35
        1:  502-block  1
      35*:  503:	qsort(ri, n, sizeof(RankItem), cmp_rank_item);
       35:  503-block  0
branch  0 taken 0 (fallthrough)
branch  1 taken 35
    %%%%%:  503-block  1
       35:  504:
       35:  504-block  0
branch  0 taken 35 (fallthrough)
branch  1 taken 0
       35:  504-block  1
    #####:  505:	size_t i = 0;
    %%%%%:  505-block  0
        -:  506:	while (i < n) {
        -:  507:		size_t j = i;
        1:  508:		/* Find the full extent of this tie group */
       1*:  509:		while (j + 1 < n && ri[j + 1].val == ri[j].val) j++;
        1:  509-block  0
branch  0 taken 0 (fallthrough)
branch  1 taken 1
    %%%%%:  509-block  1
        1:  510:		/* All members get the average of ranks i+1 … j+1 (1-based) */
        1:  510-block  0
        -:  511:		double avg = (double)(i + j) / 2.0 + 1.0;
        -:  512:		for (size_t k = i; k <= j; k++) out[ri[k].idx] = avg;
        -:  513:		i = j + 1;
        -:  514:	}
function compute_cor called 7 returned 100% blocks executed 89%
        7:  515:	Safefree(ri);
        -:  516:}
        7:  517:
        7:  517-block  0
branch  0 taken 1 (fallthrough)
branch  1 taken 6
        -:  518:/* Pearson product-moment r between two n-element arrays.
       1*:  519: * Returns NAN when either variable has zero variance (matches R).       */
        1:  519-block  0
branch  0 taken 0 (fallthrough)
branch  1 taken 1
    %%%%%:  519-block  1
call    2 never executed
        1:  519-block  2
call    3 returned 1
branch  4 taken 0 (fallthrough)
branch  5 taken 1
    %%%%%:  519-block  3
call    6 never executed
        1:  519-block  4
call    7 returned 1
        1:  520:static double pearson_corr(const double *restrict x, const double *restrict y, size_t n) {
call    0 returned 1
        1:  521:	double sx = 0, sy = 0, sxy = 0, sx2 = 0, sy2 = 0;
call    0 returned 1
        1:  522:	for (size_t i = 0; i < n; i++) {
call    0 returned 1
        1:  523:	  sx  += x[i];     sy  += y[i];
call    0 returned 1
call    1 returned 1
        1:  524:	  sxy += x[i]*y[i]; sx2 += x[i]*x[i]; sy2 += y[i]*y[i];
        -:  525:	}
        6:  526:	double num = (double)n * sxy - sx * sy;
        6:  526-block  0
branch  0 taken 1 (fallthrough)
branch  1 taken 5
        1:  527:	double den = sqrt(((double)n * sx2 - sx*sx) * ((double)n * sy2 - sy*sy));
        1:  527-block  0
call    0 returned 1
        -:  528:	if (den == 0.0) return NAN;
        5:  529:	return num / den;
        5:  529-block  0
call    0 returned 5
        -:  530:}
        -:  531:
        -:  532:/* Kendall's tau-b between two n-element arrays.
        -:  533: *
        -:  534: *   tau-b = (C − D) / sqrt((C + D + T_x)(C + D + T_y))
        -:  535: *
        -:  536: * where C = concordant pairs, D = discordant, T_x = pairs tied only on
function _incbeta_cf called 8427 returned 100% blocks executed 71%
     8427:  537: * x, T_y = pairs tied only on y.  Joint ties (both zero) are excluded
        -:  538: * from numerator and denominator, matching R's cor(method="kendall").
        -:  539: * Returns NAN when the denominator is zero.                             */
     8427:  540:static double kendall_tau_b(const double *restrict x, const double *restrict y, unsigned int n) {
     8427:  541:	size_t C = 0, D = 0, tie_x = 0, tie_y = 0;
    8427*:  542:	for (size_t i = 0; i < n - 1; i++) {
     8427:  542-block  0
branch  0 taken 0 (fallthrough)
branch  1 taken 8427
    %%%%%:  542-block  1
     8427:  543:	  for (size_t j = i + 1; j < n; j++) {
   181198:  544:		   int sx = (x[i] > x[j]) - (x[i] < x[j]);   /* sign of x[i]-x[j] */
     8427:  544-block  0
   172771:  544-block  1
   181198:  544-block  2
branch  0 taken 181198
branch  1 taken 0 (fallthrough)
   181198:  545:		   int sy = (y[i] > y[j]) - (y[i] < y[j]);
   181198:  546:		   if      (sx == 0 && sy == 0) { /* joint tie — not counted */ }
   181198:  547:		   else if (sx == 0)            tie_x++;
  181198*:  548:		   else if (sy == 0)            tie_y++;
   181198:  548-block  0
branch  0 taken 0 (fallthrough)
branch  1 taken 181198
    %%%%%:  548-block  1
   181198:  549:		   else if (sx == sy)           C++;
  181198*:  550:		   else                         D++;
   181198:  550-block  0
branch  0 taken 0 (fallthrough)
branch  1 taken 181198
    %%%%%:  550-block  1
   181198:  551:	  }
   181198:  552:	}
   181198:  553:	double denom = sqrt((double)(C + D + tie_x) * (double)(C + D + tie_y));
  181198*:  554:	if (denom == 0.0) return NAN;
   181198:  554-block  0
branch  0 taken 0 (fallthrough)
branch  1 taken 181198
    %%%%%:  554-block  1
   181198:  555:	return (double)(C - D) / denom;
  181198*:  556:}
   181198:  556-block  0
branch  0 taken 0 (fallthrough)
branch  1 taken 181198
    %%%%%:  556-block  1
   181198:  557:
   181198:  558:/* Single dispatch: compute correlation according to method string.
   181198:  558-block  0
branch  0 taken 8427 (fallthrough)
branch  1 taken 172771
     8427:  558-block  1
        -:  559: * Allocates and frees temporary rank arrays internally for Spearman.   */
     8427:  560:static double compute_cor(const double *restrict x, const double *restrict y,
     8427:  560-block  0
        -:  561:                           size_t n, const char *restrict method) {
        -:  562:	if (strcmp(method, "spearman") == 0) {
function incbeta called 8468 returned 100% blocks executed 90%
     8468:  563:	  double *restrict rx, *restrict ry;
    8468*:  564:	  Newx(rx, n, double); Newx(ry, n, double);
     8468:  564-block  0
branch  0 taken 0 (fallthrough)
branch  1 taken 8468
    %%%%%:  564-block  1
     8468:  565:	  rank_data(x, rx, n);
     8468:  565-block  0
branch  0 taken 41 (fallthrough)
branch  1 taken 8427
       41:  565-block  1
     8427:  566:	  rank_data(y, ry, n);
     8427:  567:	  double r = pearson_corr(rx, ry, n);
     8427:  567-block  0
branch  0 taken 6847 (fallthrough)
branch  1 taken 1580
     6847:  567-block  1
call    2 returned 6847
     1580:  568:	  Safefree(rx); Safefree(ry);
     1580:  568-block  0
call    0 returned 1580
        -:  569:	  return r;
        -:  570:	}
function get_t_pvalue called 8168 returned 100% blocks executed 92%
     8168:  571:	if (strcmp(method, "kendall") == 0)
     8168:  572:	  return kendall_tau_b(x, y, n);
     8168:  573:	/* default: pearson */
     8168:  573-block  0
call    0 returned 8168
     8168:  574:	return pearson_corr(x, y, n);
branch  0 taken 2 (fallthrough)
branch  1 taken 8166
        2:  574-block  0
branch  2 taken 1 (fallthrough)
branch  3 taken 1
        1:  574-block  1
        1:  574-block  2
        2:  574-block  3
    8166*:  575:}
     8166:  575-block  0
branch  0 taken 8062 (fallthrough)
branch  1 taken 104
     8062:  575-block  1
branch  2 taken 8062 (fallthrough)
branch  3 taken 0
     8062:  575-block  2
    %%%%%:  575-block  3
     8062:  575-block  4
      104:  576:
      104:  576-block  0
        -:  577:// Math macros
        -:  578:#define MAX_ITER 500
        -:  579:#define EPS 3.0e-15
function qt_tail called 271 returned 100% blocks executed 94%
      271:  580:#define FPMIN 1.0e-30
      271:  581:
        -:  582:static double _incbeta_cf(double a, double b, double x) {
      643:  583:	int m;
      271:  583-block  0
      643:  583-block  1
call    0 returned 643
branch  1 taken 372
branch  2 taken 271 (fallthrough)
      372:  584:	double aa, c, d, del, h, qab, qam, qap;
      372:  585:	qab = a + b; qap = a + 1.0; qam = a - 1.0;
     372*:  586:	c = 1.0; d = 1.0 - qab * x / qap;
      372:  586-block  0
branch  0 taken 0 (fallthrough)
branch  1 taken 372
    %%%%%:  586-block  1
        -:  587:	if (fabs(d) < FPMIN) d = FPMIN;
        -:  588:	d = 1.0 / d; h = d;
     7418:  589:	for (m = 1; m <= MAX_ITER; m++) {
      271:  589-block  0
     7147:  589-block  1
     7418:  589-block  2
branch  0 taken 7418
branch  1 taken 0 (fallthrough)
     7418:  590:	  int m2 = 2 * m;
     7418:  591:	  aa = m * (b - m) * x / ((qam + m2) * (a + m2));
     7418:  591-block  0
call    0 returned 7418
     7418:  592:	  d = 1.0 + aa * d;
branch  0 taken 3623 (fallthrough)
branch  1 taken 3795
     3623:  593:	  if (fabs(d) < FPMIN) d = FPMIN;
     3623:  593-block  0
        -:  594:	  c = 1.0 + aa / c;
     3795:  595:	  if (fabs(c) < FPMIN) c = FPMIN;
     3795:  595-block  0
        -:  596:	  d = 1.0 / d; h *= d * c;
     7418:  597:	  aa = -(a + m) * (qab + m) * x / ((a + m2) * (qap + m2));
     7418:  597-block  0
branch  0 taken 271 (fallthrough)
branch  1 taken 7147
      271:  597-block  1
        -:  598:	  d = 1.0 + aa * d;
      271:  599:	  if (fabs(d) < FPMIN) d = FPMIN;
      271:  599-block  0
        -:  600:	  c = 1.0 + aa / c;
        -:  601:	  if (fabs(c) < FPMIN) c = FPMIN;
function compare_doubles called 2835 returned 100% blocks executed 100%
     2835:  602:	  d = 1.0 / d; del = d * c; h *= del;
     2835:  603:	  if (fabs(del - 1.0) < EPS) break;
     2835:  604:	}
     2835:  605:	return h;
     2835:  605-block  0
        -:  606:}
        -:  607:
function calculate_sturges_bins called 0 returned 0% blocks executed 0%
    #####:  608:static double incbeta(double a, double b, double x) {
    #####:  609:	if (x <= 0.0) return 0.0;
    %%%%%:  609-block  0
branch  0 never executed (fallthrough)
branch  1 never executed
    %%%%%:  609-block  1
    #####:  610:	if (x >= 1.0) return 1.0;
    %%%%%:  610-block  0
        -:  611:	double bt = exp(lgamma(a + b) - lgamma(a) - lgamma(b) + a * log(x) + b * log(1.0 - x));
        -:  612:	if (x < (a + 1.0) / (a + b + 2.0)) return bt * _incbeta_cf(a, b, x) / a;
        -:  613:	return 1.0 - bt * _incbeta_cf(b, a, 1.0 - x) / b;
function compute_hist_logic called 5 returned 100% blocks executed 89%
        5:  614:}
        -:  615:
        5:  616:static double get_t_pvalue(double t, double df, const char*restrict alt) {
        5:  617:	double x = df / (df + t * t);
       5*:  618:	double prob_2tail = incbeta(df / 2.0, 0.5, x);
        5:  618-block  0
branch  0 taken 5 (fallthrough)
branch  1 taken 0
        5:  618-block  1
    %%%%%:  618-block  2
        -:  619:	if (strcmp(alt, "less") == 0) return (t < 0) ? 0.5 * prob_2tail : 1.0 - 0.5 * prob_2tail;
       23:  620:	if (strcmp(alt, "greater") == 0) return (t > 0) ? 0.5 * prob_2tail : 1.0 - 0.5 * prob_2tail;
        5:  620-block  0
       23:  620-block  1
branch  0 taken 18
branch  1 taken 5 (fallthrough)
       18:  621:	return prob_2tail;
       18:  622:}
       18:  622-block  0
        -:  623:
        -:  624:// Bisection algorithm to find the inverse t-distribution (Critical t-value)
        5:  625:static double qt_tail(double df, double p_tail) {
        5:  625-block  0
branch  0 taken 3 (fallthrough)
branch  1 taken 2
     2017:  626:	double low = 0.0, high = 1.0;
        3:  626-block  0
     2014:  626-block  1
     2017:  626-block  2
branch  0 taken 2014
branch  1 taken 3
     2014:  627:	// Find upper bound
        -:  628:	while (get_t_pvalue(high, df, "greater") > p_tail) {
    2014*:  629:	  low = high;
     2014:  629-block  0
branch  0 taken 2014 (fallthrough)
branch  1 taken 0
     2014:  629-block  1
branch  2 taken 2014 (fallthrough)
branch  3 taken 0
     2014:  629-block  2
branch  4 taken 0 (fallthrough)
branch  5 taken 2014
    %%%%%:  629-block  3
        -:  630:	  high *= 2.0;
     2014:  631:	  if (high > 1000000.0) break; /* Fallback limit */
        -:  632:	}
     2014:  633:	// Bisect to find the root
     2014:  633-block  0
branch  0 taken 3 (fallthrough)
branch  1 taken 2011
        3:  634:	for (unsigned short int i = 0; i < 100; i++) {
        3:  634-block  0
        -:  635:	  double mid = (low + high) / 2.0;
        -:  636:	  double p_mid = get_t_pvalue(mid, df, "greater");
        -:  637:	  if (p_mid > p_tail) {
        -:  638:		   low = mid;
     2023:  639:	  } else {
     2014:  639-block  0
     2023:  639-block  1
branch  0 taken 1816 (fallthrough)
branch  1 taken 207
     1816:  639-block  2
branch  2 taken 9
branch  3 taken 1807 (fallthrough)
        9:  640:		   high = mid;
        9:  640-block  0
        -:  641:	  }
        -:  642:	  if (high - low < 1e-8) break;
     2014:  643:	}
     2014:  643-block  0
     2014:  643-block  1
branch  0 taken 1811 (fallthrough)
branch  1 taken 203
     1811:  643-block  2
branch  2 taken 0
branch  3 taken 1811 (fallthrough)
    #####:  644:	return (low + high) / 2.0;
    %%%%%:  644-block  0
        -:  645:}
     2014:  646:
     2014:  646-block  0
        -:  647:int compare_doubles(const void *restrict a, const void *restrict b) {
        2:  648:	double da = *(const double*restrict)a;
        2:  648-block  0
branch  0 taken 2 (fallthrough)
branch  1 taken 0
        -:  649:	double db = *(const double*restrict)b;
        2:  650:	return (da > db) - (da < db);
        2:  650-block  0
        -:  651:}
        -:  652:/* Helper to calculate the number of bins using Sturges' formula: log2(n) + 1 */
       23:  653:static size_t calculate_sturges_bins(size_t n) {
        5:  653-block  0
       18:  653-block  1
       23:  653-block  2
branch  0 taken 18
branch  1 taken 5 (fallthrough)
       18:  654:	if (n == 0) return 1;
       18:  655:	return (size_t)(log((double)n) / log(2.0) + 1.0);
       18:  655-block  0
branch  0 taken 16 (fallthrough)
branch  1 taken 2
       16:  656:}
       16:  656-block  0
        -:  657:
       2*:  658:// Logic for distributing data into bins (Optimized to O(N))
        2:  658-block  0
branch  0 taken 2 (fallthrough)
branch  1 taken 0
        2:  658-block  1
    %%%%%:  658-block  2
        2:  658-block  3
        -:  659:static void compute_hist_logic(double *restrict x, size_t n, double *restrict breaks, size_t n_bins, 
        -:  660:                               size_t *restrict counts, double *restrict mids, double *restrict density) {
        5:  661:	double total_n = (double)n;
        -:  662:	double min_val = breaks[0];
        -:  663:	double step = (n_bins > 0) ? (breaks[1] - breaks[0]) : 0.0;
function approx_pnorm called 56 returned 100% blocks executed 100%
       56:  664:	// Initialize counts and compute midpoints
       56:  665:	for (size_t i = 0; i < n_bins; i++) {
       56:  665-block  0
        -:  666:	  counts[i] = 0;
        -:  667:	  mids[i] = (breaks[i] + breaks[i+1]) / 2.0;
        -:  668:	}
        -:  669:	// Single O(N) pass to assign elements to bins
        -:  670:	if (step > 0.0) {
        -:  671:	  for (size_t j = 0; j < n; j++) {
        -:  672:		   double val = x[j];
function inverse_normal_cdf called 28 returned 100% blocks executed 100%
       28:  673:		   // Ignore out-of-bounds or invalid values
       28:  674:		   if (isnan(val) || isinf(val) || val < min_val) continue;
       28:  675:		   // Calculate initial bin index mathematically
       28:  676:		   size_t idx = (size_t)((val - min_val) / step);
        -:  677:		   // Clamp to valid array bounds first to prevent overflow */
        -:  678:		   if (idx >= n_bins) {
        -:  679:		       idx = n_bins - 1;
       28:  680:		   }
       28:  681:		   /* Adjust for exact boundaries (R's right-inclusive default: (a, b]) */
       28:  681-block  0
branch  0 taken 22 (fallthrough)
branch  1 taken 6
       22:  682:		   /* If value is exactly on or slightly below the lower boundary of the assigned bin, 
       22:  683:		      it belongs in the previous bin. (First bin [a, b] is inclusive on both ends) */
       22:  684:		   while (idx > 0 && val <= breaks[idx]) {
       22:  684-block  0
        -:  685:		       idx--;
        6:  686:		   }
        6:  687:		   // Conversely, if floating-point truncation placed it too low, push it up
        6:  687-block  0
branch  0 taken 5 (fallthrough)
branch  1 taken 1
        5:  687-block  1
        6:  688:		   while (idx < n_bins - 1 && val > breaks[idx + 1]) {
        6:  689:		       idx++;
        6:  690:		   }
        6:  691:		   counts[idx]++;
        6:  691-block  0
branch  0 taken 1 (fallthrough)
branch  1 taken 5
        1:  691-block  1
        -:  692:	  }
       28:  693:	} else if (n_bins > 0) {
       28:  693-block  0
        -:  694:	  // Edge case: All data points have the exact same value (step == 0)
        -:  695:	  counts[0] = n;
        -:  696:	}
        -:  697:	// Compute densities
        -:  698:	for (size_t i = 0; i < n_bins; i++) {
        -:  699:	  double bin_width = breaks[i+1] - breaks[i];
        -:  700:	  if (bin_width > 0) {
        -:  701:		   density[i] = (double)counts[i] / (total_n * bin_width);
        -:  702:	  } else {
        -:  703:		   density[i] = (n_bins == 1) ? 1.0 : 0.0;
        -:  704:	  }
        -:  705:	}
function spearman_exact_pvalue called 1 returned 100% blocks executed 88%
        1:  706:}
        1:  707:
        1:  707-block  0
call    0 returned 1
        1:  708:// Standard Normal CDF approximation
call    0 returned 1
        6:  709:double approx_pnorm(double x) {
        5:  709-block  0
        6:  709-block  1
branch  0 taken 5
branch  1 taken 1 (fallthrough)
        -:  710:	return 0.5 * erfc(-x * 0.70710678118654752440); // 0.707... = 1/sqrt(2)
        1:  711:}
        -:  712:#ifndef M_SQRT1_2
        -:  713:#define M_SQRT1_2 0.70710678118654752440
        -:  714:#endif
        -:  715:
        -:  716:/* Macro for exact Wilcoxon 3D array indexing */
        -:  717:#define DP_INDEX(i, j, k, n2, max_u) ((i) * ((n2) + 1) * ((max_u) + 1) + (j) * ((max_u) + 1) + (k))
        -:  718:static double inverse_normal_cdf(double p) {
        -:  719:	double a[4] = {2.50662823884, -18.61500062529, 41.39119773534, -25.44106049637};
        -:  720:	double b[4] = {-8.47351093090, 23.08336743743, -21.06224101826, 3.13082909833};
        -:  721:	double c[9] = {0.3374754822726147, 0.9761690190917186, 0.1607979714918209,
        -:  722:		          0.0276438810333863, 0.0038405729373609, 0.0003951896511919,
        -:  723:		          0.0000321767881768, 0.0000002888167364, 0.0000003960315187};
       6*:  724:	double x, r, y;
        1:  724-block  0
        5:  724-block  1
        6:  724-block  2
branch  0 taken 5
branch  1 taken 1 (fallthrough)
        1:  724-block  3
branch  2 taken 1 (fallthrough)
branch  3 taken 0
        1:  724-block  4
        1:  724-block  5
branch  4 taken 0 (fallthrough)
branch  5 taken 1
    %%%%%:  724-block  6
        -:  725:	y = p - 0.5;
        1:  726:	if (fabs(y) < 0.42) {
      206:  727:	  r = y * y;
        1:  727-block  0
      206:  727-block  1
branch  0 taken 205
branch  1 taken 1 (fallthrough)
      205:  728:	  x = y * (((a[3]*r + a[2])*r + a[1])*r + a[0]) /
      205:  728-block  0
branch  0 taken 119 (fallthrough)
branch  1 taken 86
        -:  729:		       ((((b[3]*r + b[2])*r + b[1])*r + b[0])*r + 1.0);
      119:  730:	} else {
      119:  730-block  0
branch  0 taken 44 (fallthrough)
branch  1 taken 75
       44:  731:	  r = p;
       44:  731-block  0
        -:  732:	  if (y > 0) r = 1.0 - p;
       75:  733:	  r = log(-log(r));
       75:  733-block  0
        -:  734:	  x = c[0] + r * (c[1] + r * (c[2] + r * (c[3] + r * (c[4] +
      714:  735:		   r * (c[5] + r * (c[6] + r * (c[7] + r * c[8])))))));
      119:  735-block  0
      595:  735-block  1
      714:  735-block  2
branch  0 taken 595
branch  1 taken 119 (fallthrough)
      119:  735-block  3
branch  2 taken 7 (fallthrough)
branch  3 taken 112
        7:  735-block  4
      119:  735-block  5
branch  4 taken 115 (fallthrough)
branch  5 taken 4
      115:  735-block  6
      119:  736:	  if (y < 0) x = -x;
      119:  737:	}
      119:  737-block  0
        -:  738:	return x;
       86:  739:}
       86:  740:/* -----------------------------------------------------------------------
       86:  740-block  0
        -:  741: * Exact Spearman p-value via exhaustive permutation enumeration.
        -:  742: *
        -:  743: * Under H0, all n! orderings of ranks are equally probable.  We visit
        -:  744: * every permutation of {1..n} with Heap's algorithm (O(n!), no allocs
        1:  745: * inside the loop) and count how many yield S ≤ s_obs ("lower tail",
        1:  745-block  0
call    0 returned 1
call    1 returned 1
        -:  746: * i.e. rho ≥ rho_obs) and how many yield S ≥ s_obs ("upper tail").
        -:  747: *
        1:  748: * Mirrors R's default: exact = (n < 10) with no ties.
        1:  749: * Valid up to n = 9 (362 880 iterations — negligible cost).
        -:  750: * ----------------------------------------------------------------------- */
       1*:  751:static double spearman_exact_pvalue(double s_obs, size_t n, const char *restrict alt) {
branch  0 taken 0 (fallthrough)
branch  1 taken 1
    %%%%%:  751-block  0
       1*:  752:	int *restrict perm = (int*)safemalloc(n * sizeof(int));
        1:  752-block  0
branch  0 taken 0 (fallthrough)
branch  1 taken 1
    %%%%%:  752-block  1
        -:  753:	int *restrict c    = (int*)safemalloc(n * sizeof(int));
       1*:  754:	for (size_t i = 0; i < n; i++) { perm[i] = i + 1; c[i] = 0; }
        1:  754-block  0
branch  0 taken 1 (fallthrough)
branch  1 taken 0
        1:  754-block  1
    %%%%%:  754-block  2
       1*:  755:
        1:  755-block  0
branch  0 taken 0 (fallthrough)
branch  1 taken 1
    %%%%%:  755-block  1
        1:  755-block  2
        1:  755-block  3
        -:  756:	long count_le = 0, count_ge = 0, total = 0;
        -:  757:
        -:  758:	#define TALLY_PERM() do {                                    \
        -:  759:	  double s_ = 0.0;                                     \
        -:  760:	  for (int ii = 0; ii < n; ii++) {                    \
function kendall_exact_pvalue called 2 returned 100% blocks executed 88%
        2:  761:		   double d_ = (double)(ii + 1) - (double)perm[ii];\
        2:  762:		   s_ += d_ * d_;                                   \
        2:  763:	  }                                                    \
        2:  763-block  0
call    0 returned 2
       24:  764:	  if (s_ <= s_obs + 1e-9) count_le++;                 \
       22:  764-block  0
       24:  764-block  1
branch  0 taken 22
branch  1 taken 2 (fallthrough)
        2:  765:	  if (s_ >= s_obs - 1e-9) count_ge++;                 \
        -:  766:	  total++;                                             \
       10:  767:	} while (0)
        2:  767-block  0
       10:  767-block  1
branch  0 taken 8
branch  1 taken 2 (fallthrough)
        8:  768:
        8:  768-block  0
call    0 returned 8
       96:  769:	TALLY_PERM();   /* initial permutation [1, 2, ..., n] */
       88:  769-block  0
       96:  769-block  1
branch  0 taken 88
branch  1 taken 8 (fallthrough)
        8:  770:
       56:  771:	unsigned int k = 1;
        8:  771-block  0
       56:  771-block  1
branch  0 taken 48
branch  1 taken 8 (fallthrough)
       48:  772:	while (k < n) {
      206:  773:	  if (c[k] < k) {
       48:  773-block  0
      206:  773-block  1
branch  0 taken 178 (fallthrough)
branch  1 taken 28
      178:  773-block  2
branch  2 taken 158
branch  3 taken 20 (fallthrough)
      158:  774:		   int tmp;
      158:  774-block  0
        -:  775:		   if (k % 2 == 0) {
        -:  776:		       tmp = perm[0]; perm[0] = perm[k]; perm[k] = tmp;
       48:  777:		   } else {
       48:  777-block  0
        -:  778:		       tmp = perm[c[k]]; perm[c[k]] = perm[k]; perm[k] = tmp;
        8:  779:		   }
        8:  779-block  0
call    0 returned 8
        8:  780:		   TALLY_PERM();
        -:  781:		   c[k]++;
        -:  782:		   k = 1;
        2:  783:	  } else {
       2*:  784:		   c[k] = 0;
        2:  784-block  0
branch  0 taken 0 (fallthrough)
branch  1 taken 2
    %%%%%:  784-block  1
       2*:  785:		   k++;
        2:  785-block  0
branch  0 taken 0 (fallthrough)
branch  1 taken 2
    %%%%%:  785-block  1
        2:  786:	  }
       20:  787:	}
        2:  787-block  0
       18:  787-block  1
       20:  787-block  2
branch  0 taken 18
branch  1 taken 2 (fallthrough)
        2:  788:	#undef TALLY_PERM
        8:  789:
        2:  789-block  0
        6:  789-block  1
        8:  789-block  2
branch  0 taken 6
branch  1 taken 2 (fallthrough)
        2:  790:	Safefree(perm); Safefree(c);
        2:  790-block  0
call    0 returned 2
       2*:  791:	/* p_le = P(S ≤ s_obs) ≡ P(rho ≥ rho_obs)  — upper rho tail
branch  0 taken 0 (fallthrough)
branch  1 taken 2
    %%%%%:  791-block  0
        2:  792:	* p_ge = P(S ≥ s_obs) ≡ P(rho ≤ rho_obs)  — lower rho tail  */
        2:  792-block  0
branch  0 taken 1 (fallthrough)
branch  1 taken 1
        1:  792-block  1
        -:  793:	double p_le = (double)count_le / (double)total;
       1*:  794:	double p_ge = (double)count_ge / (double)total;
        1:  794-block  0
branch  0 taken 1 (fallthrough)
branch  1 taken 0
        1:  794-block  1
    %%%%%:  794-block  2
       1*:  795:
        1:  795-block  0
branch  0 taken 0 (fallthrough)
branch  1 taken 1
    %%%%%:  795-block  1
        1:  795-block  2
        1:  795-block  3
        -:  796:	if (strcmp(alt, "greater") == 0) return p_le;
        -:  797:	if (strcmp(alt, "less")    == 0) return p_ge;
function pf called 300 returned 100% blocks executed 75%
      300:  798:	/* two.sided: 2 × the smaller tail, clamped to 1 */
     300*:  799:	double p = 2.0 * (p_le < p_ge ? p_le : p_ge);
      300:  799-block  0
branch  0 taken 0 (fallthrough)
branch  1 taken 300
    %%%%%:  799-block  1
      300:  800:	return (p > 1.0) ? 1.0 : p;
      300:  801:}
      300:  801-block  0
call    0 returned 300
        -:  802:/* -----------------------------------------------------------------------
        -:  803: * Exact Kendall p-value via Mahonian Numbers (Inversions distribution)
        -:  804: * Matches R's behavior for N < 50 without ties.
        -:  805: * ----------------------------------------------------------------------- */
function apply_householder_aov called 6 returned 100% blocks executed 97%
        6:  806:static double kendall_exact_pvalue(size_t n, double s_obs, const char *restrict alt) {
        6:  807:	long max_inv = (long)n * (n - 1) / 2;
       24:  808:	double *restrict dp = (double*)safemalloc((max_inv + 1) * sizeof(double));
        6:  808-block  0
       18:  808-block  1
       24:  808-block  2
branch  0 taken 18
branch  1 taken 6 (fallthrough)
       18:  809:	for (long i = 0; i <= max_inv; i++) dp[i] = 0.0;
      18*:  810:	dp[0] = 1.0;
       18:  810-block  0
branch  0 taken 0 (fallthrough)
branch  1 taken 18
    #####:  811:	/* Build the distribution of inversions via DP */
    #####:  812:	for (size_t i = 2; i <= n; i++) {
    %%%%%:  812-block  0
        -:  813:	  double *restrict next_dp = (double*)safemalloc((max_inv + 1) * sizeof(double));
        -:  814:	  for (long k = 0; k <= max_inv; k++) next_dp[k] = 0.0;
       18:  815:	  int current_max_inv = i * (i - 1) / 2;
      163:  816:	  for (int k = 0; k <= current_max_inv; k++) {
       18:  816-block  0
      145:  816-block  1
      163:  816-block  2
branch  0 taken 145
branch  1 taken 18 (fallthrough)
      145:  817:		   double sum = 0;
      145:  817-block  0
branch  0 taken 38 (fallthrough)
branch  1 taken 107
       38:  817-block  1
        -:  818:		   for (int j = 0; j <= i - 1 && k - j >= 0; j++) {
       18:  819:		       sum += dp[k - j];
       18:  819-block  0
branch  0 taken 1 (fallthrough)
branch  1 taken 17
        1:  820:		   }
        1:  821:		   // Divide by 'i' directly to keep array as pure probabilities and prevent overflow
        1:  821-block  0
        -:  822:		   next_dp[k] = sum / (double)i;
        -:  823:	  }
       17:  824:	  Safefree(dp);
      159:  825:	  dp = next_dp;
       17:  825-block  0
      159:  825-block  1
branch  0 taken 142
branch  1 taken 17 (fallthrough)
      142:  826:	}
      142:  827:	// Convert S statistic to target number of inversions
      142:  827-block  0
        -:  828:	long i_obs = (long)round((max_inv - s_obs) / 2.0);
       17:  829:	if (i_obs < 0) i_obs = 0;
       17:  830:	if (i_obs > max_inv) i_obs = max_inv;
       17:  830-block  0
branch  0 taken 10 (fallthrough)
branch  1 taken 7
       10:  830-block  1
        7:  830-block  2
       17:  831:	double p_le = 0.0; /* P(S <= S_obs) */
       17:  832:	for (long k = i_obs; k <= max_inv; k++) p_le += dp[k];
        -:  833:	double p_ge = 0.0; /* P(S >= S_obs) */
       36:  834:	for (long k = 0; k <= i_obs; k++) p_ge += dp[k];
       17:  834-block  0
       19:  834-block  1
       36:  834-block  2
branch  0 taken 19
branch  1 taken 17 (fallthrough)
       19:  835:	Safefree(dp);
      190:  836:	if (strcmp(alt, "greater") == 0) return p_ge;
       19:  836-block  0
      171:  836-block  1
      190:  836-block  2
branch  0 taken 171
branch  1 taken 19 (fallthrough)
       19:  837:	if (strcmp(alt, "less") == 0) return p_le;
       19:  838:	// two.sided
      190:  839:	double p = 2.0 * (p_ge < p_le ? p_ge : p_le);
       19:  839-block  0
      171:  839-block  1
      190:  839-block  2
branch  0 taken 171
branch  1 taken 19 (fallthrough)
        -:  840:	return p > 1.0 ? 1.0 : p;
        -:  841:}
        -:  842:// F-distribution Cumulative Distribution Function P(F <= f)
       17:  843:static double pf(double f, double df1, double df2) {
      142:  844:	if (f <= 0.0) return 0.0;
       17:  844-block  0
      125:  844-block  1
      142:  844-block  2
branch  0 taken 125
branch  1 taken 17 (fallthrough)
       17:  845:	double x = (df1 * f) / (df1 * f + df2);
       17:  846:	return incbeta(df1 / 2.0, df2 / 2.0, x);
      142:  847:}
       17:  847-block  0
      125:  847-block  1
      142:  847-block  2
branch  0 taken 125
branch  1 taken 17 (fallthrough)
        -:  848:
       17:  849:/* Householder QR Decomposition for Sequential Sums of Squares */
       17:  850:/* Householder QR Decomposition for Sequential Sums of Squares */
       17:  850-block  0
        -:  851:static void apply_householder_aov(double** restrict X, double* restrict y, size_t n, size_t p, bool* restrict aliased, size_t* restrict rank_map) {
        6:  852:	size_t r = 0; // Rank/Row tracker
        -:  853:	for (size_t k = 0; k < p; k++) {
        -:  854:		aliased[k] = FALSE;
        -:  855:		if (r >= n) {
        -:  856:			aliased[k] = TRUE;
function cmp_string_wt called 22 returned 100% blocks executed 100%
       22:  857:			continue;
       22:  858:		}
       22:  858-block  0
        -:  859:
        -:  860:		double max_val = 0;
        -:  861:		for (size_t i = r; i < n; i++) {
function contains_nondigit called 5 returned 100% blocks executed 83%
        5:  862:			if (fabs(X[i][k]) > max_val) max_val = fabs(X[i][k]);
       5*:  863:		}
        5:  863-block  0
branch  0 taken 5 (fallthrough)
branch  1 taken 0
        5:  863-block  1
branch  2 taken 0 (fallthrough)
branch  3 taken 5
    %%%%%:  863-block  2
        -:  864:		if (max_val < 1e-10) { 
        5:  865:			aliased[k] = TRUE; 
        5:  865-block  0
call    0 returned 5
       10:  866:			continue; 
        5:  866-block  0
       10:  866-block  1
branch  0 taken 5
branch  1 taken 5 (fallthrough)
       5*:  867:		} // Collinear or zero column
        5:  867-block  0
branch  0 taken 0 (fallthrough)
branch  1 taken 5
    %%%%%:  867-block  1
        -:  868:
        5:  869:		double norm = 0;
        5:  869-block  0
        -:  870:		for (size_t i = r; i < n; i++) {
        -:  871:			X[i][k] /= max_val;
        -:  872:			norm += X[i][k] * X[i][k];
function print_str_quoted called 198 returned 100% blocks executed 95%
      198:  873:		}
     198*:  874:		norm = sqrt(norm);
      198:  874-block  0
branch  0 taken 0 (fallthrough)
branch  1 taken 198
    %%%%%:  874-block  1
      198:  875:		double s = (X[r][k] > 0) ? -norm : norm;
      198:  876:		double u1 = X[r][k] - s;
      198:  876-block  0
branch  0 taken 193 (fallthrough)
branch  1 taken 5
      193:  876-block  1
branch  2 taken 187 (fallthrough)
branch  3 taken 6
      187:  876-block  2
branch  4 taken 187 (fallthrough)
branch  5 taken 0
      187:  876-block  3
branch  6 taken 0 (fallthrough)
branch  7 taken 187
       11:  877:		X[r][k] = s * max_val;
       11:  877-block  0
        -:  878:
        -:  879:		for (size_t j = k + 1; j < p; j++) {
      198:  880:			double dot = u1 * X[r][j];
      198:  880-block  0
branch  0 taken 11 (fallthrough)
branch  1 taken 187
       11:  881:			for (size_t i = r + 1; i < n; i++) dot += X[i][j] * X[i][k];
       11:  881-block  0
call    0 returned 11
      118:  882:			double tau = dot / (s * u1);
      107:  882-block  0
      118:  882-block  1
branch  0 taken 107
branch  1 taken 11 (fallthrough)
      107:  883:			X[r][j] += tau * u1;
      107:  883-block  0
branch  0 taken 7 (fallthrough)
branch  1 taken 100
        7:  884:			for (size_t i = r + 1; i < n; i++) X[i][j] += tau * X[i][k];
        7:  884-block  0
call    0 returned 7
        7:  885:		}
call    0 returned 7
        -:  886:
      100:  887:		// Transform the response vector y
      100:  887-block  0
call    0 returned 100
        -:  888:		double dot_y = u1 * y[r];
        -:  889:		for (size_t i = r + 1; i < n; i++) dot_y += y[i] * X[i][k];
       11:  890:		double tau_y = dot_y / (s * u1);
       11:  890-block  0
call    0 returned 11
        -:  891:		y[r] += tau_y * u1;
      187:  892:		for (size_t i = r + 1; i < n; i++) y[i] += tau_y * X[i][k];
      187:  892-block  0
call    0 returned 187
        -:  893:
      198:  894:		rank_map[k] = r; // Map original column index to orthogonal row index
        -:  895:		r++;
        -:  896:	}
function print_string_row called 53 returned 100% blocks executed 90%
       53:  897:}
       53:  898:
      251:  899:// --- write_table Helpers ---
       53:  899-block  0
      198:  899-block  1
      251:  899-block  2
branch  0 taken 198
branch  1 taken 53 (fallthrough)
      198:  900:
      198:  900-block  0
branch  0 taken 145 (fallthrough)
branch  1 taken 53
      145:  900-block  1
call    2 returned 145
      198:  901:// Sorts string arrays alphabetically
      198:  901-block  0
branch  0 taken 198 (fallthrough)
branch  1 taken 0
      198:  902:static int cmp_string_wt(const void *a, const void *b) {
      198:  902-block  0
call    0 returned 198
        -:  903:	return strcmp(*(const char**)a, *(const char**)b);
    #####:  904:}
    %%%%%:  904-block  0
call    0 never executed
        -:  905:
        -:  906:// Emulates Perl's /\D/ check
       53:  907:static bool contains_nondigit(SV *restrict sv) {
       53:  907-block  0
call    0 returned 53
       53:  908:	if (!sv || !SvOK(sv)) return 0;
        -:  909:	STRLEN len;
        -:  910:	const char *restrict s = SvPVbyte(sv, len);
function igamc called 6 returned 100% blocks executed 81%
        6:  911:	for (size_t i = 0; i < len; i++) {
       6*:  912:	  if (!isdigit(s[i])) return 1;
        6:  912-block  0
branch  0 taken 6 (fallthrough)
branch  1 taken 0
        6:  912-block  1
branch  2 taken 0 (fallthrough)
branch  3 taken 6
    %%%%%:  912-block  2
       6*:  913:	}
        6:  913-block  0
branch  0 taken 0 (fallthrough)
branch  1 taken 6
    %%%%%:  913-block  1
        -:  914:	return 0;
        -:  915:}
        6:  916:
        6:  916-block  0
branch  0 taken 3 (fallthrough)
branch  1 taken 3
        3:  917:// Writes a properly quoted string dynamically
        3:  918:static void print_str_quoted(PerlIO *fh, const char *str, const char *sep) {
        3:  919:	if (!str) str = "";
       42:  920:	bool needs_quotes = 0;
        3:  920-block  0
       42:  920-block  1
branch  0 taken 39
branch  1 taken 3 (fallthrough)
       39:  921:	if (strstr(str, sep) != NULL || strchr(str, '"') != NULL || strchr(str, '\r') != NULL || strchr(str, '\n') != NULL) {
       39:  922:	  needs_quotes = 1;
       39:  923:	}
       39:  923-block  0
        -:  924:
        3:  925:	if (needs_quotes) {
        3:  925-block  0
        -:  926:	  PerlIO_putc(fh, '"');
        -:  927:	  for (const char *restrict p = str; *p; p++) {
        -:  928:		   if (*p == '"') {
        3:  929:		       PerlIO_putc(fh, '"');
        3:  930:		       PerlIO_putc(fh, '"');
        3:  931:		   } else {
        3:  932:		       PerlIO_putc(fh, *p);
       47:  933:		   }
        3:  933-block  0
       47:  933-block  1
branch  0 taken 47
branch  1 taken 0 (fallthrough)
       47:  934:	  }
       47:  935:	  PerlIO_putc(fh, '"');
       47:  936:	} else {
      47*:  937:	  PerlIO_puts(fh, str);
       47:  937-block  0
branch  0 taken 0 (fallthrough)
branch  1 taken 47
    %%%%%:  937-block  1
       47:  938:	}
      47*:  939:}
       47:  939-block  0
branch  0 taken 0 (fallthrough)
branch  1 taken 47
    %%%%%:  939-block  1
       47:  940:
       47:  941:// Writes an array of strings joined by sep
[...]
        6: 6168-block  1
branch  2 taken 6 (fallthrough)
branch  3 taken 0
        6: 6168-block  2
branch  4 taken 6 (fallthrough)
branch  5 taken 0
        6: 6169:	  size_t g_id = ri[i].idx;
        6: 6170:	  group_rank_sums[g_id] += ri[i].rank;
        6: 6170-block  0
        -: 6171:	  group_val_sums[g_id]  += ri[i].val;
        -: 6172:	  group_counts[g_id]++;
        -: 6173:	}
        6: 6174:
        6: 6174-block  0
branch  0 taken 0 (fallthrough)
branch  1 taken 6
    #####: 6175:	// 8. Calculate STATISTIC
    %%%%%: 6175-block  0
call    0 never executed
        -: 6176:	double stat_base = 0.0;
        -: 6177:	for (size_t i = 0; i < k; i++) {
        -: 6178:	  if (group_counts[i] > 0)
        8: 6179:		   stat_base += (group_rank_sums[i] * group_rank_sums[i])
        6: 6179-block  0
        2: 6179-block  1
        8: 6179-block  2
branch  0 taken 2
branch  1 taken 6 (fallthrough)
        2: 6180:		                / (double)group_counts[i];
        2: 6180-block  0
call    0 returned 2
        2: 6181:	}
        -: 6182:
       2*: 6183:	double n_d  = (double)valid_n;
branch  0 taken 0 (fallthrough)
branch  1 taken 2
    %%%%%: 6183-block  0
       2*: 6184:	double stat = (12.0 * stat_base / (n_d * (n_d + 1.0))) - 3.0 * (n_d + 1.0);
        2: 6184-block  0
branch  0 taken 0 (fallthrough)
branch  1 taken 2
    %%%%%: 6184-block  1
        2: 6185:	if (tie_adj > 0.0) {
        2: 6185-block  0
branch  0 taken 1 (fallthrough)
branch  1 taken 1
        1: 6185-block  1
call    2 returned 1
       1*: 6186:	  double tie_denom = 1.0 - (tie_adj / (n_d * n_d * n_d - n_d));
        1: 6186-block  0
branch  0 taken 0 (fallthrough)
branch  1 taken 1
    %%%%%: 6186-block  1
branch  2 never executed (fallthrough)
branch  3 never executed
        1: 6186-block  2
call    4 returned 1
    #####: 6187:	  stat /= tie_denom;
    %%%%%: 6187-block  0
branch  0 never executed (fallthrough)
branch  1 never executed
    %%%%%: 6187-block  1
call    2 never executed
    #####: 6188:	}
    %%%%%: 6188-block  0
call    0 never executed
        -: 6189:	int    df    = (int)k - 1;
        -: 6190:	double p_val = get_p_value(stat, df);
        -: 6191:
        6: 6192:	// 9. Return structured data exactly like R's htest
        6: 6192-block  0
branch  0 taken 6 (fallthrough)
branch  1 taken 0
        6: 6192-block  1
branch  2 taken 6 (fallthrough)
branch  3 taken 0
        6: 6192-block  2
branch  4 taken 0 (fallthrough)
branch  5 taken 6
    #####: 6193:	HV *restrict res = newHV();
    %%%%%: 6193-block  0
call    0 never executed
        6: 6194:	hv_stores(res, "statistic", newSVnv(stat));
        6: 6194-block  0
branch  0 taken 6 (fallthrough)
branch  1 taken 0
        6: 6194-block  1
branch  2 taken 6 (fallthrough)
branch  3 taken 0
        6: 6194-block  2
branch  4 taken 0 (fallthrough)
branch  5 taken 6
    #####: 6195:	hv_stores(res, "parameter", newSViv(df));
    %%%%%: 6195-block  0
call    0 never executed
        -: 6196:	hv_stores(res, "p_value",   newSVnv(p_val));
        6: 6197:	hv_stores(res, "p.value",   newSVnv(p_val));
        6: 6197-block  0
branch  0 taken 6 (fallthrough)
branch  1 taken 0
        6: 6197-block  1
branch  2 taken 0 (fallthrough)
branch  3 taken 6
    #####: 6198:	hv_stores(res, "method",    newSVpv("Kruskal-Wallis rank sum test", 0));
    %%%%%: 6198-block  0
call    0 never executed
        6: 6199:
        6: 6199-block  0
branch  0 taken 6 (fallthrough)
branch  1 taken 0
        6: 6199-block  1
branch  2 taken 6 (fallthrough)
branch  3 taken 0
        6: 6199-block  2
branch  4 taken 0 (fallthrough)
branch  5 taken 6
    #####: 6200:	// 10. Build the group_stats hash
    %%%%%: 6200-block  0
call    0 never executed
        -: 6201:	HV *restrict group_stats = newHV();
        6: 6202:	HV *restrict stats_mean  = newHV();
        6: 6203:	HV *restrict stats_size  = newHV();
        6: 6204:
        6: 6204-block  0
call    0 returned 6
        6: 6205:	for (size_t i = 0; i < k; i++) {
call    0 returned 6
        -: 6206:	  if (group_counts[i] > 0 && group_names[i]) {
        -: 6207:		   double mean = group_val_sums[i] / (double)group_counts[i];
        6: 6208:		   size_t nlen = strlen(group_names[i]);
        6: 6209:		   
       32: 6210:		   hv_store(stats_mean, group_names[i], nlen, newSVnv(mean), 0);
       26: 6210-block  0
       32: 6210-block  1
branch  0 taken 26
branch  1 taken 6 (fallthrough)
       26: 6211:		   hv_store(stats_size, group_names[i], nlen, newSVuv(group_counts[i]), 0);
       26: 6211-block  0
call    0 returned 26
       26: 6212:	  }
branch  0 taken 26 (fallthrough)
branch  1 taken 0
       26: 6212-block  0
branch  2 taken 26 (fallthrough)
branch  3 taken 0
       26: 6212-block  1
call    4 returned 26
branch  5 taken 26 (fallthrough)
branch  6 taken 0
       26: 6213:	  if (group_names[i]) Safefree(group_names[i]); // Clean up name copy
       26: 6213-block  0
call    0 returned 26
       26: 6214:	}
branch  0 taken 26 (fallthrough)
branch  1 taken 0
       26: 6214-block  0
branch  2 taken 26 (fallthrough)
branch  3 taken 0
       26: 6215:
       26: 6216:	// Embed the nested hashes
       26: 6217:	hv_stores(group_stats, "mean", newRV_noinc((SV*)stats_mean));
       26: 6218:	hv_stores(group_stats, "size", newRV_noinc((SV*)stats_size));
       26: 6218-block  0
        -: 6219:	hv_stores(res, "group_stats",  newRV_noinc((SV*)group_stats));
        -: 6220:
        -: 6221:	// Memory Cleanup
        -: 6222:	Safefree(group_names);    Safefree(group_rank_sums); 
        6: 6223:	Safefree(group_val_sums); Safefree(group_counts); 
        6: 6224:	Safefree(ri);
       27: 6225:
        6: 6225-block  0
       21: 6225-block  1
       27: 6225-block  2
branch  0 taken 21
branch  1 taken 6 (fallthrough)
       21: 6226:	RETVAL = newRV_noinc((SV*)res);
       21: 6226-block  0
call    0 returned 21
       21: 6227:}
branch  0 taken 21 (fallthrough)
branch  1 taken 0
       21: 6227-block  0
branch  2 taken 21 (fallthrough)
branch  3 taken 0
       21: 6227-block  1
call    4 returned 21
branch  5 taken 21 (fallthrough)
branch  6 taken 0
       21: 6228:OUTPUT:
       21: 6228-block  0
call    0 returned 21
       21: 6229:    RETVAL
branch  0 taken 21 (fallthrough)
branch  1 taken 0
       21: 6229-block  0
branch  2 taken 21 (fallthrough)
branch  3 taken 0
       21: 6230:
       21: 6231:SV* var_test(...)
       21: 6232:CODE:
       21: 6233:{
       21: 6233-block  0
        -: 6234:	SV* restrict x_sv = NULL;
        -: 6235:	SV* restrict y_sv = NULL;
        -: 6236:	double ratio = 1.0, conf_level = 0.95;
        -: 6237:	const char* restrict alternative = "two.sided";
        6: 6238:	unsigned int arg_idx = 0;
        6: 6238-block  0
branch  0 taken 1 (fallthrough)
branch  1 taken 5
        1: 6238-block  1
call    2 returned 0
        5: 6239:
        5: 6239-block  0
branch  0 taken 1 (fallthrough)
branch  1 taken 4
        1: 6239-block  1
call    2 returned 0
        -: 6240:	// 1. Shift positional argument 'x' if it's an array reference
        4: 6241:	if (arg_idx < items && SvROK(ST(arg_idx)) && SvTYPE(SvRV(ST(arg_idx))) == SVt_PVAV) {
        4: 6242:	  x_sv = ST(arg_idx);
        4: 6243:	  arg_idx++;
        4: 6244:	}
        -: 6245:
        4: 6246:	// 2. Shift positional argument 'y' if it's an array reference
        4: 6246-block  0
branch  0 taken 1 (fallthrough)
branch  1 taken 3
        1: 6246-block  1
call    2 returned 0
        -: 6247:	if (arg_idx < items && SvROK(ST(arg_idx)) && SvTYPE(SvRV(ST(arg_idx))) == SVt_PVAV) {
        -: 6248:	  y_sv = ST(arg_idx);
        3: 6249:	  arg_idx++;
        3: 6250:	}
        -: 6251:
        3: 6252:	// Ensure the remaining arguments form complete key-value pairs
        3: 6252-block  0
call    0 returned 3
        3: 6253:	if ((items - arg_idx) % 2 != 0) {
        -: 6254:	  croak("Usage: var_test(\\@x, \\@y, key => value, ...)");
        3: 6255:	}
branch  0 taken 0 (fallthrough)
branch  1 taken 3
    #####: 6256:
    %%%%%: 6256-block  0
call    0 never executed
        3: 6257:	// --- Parse named arguments from the remaining flat stack ---
        3: 6257-block  0
branch  0 taken 0 (fallthrough)
branch  1 taken 3
    #####: 6258:	for (; arg_idx < items; arg_idx += 2) {
    #####: 6259:	  const char* restrict key = SvPV_nolen(ST(arg_idx));
    %%%%%: 6259-block  0
call    0 never executed
        -: 6260:	  SV* restrict val = ST(arg_idx + 1);
        -: 6261:
        3: 6262:	  if      (strEQ(key, "x"))           x_sv        = val;
        3: 6263:	  else if (strEQ(key, "y"))           y_sv        = val;
       3*: 6264:	  else if (strEQ(key, "ratio"))       ratio       = SvNV(val);
        3: 6264-block  0
branch  0 taken 3 (fallthrough)
branch  1 taken 0
        3: 6264-block  1
    %%%%%: 6264-block  2
        -: 6265:	  else if (strEQ(key, "conf_level") || strEQ(key, "conf.level")) conf_level = SvNV(val);
        3: 6266:	  else if (strEQ(key, "alternative")) alternative = SvPV_nolen(val);
        3: 6267:	  else croak("var_test: unknown argument '%s'", key);
        3: 6267-block  0
call    0 returned 3
        3: 6268:	}
call    0 returned 3
        -: 6269:
        -: 6270:	// --- Validate required inputs / types ---
        -: 6271:	if (!x_sv || !SvROK(x_sv) || SvTYPE(SvRV(x_sv)) != SVt_PVAV)
        3: 6272:	  croak("var_test: 'x' is a required argument and must be an ARRAY reference");
        3: 6272-block  0
call    0 returned 3
        3: 6273:	if (!y_sv || !SvROK(y_sv) || SvTYPE(SvRV(y_sv)) != SVt_PVAV)
call    0 returned 3
call    1 returned 3
        -: 6274:	  croak("var_test: 'y' is a required argument and must be an ARRAY reference");
        3: 6275:
call    0 returned 3
        3: 6276:	if (ratio <= 0.0 || !isfinite(ratio)) 
call    0 returned 3
call    1 returned 3
        3: 6277:	  croak("var_test: 'ratio' must be a single positive number");
call    0 returned 3
call    1 returned 3
        3: 6278:	if (conf_level <= 0.0 || conf_level >= 1.0 || !isfinite(conf_level))
call    0 returned 3
call    1 returned 3
        -: 6279:	  croak("var_test: 'conf.level' must be a single number between 0 and 1");
        3: 6280:
call    0 returned 3
call    1 returned 3
        -: 6281:	AV* restrict x_av = (AV*)SvRV(x_sv);
        3: 6282:	AV* restrict y_av = (AV*)SvRV(y_sv);
call    0 returned 3
        3: 6283:	size_t nx_raw = av_len(x_av) + 1;
call    0 returned 3
call    1 returned 3
        3: 6284:	size_t ny_raw = av_len(y_av) + 1;
call    0 returned 3
call    1 returned 3
        3: 6285:
call    0 returned 3
call    1 returned 3
        -: 6286:	// --- Computation via Welford's Algorithm (ignoring NaNs) ---
        3: 6287:	double mean_x = 0.0, M2_x = 0.0;
call    0 returned 3
call    1 returned 3
        3: 6288:	size_t nx = 0;
call    0 returned 3
call    1 returned 3
        3: 6289:	for (size_t i = 0; i < nx_raw; i++) {
call    0 returned 3
call    1 returned 3
        3: 6290:		SV** restrict tv = av_fetch(x_av, i, 0);
call    0 returned 3
call    1 returned 3
        -: 6291:		if (tv && SvOK(*tv) && looks_like_number(*tv)) {
        3: 6292:			double val = SvNV(*tv);
call    0 returned 3
        -: 6293:			if (!isnan(val) && isfinite(val)) {
        -: 6294:				nx++;
        -: 6295:				double delta = val - mean_x;
        -: 6296:				mean_x += delta / nx;
        -: 6297:				M2_x += delta * (val - mean_x);
        -: 6298:			}
        -: 6299:		}
        -: 6300:	}
        -: 6301:
        -: 6302:	double mean_y = 0.0, M2_y = 0.0;
        -: 6303:	size_t ny = 0;
        -: 6304:	for (size_t i = 0; i < ny_raw; i++) {
        -: 6305:	  SV** restrict tv = av_fetch(y_av, i, 0);
        -: 6306:	  if (tv && SvOK(*tv) && looks_like_number(*tv)) {
        -: 6307:		   double val = SvNV(*tv);
        -: 6308:		   if (!isnan(val) && isfinite(val)) {
        -: 6309:		       ny++;
        -: 6310:		       double delta = val - mean_y;
        -: 6311:		       mean_y += delta / ny;
        -: 6312:		       M2_y += delta * (val - mean_y);
        -: 6313:		   }
        -: 6314:	  }
        -: 6315:	}
        -: 6316:
        -: 6317:	if (nx < 2) croak("not enough 'x' observations");
        -: 6318:	if (ny < 2) croak("not enough 'y' observations");
        -: 6319:
        -: 6320:	double df_x = (double)(nx - 1);
        -: 6321:	double df_y = (double)(ny - 1);
        -: 6322:	double var_x = M2_x / df_x;
        -: 6323:	double var_y = M2_y / df_y;
        -: 6324:
        -: 6325:	if (var_y == 0.0) croak("var_test: variance of 'y' is zero (cannot divide by zero)");
        -: 6326:
        -: 6327:	// --- Statistics Math ---
        -: 6328:	double estimate = var_x / var_y;
        -: 6329:	double statistic = estimate / ratio;
        -: 6330:
        -: 6331:	double p_val = pf(statistic, df_x, df_y);
        -: 6332:	double ci_lower = 0.0, ci_upper = INFINITY;
        -: 6333:
        -: 6334:	if (strcmp(alternative, "less") == 0) {
        -: 6335:	  ci_upper = estimate / qf_bisection(1.0 - conf_level, df_x, df_y);
        -: 6336:	} else if (strcmp(alternative, "greater") == 0) {
        -: 6337:	  p_val = 1.0 - p_val;
        -: 6338:	  ci_lower = estimate / qf_bisection(conf_level, df_x, df_y);
        -: 6339:	} else {
        -: 6340:	  // two.sided
        -: 6341:	  double p1 = p_val;
        -: 6342:	  double p2 = 1.0 - p_val;
        -: 6343:	  p_val = 2.0 * (p1 < p2 ? p1 : p2);
        -: 6344:	  
        -: 6345:	  double beta = (1.0 - conf_level) / 2.0;
        -: 6346:	  ci_lower = estimate / qf_bisection(1.0 - beta, df_x, df_y);
        -: 6347:	  ci_upper = estimate / qf_bisection(beta, df_x, df_y);
        -: 6348:	}
        -: 6349:
        -: 6350:	// --- Pack Results ---
        -: 6351:	HV* restrict results = newHV();
        -: 6352:	hv_store(results, "statistic", 9, newSVnv(statistic), 0);
        -: 6353:
        -: 6354:	AV* restrict param_av = newAV();
        -: 6355:	av_push(param_av, newSVnv(df_x));
        -: 6356:	av_push(param_av, newSVnv(df_y));
        -: 6357:	hv_store(results, "parameter", 9, newRV_noinc((SV*)param_av), 0);
        -: 6358:
        -: 6359:	hv_store(results, "p_value", 7, newSVnv(p_val), 0);
        -: 6360:
        -: 6361:	AV* restrict conf_int = newAV();
        -: 6362:	av_push(conf_int, newSVnv(ci_lower));
        -: 6363:	av_push(conf_int, newSVnv(ci_upper));
        -: 6364:	hv_store(results, "conf_int", 8, newRV_noinc((SV*)conf_int), 0);
        -: 6365:
        -: 6366:	hv_store(results, "estimate", 8, newSVnv(estimate), 0);
        -: 6367:	hv_store(results, "null_value", 10, newSVnv(ratio), 0);
        -: 6368:	hv_store(results, "alternative", 11, newSVpv(alternative, 0), 0);
        -: 6369:	hv_store(results, "method", 6, newSVpv("F test to compare two variances", 0), 0);
        -: 6370:
        -: 6371:	RETVAL = newRV_noinc((SV*)results);
        -: 6372:}
        -: 6373:OUTPUT:
        -: 6374:    RETVAL
        -: 6375:
        -: 6376:SV *sample(ref, n = 1)
        -: 6377:    SV *ref
        -: 6378:    IV n
        -: 6379:PREINIT:
        -: 6380:    SV *restrict ret = &PL_sv_undef;
        -: 6381:CODE:
        -: 6382:	if (!PL_srand_called) {
        -: 6383:	  (void)seedDrand01((Rand_seed_t)Perl_seed(aTHX));
        -: 6384:	  PL_srand_called = TRUE;
        -: 6385:	}
        -: 6386:	if (n < 0) n = 0;
        -: 6387:	if (SvROK(ref)) {
        -: 6388:		SV *restrict rv = SvRV(ref);
        -: 6389:		/* --- HASH REFERENCE --- */
        -: 6390:		if (SvTYPE(rv) == SVt_PVHV) {
        -: 6391:			HV *restrict hv    = (HV *)rv;
        -: 6392:			I32 count = hv_iterinit(hv);
        -: 6393:			I32 limit = (n < (IV)count) ? (I32)n : count;
        -: 6394:			HV *restrict ret_hv = newHV();
        -: 6395:
        -: 6396:			if (count > 0 && limit > 0) {
        -: 6397:				 HE **restrict entries;
        -: 6398:				 HE  *restrict entry;
        -: 6399:				 unsigned i;
        -: 6400:
        -: 6401:				 Newx(entries, count, HE *);
        -: 6402:
        -: 6403:				 /* Collect all HE pointers in one pass */
        -: 6404:				 i = 0;
        -: 6405:				 while ((entry = hv_iternext(hv)))
        -: 6406:				     entries[i++] = entry;
        -: 6407:
        -: 6408:				 /* Partial Fisher-Yates (only 'limit' passes) */
        -: 6409:				 for (i = 0; i < limit; i++) {
        -: 6410:				     I32 j    = i + (I32)(Drand01() * (count - i));
        -: 6411:				     HE *restrict tmp  = entries[i];
        -: 6412:				     entries[i] = entries[j];
        -: 6413:				     entries[j] = tmp;
        -: 6414:				 }
        -: 6415:
        -: 6416:				 /* Pre-size result hash to avoid rehashing during population */
        -: 6417:				 hv_ksplit(ret_hv, limit);
        -: 6418:
        -: 6419:				 for (i = 0; i < limit; i++) {
        -: 6420:				     HEK *restrict hek = HeKEY_hek(entries[i]);
        -: 6421:				     /*
        -: 6422:				      * hv_store() with a precomputed hash skips the hash
        -: 6423:				      * computation entirely.  Negative klen signals UTF-8.
        -: 6424:				      */
        -: 6425:				     (void)hv_store(
        -: 6426:				         ret_hv,
        -: 6427:				         HEK_KEY(hek),
        -: 6428:				         HEK_UTF8(hek) ? -(I32)HEK_LEN(hek) : (I32)HEK_LEN(hek),
        -: 6429:				         SvREFCNT_inc(HeVAL(entries[i])),  /* HeVAL: direct macro, no call */
        -: 6430:				         HeHASH(entries[i])                /* reuse precomputed hash */
        -: 6431:				     );
        -: 6432:				 }
        -: 6433:				 Safefree(entries);
        -: 6434:			}
        -: 6435:			ret = newRV_noinc((SV *)ret_hv);
        -: 6436:		} else if (SvTYPE(rv) == SVt_PVAV) {/* --- ARRAY REFERENCE --- */
        -: 6437:			AV    *restrict av    = (AV *)rv;
        -: 6438:			size_t count = av_top_index(av) + 1;  /* signed; 0 for empty AV */
        -: 6439:			size_t limit = (n < count) ? (size_t)n : count;
        -: 6440:			AV    *restrict ret_av = newAV();
        -: 6441:
        -: 6442:			/* Pre-allocate the result array to avoid incremental reallocs */
        -: 6443:			if (n > 0)
        -: 6444:				 av_extend(ret_av, (size_t)n - 1);
        -: 6445:
        -: 6446:			if (count > 0) {
        -: 6447:				 SV    **restrict src = AvARRAY(av);   /* direct pointer into AV's C array */
        -: 6448:				 size_t *restrict idx;
        -: 6449:				 size_t  i;
        -: 6450:
        -: 6451:				 /* Shuffle indices rather than SV** to keep the original AV intact */
        -: 6452:				 Newx(idx, count, size_t);
        -: 6453:				 for (i = 0; i < count; i++)
        -: 6454:				     idx[i] = i;
        -: 6455:
        -: 6456:				 /* Partial Fisher-Yates on the index array */
        -: 6457:				 for (i = 0; i < limit; i++) {
        -: 6458:				     size_t j   = i + (size_t)(Drand01() * (count - i));
        -: 6459:				     size_t tmp = idx[i];
        -: 6460:				     idx[i]  = idx[j];
        -: 6461:				     idx[j]  = tmp;
        -: 6462:				 }
        -: 6463:
        -: 6464:				 for (i = 0; i < (size_t)n; i++) {
        -: 6465:				     if (i < limit) {
        -: 6466:				         SV *restrict sv = src[idx[i]];   /* AvARRAY direct access — no av_fetch call */
        -: 6467:				         SV *push_sv;
        -: 6468:							if (sv && sv != &PL_sv_undef)
        -: 6469:								 push_sv = SvREFCNT_inc(sv);
        -: 6470:							else
        -: 6471:								 push_sv = newSV(0);
        -: 6472:							av_push(ret_av, push_sv);
        -: 6473:				     } else {
        -: 6474:				         av_push(ret_av, newSV(0));
        -: 6475:				     }
        -: 6476:				 }
        -: 6477:				 Safefree(idx);
        -: 6478:			} else {
        -: 6479:				for (size_t i = 0; i < (size_t)n; i++)
        -: 6480:				    av_push(ret_av, newSV(0));
        -: 6481:			}
        -: 6482:			ret = newRV_noinc((SV *)ret_av);
        -: 6483:		}
        -: 6484:	}
        -: 6485:	RETVAL = ret;
        -: 6486:OUTPUT:
        -: 6487:    RETVAL
