        -:    0:Source:LikeR.xs
        -:    0:Graph:./Stats-LikeR-0.01/LikeR.gcno
        -:    0:Data:./Stats-LikeR-0.01/LikeR.gcda
        -:    0:Runs:3
        -:    0:Source is newer than graph
        -:    1:/* --- C HELPER SECTION --- */
        -:    2:#define PERL_NO_GET_CONTEXT
        -:    3:#include "EXTERN.h"
        -:    4:#include "perl.h"
        -:    5:#include "XSUB.h"
        -:    6:#include "ppport.h"
        -:    7:#include <math.h>
        -:    8:#include <ctype.h>
        -:    9:#include <stdlib.h>
        -:   10:#include <float.h>
        -:   11:#include <string.h>
        -:   12:/* Ensure Perl's PRNG is seeded, matching the lazy-evaluation of Perl's rand() */
        -:   13:#define AUTO_SEED_PRNG() \
        -:   14:    do { \
        -:   15:        if (!PL_srand_called) { \
        -:   16:            (void)seedDrand01((Rand_seed_t)Perl_seed(aTHX)); \
        -:   17:            PL_srand_called = TRUE; \
        -:   18:        } \
        -:   19:    } while (0)
        -:   20:
        -:   21:// ---------------------------------------
        -:   22://   Helpers for Random Number Generation
        -:   23:// ---------------------------------------
        -:   24:#ifndef M_PI
        -:   25:#define M_PI 3.14159265358979323846
        -:   26:#endif
        -:   27:// C helper for EXACT Non-central T-distribution CDF via Numerical Integration.
        -:   28:// This perfectly replicates R's pt(..., ncp) exactness without requiring complex Beta functions.
function exact_pnt called 687 returned 100% blocks executed 90%
      687:   29:static double exact_pnt(double t, double df, double ncp) {
     687*:   30:	if (df <= 0.0) return 0.0;
      687:   30-block  0
branch  0 taken 0 (fallthrough)
branch  1 taken 687
    %%%%%:   30-block  1
        -:   31:	
      687:   32:	unsigned short int n_steps = 30000;
      687:   33:	double step = 1.0 / n_steps;
      687:   34:	double integral = 0.0;
      687:   35:	double half_df = df / 2.0;
        -:   36:
      687:   37:	double log_coef = log(2.0) + half_df * log(half_df) - lgamma(half_df);
      687:   38:	double root_half = 0.70710678118654752440; // 1 / sqrt(2)
        -:   39:
 20610000:   40:	for (unsigned short i = 1; i < n_steps; i++) {
      687:   40-block  0
 20610000:   40-block  1
branch  0 taken 20609313
branch  1 taken 687 (fallthrough)
 20609313:   41:		double u = i * step;
 20609313:   42:		double w = u / (1.0 - u);
        -:   43:		
        -:   44:		// Scaled Chi-distribution log-density
 20609313:   45:		double log_M = log_coef + (df - 1.0) * log(w) - half_df * w * w;
 20609313:   46:		double M = exp(log_M);
        -:   47:		
        -:   48:		// Exact Normal CDF using the C standard library's erfc function
 20609313:   49:		double z = t * w - ncp;
 20609313:   50:		double pnorm_val = 0.5 * erfc(-z * root_half);
        -:   51:		
 20609313:   52:		double weight = (i % 2 != 0) ? 4.0 : 2.0;
 20609313:   52-block  0
branch  0 taken 10305000 (fallthrough)
branch  1 taken 10304313
 10305000:   52-block  1
 10304313:   52-block  2
 20609313:   53:		integral += weight * (pnorm_val * M / ((1.0 - u) * (1.0 - u)));
 20609313:   53-block  0
        -:   54:	}
        -:   55:	
      687:   56:	return integral * (step / 3.0);
      687:   56-block  0
        -:   57:}
        -:   58:// --- Math Helpers for P-values and Confidence Intervals --- 
        -:   59:
        -:   60:// Ranking helper with tie adjustment (matches R's tie handling)
        -:   61:typedef struct { double val; size_t idx; double rank; } RankInfo;
function compare_rank called 33 returned 100% blocks executed 100%
       33:   62:static int compare_rank(const void *restrict a, const void *restrict b) {
       33:   63:	double diff = ((RankInfo*)a)->val - ((RankInfo*)b)->val;
       33:   64:	return (diff > 0) - (diff < 0);
       33:   64-block  0
        -:   65:}
        -:   66:
function compare_index called 33 returned 100% blocks executed 100%
       33:   67:static int compare_index(const void *restrict a, const void *restrict b) {
       33:   68:	return ((RankInfo*)a)->idx - ((RankInfo*)b)->idx;
       33:   68-block  0
        -:   69:}
        -:   70:
function compute_ranks called 6 returned 100% blocks executed 95%
        6:   71:static void compute_ranks(double *restrict data, double *restrict ranks, size_t n) {
        6:   72:	RankInfo *restrict items = safemalloc(n * sizeof(RankInfo));
        6:   72-block  0
call    0 returned 6
       36:   73:	for (size_t i = 0; i < n; i++) {
       36:   73-block  0
branch  0 taken 30
branch  1 taken 6 (fallthrough)
       30:   74:		items[i].val = data[i];
       30:   75:		items[i].idx = i;
       30:   75-block  0
        -:   76:	}
        6:   77:	qsort(items, n, sizeof(RankInfo), compare_rank);
        6:   77-block  0
call    0 returned 6
        -:   78:	// Handle ties by averaging ranks
       36:   79:	for (size_t i = 0; i < n; ) {
       36:   79-block  0
branch  0 taken 30
branch  1 taken 6 (fallthrough)
       30:   80:		size_t j = i + 1;
      30*:   81:		while (j < n && items[j].val == items[i].val) j++;
       30:   81-block  0
    %%%%%:   81-block  1
       30:   81-block  2
branch  0 taken 24 (fallthrough)
branch  1 taken 6
       24:   81-block  3
branch  2 taken 0
branch  3 taken 24 (fallthrough)
       30:   82:		double avg_rank = (i + 1 + j) / 2.0;
       60:   83:		for (size_t k = i; k < j; k++) items[k].rank = avg_rank;
       30:   83-block  0
       30:   83-block  1
       60:   83-block  2
branch  0 taken 30
branch  1 taken 30 (fallthrough)
       30:   84:		i = j;
       30:   84-block  0
        -:   85:	}
        6:   86:	qsort(items, n, sizeof(RankInfo), compare_index);
        6:   86-block  0
call    0 returned 6
       36:   87:	for (size_t i = 0; i < n; i++) ranks[i] = items[i].rank;
       30:   87-block  0
       36:   87-block  1
branch  0 taken 30
branch  1 taken 6 (fallthrough)
        6:   88:	Safefree(items);
        6:   88-block  0
call    0 returned 6
        6:   89:}
        -:   90:// Generates a single binomial random variate. 
        -:   91://Uses the standard Bernoulli trial loop. Drand01() taps into Perl's PRNG.
function generate_binomial called 61497 returned 100% blocks executed 100%
    61497:   92:static size_t generate_binomial(const size_t size, const double prob) {
    61497:   93:	if (prob <= 0.0) return 0;
    61497:   93-block  0
branch  0 taken 300 (fallthrough)
branch  1 taken 61197
      300:   93-block  1
    61197:   94:	if (prob >= 1.0) return size;
    61197:   94-block  0
branch  0 taken 300 (fallthrough)
branch  1 taken 60897
      300:   94-block  1
        -:   95:
    60897:   96:	size_t successes = 0;
   936870:   97:	for (size_t i = 0; i < size; i++) {
    60897:   97-block  0
   875973:   97-block  1
   936870:   97-block  2
branch  0 taken 875973
branch  1 taken 60897 (fallthrough)
   875973:   98:		if (Drand01() <= prob) successes++;
   875973:   98-block  0
call    0 returned 875973
branch  1 taken 318938 (fallthrough)
branch  2 taken 557035
   318938:   98-block  1
        -:   99:	}
    60897:  100:	return successes;
    60897:  100-block  0
        -:  101:}
        -:  102:// Helper: log combination
function log_choose called 426 returned 100% blocks executed 100%
      426:  103:static double log_choose(size_t n, size_t k) {
      426:  104:	return lgamma((double)n + 1.0) - lgamma((double)k + 1.0) - lgamma((double)(n - k) + 1.0);
      426:  104-block  0
        -:  105:}
        -:  106:
        -:  107:// Log-space tails for non-central hypergeometric
function calc_tails_logspace called 1212 returned 100% blocks executed 100%
     1212:  108:static void calc_tails_logspace(size_t a, size_t min_x, size_t max_x, double omega, const double *logdc, double *restrict lower_tail, double *restrict upper_tail) {
     1212:  109:	double max_d = -1e300, log_omega = log(omega);
        -:  110:
    10056:  111:	for(size_t k = 0; k <= max_x - min_x; ++k) {
     1212:  111-block  0
     8844:  111-block  1
    10056:  111-block  2
branch  0 taken 8844
branch  1 taken 1212 (fallthrough)
     8844:  112:	  double d_val = logdc[k] + log_omega * (min_x + k);
     8844:  113:	  if (d_val > max_d) max_d = d_val;
     8844:  113-block  0
branch  0 taken 6627 (fallthrough)
branch  1 taken 2217
     6627:  113-block  1
        -:  114:	}
        -:  115:
     1212:  116:	double sum_d = 0.0;
    10056:  117:	for(size_t k = 0; k <= max_x - min_x; ++k) {
     1212:  117-block  0
    10056:  117-block  1
branch  0 taken 8844
branch  1 taken 1212 (fallthrough)
     8844:  118:	  sum_d += exp(logdc[k] + log_omega * (min_x + k) - max_d);
     8844:  118-block  0
        -:  119:	}
        -:  120:
     1212:  121:	*lower_tail = 0.0;
     1212:  122:	*upper_tail = 0.0;
        -:  123:
    10056:  124:	for(size_t k = 0; k <= max_x - min_x; ++k) {
     1212:  124-block  0
     8844:  124-block  1
    10056:  124-block  2
branch  0 taken 8844
branch  1 taken 1212 (fallthrough)
     8844:  125:	  double p_prob = exp(logdc[k] + log_omega * (min_x + k) - max_d) / sum_d;
     8844:  126:	  if (min_x + k <= a) *lower_tail += p_prob;
     8844:  126-block  0
branch  0 taken 7458 (fallthrough)
branch  1 taken 1386
     7458:  126-block  1
     8844:  127:	  if (min_x + k >= a) *upper_tail += p_prob;
     8844:  127-block  0
branch  0 taken 2598 (fallthrough)
branch  1 taken 6246
     2598:  127-block  1
        -:  128:	}
     1212:  129:}
        -:  130:
        -:  131:// Exact stats using log-space
function calculate_exact_stats called 15 returned 100% blocks executed 96%
       15:  132:static void calculate_exact_stats(size_t a, size_t b, size_t c, size_t d, double conf_level, const char*restrict alt, double *restrict mle_or, double *restrict ci_low, double *restrict ci_high) {
       15:  133:    double alpha = 1.0 - conf_level;
       15:  134:    size_t r1 = a + b, r2 = c + d, c1 = a + c;
       15:  135:    size_t min_x = (r2 > c1) ? 0 : c1 - r2;
       15:  135-block  0
branch  0 taken 12 (fallthrough)
branch  1 taken 3
       12:  135-block  1
        3:  135-block  2
       15:  136:    size_t max_x = (r1 < c1) ? r1 : c1;
        -:  137:    
       15:  138:    bool is_less = (strcmp(alt, "less") == 0);
       15:  139:    bool is_greater = (strcmp(alt, "greater") == 0);
        -:  140:
       15:  141:    double *restrict logdc = (double*)safemalloc((max_x - min_x + 1) * sizeof(double));
       15:  141-block  0
call    0 returned 15
       15:  142:    double denom = log_choose(r1 + r2, c1);
call    0 returned 15
      114:  143:    for(size_t x = min_x; x <= max_x; ++x) {
      114:  143-block  0
branch  0 taken 99
branch  1 taken 15 (fallthrough)
       99:  144:        logdc[x - min_x] = log_choose(r1, x) + log_choose(r2, c1 - x) - denom;
       99:  144-block  0
call    0 returned 99
call    1 returned 99
        -:  145:    }
        -:  146:
        -:  147:    // MLE
      15*:  148:    if (a == min_x && a == max_x) *mle_or = 1.0;
       15:  148-block  0
branch  0 taken 0 (fallthrough)
branch  1 taken 15
    %%%%%:  148-block  1
branch  2 never executed (fallthrough)
branch  3 never executed
    %%%%%:  148-block  2
      15*:  149:    else if (a == min_x) *mle_or = 0.0;
       15:  149-block  0
branch  0 taken 0 (fallthrough)
branch  1 taken 15
    %%%%%:  149-block  1
       15:  150:    else if (a == max_x) *mle_or = INFINITY;
       15:  150-block  0
branch  0 taken 3 (fallthrough)
branch  1 taken 12
        3:  150-block  1
        -:  151:    else {
       12:  152:        double log_low = -100.0, log_high = 100.0;
      696:  153:        for (unsigned short int i = 0; i < 3000; i++) {
       12:  153-block  0
      684:  153-block  1
      696:  153-block  2
branch  0 taken 696
branch  1 taken 0 (fallthrough)
      696:  154:            double log_mid = 0.5 * (log_low + log_high);
      696:  155:            double max_d = -1e300;
     5568:  156:            for(size_t k = 0; k <= max_x - min_x; ++k) {
      696:  156-block  0
     4872:  156-block  1
     5568:  156-block  2
branch  0 taken 4872
branch  1 taken 696 (fallthrough)
     4872:  157:                double d_val = logdc[k] + log_mid * (min_x + k);
     4872:  158:                if (d_val > max_d) max_d = d_val;
     4872:  158-block  0
branch  0 taken 4038 (fallthrough)
branch  1 taken 834
     4038:  158-block  1
        -:  159:            }
      696:  160:            double sum_d = 0.0, exp_val = 0.0;
     5568:  161:            for(size_t k = 0; k <= max_x - min_x; ++k) {
      696:  161-block  0
     5568:  161-block  1
branch  0 taken 4872
branch  1 taken 696 (fallthrough)
     4872:  162:                double p_prob = exp(logdc[k] + log_mid * (min_x + k) - max_d);
     4872:  163:                sum_d += p_prob;
     4872:  164:                exp_val += (min_x + k) * p_prob;
     4872:  164-block  0
        -:  165:            }
      696:  166:            exp_val /= sum_d;
        -:  167:            
      696:  168:            if (exp_val > a) log_high = log_mid;
      696:  168-block  0
branch  0 taken 420 (fallthrough)
branch  1 taken 276
      420:  168-block  1
      276:  169:            else log_low = log_mid;
      276:  169-block  0
      696:  170:            if (log_high - log_low < 1e-15) break;
      696:  170-block  0
branch  0 taken 12 (fallthrough)
branch  1 taken 684
       12:  170-block  1
        -:  171:        }
       12:  172:        *mle_or = exp(0.5 * (log_low + log_high));
       12:  172-block  0
        -:  173:    }
        -:  174:
       15:  175:    *ci_low = 0.0;
       15:  176:    *ci_high = INFINITY;
        -:  177:
        -:  178:    // Lower CI
       15:  179:    if (!is_less) { 
       15:  179-block  0
branch  0 taken 12 (fallthrough)
branch  1 taken 3
       12:  180:        double target_alpha = is_greater ? alpha : alpha / 2.0;
       12:  180-block  0
branch  0 taken 3 (fallthrough)
branch  1 taken 9
        3:  180-block  1
        9:  180-block  2
       12:  181:        if (a != min_x) {
       12:  181-block  0
branch  0 taken 12 (fallthrough)
branch  1 taken 0
       12:  182:            double log_low = -100.0, log_high = 100.0, best = 1.0, best_err = 1e9, lt, ut;
      696:  183:            for (unsigned short int i = 0; i < 1000; i++) {
       12:  183-block  0
      684:  183-block  1
      696:  183-block  2
branch  0 taken 696
branch  1 taken 0 (fallthrough)
      696:  184:                double log_mid = 0.5 * (log_low + log_high);
      696:  185:                double mid = exp(log_mid);
      696:  186:                calc_tails_logspace(a, min_x, max_x, mid, logdc, &lt, &ut);
      696:  186-block  0
call    0 returned 696
      696:  187:                double err = fabs(ut - target_alpha);
      696:  188:                if (err < best_err) { best_err = err; best = mid; }
branch  0 taken 309 (fallthrough)
branch  1 taken 387
      309:  188-block  0
      696:  189:                if (ut > target_alpha) log_high = log_mid;
      696:  189-block  0
branch  0 taken 378 (fallthrough)
branch  1 taken 318
      378:  189-block  1
      318:  190:                else log_low = log_mid;
      318:  190-block  0
      696:  191:                if (log_high - log_low < 1e-15) break;
      696:  191-block  0
branch  0 taken 12 (fallthrough)
branch  1 taken 684
       12:  191-block  1
        -:  192:            }
       12:  193:            *ci_low = best;
       12:  193-block  0
        -:  194:        }
        -:  195:    }
        -:  196:
        -:  197:    // Upper CI
       15:  198:    if (!is_greater) { 
       15:  198-block  0
branch  0 taken 12 (fallthrough)
branch  1 taken 3
       12:  199:        double target_alpha = is_less ? alpha : alpha / 2.0;
       12:  199-block  0
branch  0 taken 3 (fallthrough)
branch  1 taken 9
        3:  199-block  1
        9:  199-block  2
       12:  200:        if (a != max_x) {
       12:  200-block  0
branch  0 taken 9 (fallthrough)
branch  1 taken 3
        9:  201:            double log_low = -100.0, log_high = 100.0, best = 1.0, best_err = 1e9, lt, ut;
      516:  202:            for (unsigned short int i = 0; i < 1000; i++) {
        9:  202-block  0
      507:  202-block  1
      516:  202-block  2
branch  0 taken 516
branch  1 taken 0 (fallthrough)
      516:  203:                double log_mid = 0.5 * (log_low + log_high);
      516:  204:                double mid = exp(log_mid);
      516:  205:                calc_tails_logspace(a, min_x, max_x, mid, logdc, &lt, &ut);
      516:  205-block  0
call    0 returned 516
      516:  206:                double err = fabs(lt - target_alpha);
      516:  207:                if (err < best_err) { best_err = err; best = mid; }
branch  0 taken 252 (fallthrough)
branch  1 taken 264
      252:  207-block  0
      516:  208:                if (lt > target_alpha) log_low = log_mid;
      516:  208-block  0
branch  0 taken 252 (fallthrough)
branch  1 taken 264
      252:  208-block  1
      264:  209:                else log_high = log_mid;
      264:  209-block  0
      516:  210:                if (log_high - log_low < 1e-15) break;
      516:  210-block  0
branch  0 taken 9 (fallthrough)
branch  1 taken 507
        9:  210-block  1
        -:  211:            }
        9:  212:            *ci_high = best;
        9:  212-block  0
        -:  213:        }
        -:  214:    }
       15:  215:    safefree(logdc);
       15:  215-block  0
call    0 returned 15
       15:  216:}
        -:  217:
        -:  218:// Exact p-value using log-space
function exact_p_value called 15 returned 100% blocks executed 97%
       15:  219:static double exact_p_value(size_t a, size_t b, size_t c, size_t d, const char* alt) {
       15:  220:    size_t r1 = a + b, r2 = c + d, c1 = a + c;
       15:  221:    size_t min_x = (r2 > c1) ? 0 : c1 - r2;
       15:  221-block  0
branch  0 taken 12 (fallthrough)
branch  1 taken 3
       12:  221-block  1
        3:  221-block  2
       15:  222:    size_t max_x = (r1 < c1) ? r1 : c1;
        -:  223:
       15:  224:    double *logdc = (double*)safemalloc((max_x - min_x + 1) * sizeof(double));
       15:  224-block  0
call    0 returned 15
       15:  225:    double denom = log_choose(r1 + r2, c1);
call    0 returned 15
      114:  226:    for(size_t x = min_x; x <= max_x; ++x) {
      114:  226-block  0
branch  0 taken 99
branch  1 taken 15 (fallthrough)
       99:  227:        logdc[x - min_x] = log_choose(r1, x) + log_choose(r2, c1 - x) - denom;
       99:  227-block  0
call    0 returned 99
call    1 returned 99
        -:  228:    }
        -:  229:
       15:  230:    double p_val = 0.0;
        -:  231:    
       15:  232:    if (strcmp(alt, "less") == 0) {
       15:  232-block  0
branch  0 taken 3 (fallthrough)
branch  1 taken 12
       15:  233:        for(size_t x = min_x; x <= a; ++x) p_val += exp(logdc[x - min_x]);
        3:  233-block  0
       12:  233-block  1
       15:  233-block  2
branch  0 taken 12
branch  1 taken 3
       12:  234:    } else if (strcmp(alt, "greater") == 0) {
       12:  234-block  0
branch  0 taken 3 (fallthrough)
branch  1 taken 9
        9:  235:        for(size_t x = a; x <= max_x; ++x) p_val += exp(logdc[x - min_x]);
        3:  235-block  0
        6:  235-block  1
        9:  235-block  2
branch  0 taken 6
branch  1 taken 3
        -:  236:    } else {
        9:  237:        double p_obs = exp(logdc[a - min_x]);
        9:  238:        double relErr = 1.0 + 1e-7;
       78:  239:        for(size_t x = min_x; x <= max_x; ++x) {
        9:  239-block  0
       69:  239-block  1
       78:  239-block  2
branch  0 taken 69
branch  1 taken 9 (fallthrough)
       69:  240:            double p_cur = exp(logdc[x - min_x]);
       69:  241:            if (p_cur <= p_obs * relErr) p_val += p_cur;
       69:  241-block  0
branch  0 taken 30 (fallthrough)
branch  1 taken 39
       30:  241-block  1
        -:  242:        }
        -:  243:    }
        -:  244:    
       15:  245:    safefree(logdc);
       15:  245-block  0
call    0 returned 15
      15*:  246:    return (p_val > 1.0) ? 1.0 : p_val;
branch  0 taken 0 (fallthrough)
branch  1 taken 15
    %%%%%:  246-block  0
       15:  246-block  1
       15:  246-block  2
        -:  247:}
        -:  248:/* -----------------------------------------------------------------------
        -:  249: * Helpers for lm Linear Regression: OLS Matrix Math & Formula Parsing
        -:  250: * ----------------------------------------------------------------------- */
        -:  251:
        -:  252:/* Sweep operator for symmetric positive-definite matrices (e.g., XtX).
        -:  253: * This gracefully handles collinearity by bypassing aliased columns.
        -:  254: * Utilizes a relative tolerance check to prevent dropping micro-variance features.
        -:  255: */
function sweep_matrix_ols called 132 returned 100% blocks executed 100%
      132:  256:static int sweep_matrix_ols(double *restrict A, size_t n, bool *restrict aliased) {
      132:  257:	int rank = 0;
      132:  258:	double *restrict orig_diag = (double*)safemalloc(n * sizeof(double));
      132:  258-block  0
call    0 returned 132
        -:  259:
        -:  260:	// Save the original diagonal values to use as a baseline for relative variance
      510:  261:	for (size_t k = 0; k < n; k++) {
      510:  261-block  0
branch  0 taken 378
branch  1 taken 132 (fallthrough)
      378:  262:		aliased[k] = false;
      378:  263:		orig_diag[k] = A[k * n + k];
      378:  263-block  0
        -:  264:	}
        -:  265:
      510:  266:	for (size_t k = 0; k < n; k++) {
      132:  266-block  0
      378:  266-block  1
      510:  266-block  2
branch  0 taken 378
branch  1 taken 132 (fallthrough)
        -:  267:		// Check pivot for collinearity using a RELATIVE tolerance
        -:  268:		// (Fallback to a tiny absolute tolerance of 1e-24 to catch literal zero vectors)
      378:  269:		if (fabs(A[k * n + k]) <= 1e-10 * orig_diag[k] || fabs(A[k * n + k]) < 1e-24) {
      378:  269-block  0
branch  0 taken 375 (fallthrough)
branch  1 taken 3
      375:  269-block  1
branch  2 taken 0 (fallthrough)
branch  3 taken 375
        3:  270:			aliased[k] = true;
        -:  271:			// Isolate this column so it doesn't affect the rest of the matrix
       12:  272:			for (size_t i = 0; i < n; i++) { 
        3:  272-block  0
       12:  272-block  1
branch  0 taken 9
branch  1 taken 3 (fallthrough)
        9:  273:				A[k * n + i] = 0.0; 
        9:  274:				A[i * n + k] = 0.0; 
        9:  274-block  0
        -:  275:			}
        3:  276:			continue;
        3:  276-block  0
        -:  277:		}
      375:  278:		rank++;
      375:  279:		double pivot = 1.0 / A[k * n + k];
      375:  280:		A[k * n + k] = 1.0;
     1476:  281:		for (size_t j = 0; j < n; j++) A[k * n + j] *= pivot;
      375:  281-block  0
     1101:  281-block  1
     1476:  281-block  2
branch  0 taken 1101
branch  1 taken 375 (fallthrough)
     1476:  282:		for (size_t i = 0; i < n; i++) {
      375:  282-block  0
     1101:  282-block  1
     1476:  282-block  2
branch  0 taken 1101
branch  1 taken 375 (fallthrough)
     1101:  283:			if (i != k && A[i * n + k] != 0.0) {
     1101:  283-block  0
branch  0 taken 726 (fallthrough)
branch  1 taken 375
      726:  283-block  1
branch  2 taken 708 (fallthrough)
branch  3 taken 18
      708:  284:				  double factor = A[i * n + k];
      708:  285:				  A[i * n + k] = 0.0;
     2838:  286:				  for (size_t j = 0; j < n; j++) {
      708:  286-block  0
     2838:  286-block  1
branch  0 taken 2130
branch  1 taken 708 (fallthrough)
     2130:  287:				       A[i * n + j] -= factor * A[k * n + j];
     2130:  287-block  0
        -:  288:				  }
        -:  289:			}
        -:  290:		}
        -:  291:	}
      132:  292:	Safefree(orig_diag);
      132:  292-block  0
call    0 returned 132
      132:  293:	return rank;
        -:  294:}
        -:  295:
        -:  296:// Internal extractor resolving single data values. Returns NAN on missing or non-numeric.
function get_data_value called 4872 returned 100% blocks executed 95%
     4872:  297:static double get_data_value(HV *restrict data_hoa, HV **restrict row_hashes, unsigned int i, const char *restrict var) {
     4872:  298:    SV **restrict val = NULL;
     4872:  299:    if (row_hashes) {
     4872:  299-block  0
branch  0 taken 3552 (fallthrough)
branch  1 taken 1320
     3552:  300:        val = hv_fetch(row_hashes[i], var, strlen(var), 0);
     3552:  300-block  0
call    0 returned 3552
     3552:  301:        if (val && SvROK(*val) && SvTYPE(SvRV(*val)) == SVt_PVAV) {
branch  0 taken 3552 (fallthrough)
branch  1 taken 0
     3552:  301-block  0
branch  2 taken 3552 (fallthrough)
branch  3 taken 0
     3552:  301-block  1
branch  4 taken 3552 (fallthrough)
branch  5 taken 0
     3552:  302:            AV*restrict av = (AV*)SvRV(*val);
     3552:  303:            val = av_fetch(av, 0, 0);
     3552:  303-block  0
call    0 returned 3552
        -:  304:        }
     1320:  305:    } else if (data_hoa) {
     1320:  305-block  0
branch  0 taken 1320 (fallthrough)
branch  1 taken 0
     1320:  306:        SV**restrict col = hv_fetch(data_hoa, var, strlen(var), 0);
     1320:  306-block  0
call    0 returned 1320
     1320:  307:        if (col && SvROK(*col) && SvTYPE(SvRV(*col)) == SVt_PVAV) {
branch  0 taken 1320 (fallthrough)
branch  1 taken 0
     1320:  307-block  0
branch  2 taken 1320 (fallthrough)
branch  3 taken 0
     1320:  307-block  1
branch  4 taken 1320 (fallthrough)
branch  5 taken 0
     1320:  308:            AV*restrict av = (AV*)SvRV(*col);
     1320:  309:            val = av_fetch(av, i, 0);
     1320:  309-block  0
call    0 returned 1320
        -:  310:        }
        -:  311:    }
     4872:  312:    if (val && SvOK(*val)) {
     4872:  312-block  0
branch  0 taken 4872 (fallthrough)
branch  1 taken 0
     4872:  312-block  1
branch  2 taken 4863 (fallthrough)
branch  3 taken 9
     4863:  313:        if (looks_like_number(*val)) return SvNV(*val);
     4863:  313-block  0
call    0 returned 4863
branch  1 taken 4863 (fallthrough)
branch  2 taken 0
     4863:  313-block  1
call    3 returned 4863
    #####:  314:        return NAN; // Catch strings like "blue"
    %%%%%:  314-block  0
        -:  315:    }
        9:  316:    return NAN; // Catch undef/missing keys
        9:  316-block  0
        -:  317:}
        -:  318:
        -:  319:// Helper: Get all available columns for the '.' operator expansion
function get_all_columns called 6 returned 100% blocks executed 52%
        6:  320:static AV* get_all_columns(HV *restrict data_hoa, HV **restrict row_hashes, size_t n) {
        6:  321:    AV *cols = newAV();
        6:  321-block  0
call    0 returned 6
        6:  322:    if (data_hoa) {
branch  0 taken 6 (fallthrough)
branch  1 taken 0
        6:  323:        hv_iterinit(data_hoa);
        6:  323-block  0
call    0 returned 6
        -:  324:        HE *entry;
       24:  325:        while ((entry = hv_iternext(data_hoa))) {
       24:  325-block  0
call    0 returned 24
branch  1 taken 18
branch  2 taken 6
       18:  326:            av_push(cols, newSVsv(hv_iterkeysv(entry)));
       18:  326-block  0
call    0 returned 18
call    1 returned 18
call    2 returned 18
        -:  327:        }
    #####:  328:    } else if (row_hashes && n > 0 && row_hashes[0]) {
    %%%%%:  328-block  0
branch  0 never executed (fallthrough)
branch  1 never executed
    %%%%%:  328-block  1
branch  2 never executed (fallthrough)
branch  3 never executed
    %%%%%:  328-block  2
branch  4 never executed (fallthrough)
branch  5 never executed
    #####:  329:        hv_iterinit(row_hashes[0]);
    %%%%%:  329-block  0
call    0 never executed
        -:  330:        HE *entry;
    #####:  331:        while ((entry = hv_iternext(row_hashes[0]))) {
    %%%%%:  331-block  0
call    0 never executed
branch  1 never executed
branch  2 never executed (fallthrough)
    #####:  332:            av_push(cols, newSVsv(hv_iterkeysv(entry)));
    %%%%%:  332-block  0
call    0 never executed
call    1 never executed
call    2 never executed
        -:  333:        }
        -:  334:    }
        6:  335:    return cols;
        6:  335-block  0
        -:  336:}
        -:  337:
        -:  338:// Recursive formula resolver with tightened NaN and Null handling
function evaluate_term called 4968 returned 100% blocks executed 52%
     4968:  339:static double evaluate_term(HV *restrict data_hoa, HV **restrict row_hashes, unsigned int i, const char *restrict term) {
    4968*:  340:    if (!term || term[0] == '\0') return NAN;
     4968:  340-block  0
branch  0 taken 4968 (fallthrough)
branch  1 taken 0
     4968:  340-block  1
branch  2 taken 0 (fallthrough)
branch  3 taken 4968
    %%%%%:  340-block  2
        -:  341:
     4968:  342:    char *restrict term_cpy = savepv(term); 
     4968:  342-block  0
call    0 returned 4968
     4968:  343:    char *restrict colon = strchr(term_cpy, ':');
     4968:  344:    if (colon) {
branch  0 taken 96 (fallthrough)
branch  1 taken 4872
       96:  345:        *colon = '\0';
       96:  346:        double left = evaluate_term(data_hoa, row_hashes, i, term_cpy);
       96:  346-block  0
call    0 returned 96
       96:  347:        double right = evaluate_term(data_hoa, row_hashes, i, colon + 1);
call    0 returned 96
       96:  348:        Safefree(term_cpy); 
call    0 returned 96
        -:  349:        
      96*:  350:        if (isnan(left) || isnan(right)) return NAN;
branch  0 taken 96 (fallthrough)
branch  1 taken 0
       96:  350-block  0
branch  2 taken 0 (fallthrough)
branch  3 taken 96
    %%%%%:  350-block  1
       96:  351:        return left * right;
       96:  351-block  0
        -:  352:    }
     4872:  353:    if (strncmp(term_cpy, "I(", 2) == 0) {
     4872:  353-block  0
branch  0 taken 0 (fallthrough)
branch  1 taken 4872
    #####:  354:        char *restrict end = strrchr(term_cpy, ')');
    #####:  355:        if (end) *end = '\0';
    %%%%%:  355-block  0
branch  0 never executed (fallthrough)
branch  1 never executed
    %%%%%:  355-block  1
    #####:  356:        char *restrict inner = term_cpy + 2;
    #####:  357:        char *restrict caret = strchr(inner, '^');
    #####:  358:        int power = 1;
    #####:  359:        if (caret) {
    %%%%%:  359-block  0
branch  0 never executed (fallthrough)
branch  1 never executed
    #####:  360:            *caret = '\0';
    #####:  361:            power = atoi(caret + 1);
    %%%%%:  361-block  0
        -:  362:        }
    #####:  363:        double v = get_data_value(data_hoa, row_hashes, i, inner);
    %%%%%:  363-block  0
call    0 never executed
    #####:  364:        Safefree(term_cpy); 
call    0 never executed
        -:  365:        
    #####:  366:        if (isnan(v)) return NAN;
branch  0 never executed (fallthrough)
branch  1 never executed
    %%%%%:  366-block  0
    #####:  367:        return power == 1 ? v : pow(v, power);
    %%%%%:  367-block  0
branch  0 never executed (fallthrough)
branch  1 never executed
    %%%%%:  367-block  1
    %%%%%:  367-block  2
    %%%%%:  367-block  3
        -:  368:    }
     4872:  369:    double result = get_data_value(data_hoa, row_hashes, i, term_cpy);
     4872:  369-block  0
call    0 returned 4872
     4872:  370:    Safefree(term_cpy); 
call    0 returned 4872
     4872:  371:    return result;
        -:  372:}
        -:  373:
        -:  374:// Helper to infer column type from its first valid element
function is_column_categorical called 162 returned 100% blocks executed 100%
      162:  375:static bool is_column_categorical(HV *restrict data_hoa, HV **restrict row_hashes, size_t n, const char *restrict var) {
      258:  376:	for (size_t i = 0; i < n; i++) {
      162:  376-block  0
       96:  376-block  1
      258:  376-block  2
branch  0 taken 255
branch  1 taken 3 (fallthrough)
      255:  377:		SV **restrict val = NULL;
      255:  378:		if (row_hashes) {
      255:  378-block  0
branch  0 taken 165 (fallthrough)
branch  1 taken 90
      165:  379:			val = hv_fetch(row_hashes[i], var, strlen(var), 0);
      165:  379-block  0
call    0 returned 165
      165:  380:			if (val && SvROK(*val) && SvTYPE(SvRV(*val)) == SVt_PVAV) {
branch  0 taken 69 (fallthrough)
branch  1 taken 96
       69:  380-block  0
branch  2 taken 69 (fallthrough)
branch  3 taken 0
       69:  380-block  1
branch  4 taken 69 (fallthrough)
branch  5 taken 0
       69:  381:				 AV*restrict av = (AV*)SvRV(*val);
       69:  382:				 val = av_fetch(av, 0, 0);
       69:  382-block  0
call    0 returned 69
        -:  383:			}
       90:  384:		} else if (data_hoa) {
       90:  384-block  0
branch  0 taken 90 (fallthrough)
branch  1 taken 0
       90:  385:			SV **restrict col = hv_fetch(data_hoa, var, strlen(var), 0);
       90:  385-block  0
call    0 returned 90
       90:  386:			if (col && SvROK(*col) && SvTYPE(SvRV(*col)) == SVt_PVAV) {
branch  0 taken 90 (fallthrough)
branch  1 taken 0
       90:  386-block  0
branch  2 taken 90 (fallthrough)
branch  3 taken 0
       90:  386-block  1
branch  4 taken 90 (fallthrough)
branch  5 taken 0
       90:  387:				 AV*restrict av = (AV*)SvRV(*col);
       90:  388:				 val = av_fetch(av, i, 0);
       90:  388-block  0
call    0 returned 90
        -:  389:			}
        -:  390:		}
      255:  391:		if (val && SvOK(*val)) {
      255:  391-block  0
branch  0 taken 159 (fallthrough)
branch  1 taken 96
      159:  391-block  1
branch  2 taken 159 (fallthrough)
branch  3 taken 0
      159:  392:			if (looks_like_number(*val)) return false; // First valid is number -> Numeric Column
      159:  392-block  0
call    0 returned 159
branch  1 taken 132 (fallthrough)
branch  2 taken 27
      132:  392-block  1
       27:  393:			return true; // First valid is string -> Categorical Column
       27:  393-block  0
        -:  394:		}
        -:  395:	}
        3:  396:	return false;
        3:  396-block  0
        -:  397:}
        -:  398:
        -:  399:/* Internal extractor resolving single data string values using dynamic allocation. */
function get_data_string_alloc called 1041 returned 100% blocks executed 68%
     1041:  400:static char* get_data_string_alloc(HV *restrict data_hoa, HV **restrict row_hashes, size_t i, const char *restrict var) {
     1041:  401:	SV **restrict val = NULL;
     1041:  402:	if (row_hashes) {
     1041:  402-block  0
branch  0 taken 0 (fallthrough)
branch  1 taken 1041
    #####:  403:		val = hv_fetch(row_hashes[i], var, strlen(var), 0);
    %%%%%:  403-block  0
call    0 never executed
    #####:  404:		if (val && SvROK(*val) && SvTYPE(SvRV(*val)) == SVt_PVAV) {
branch  0 never executed (fallthrough)
branch  1 never executed
    %%%%%:  404-block  0
branch  2 never executed (fallthrough)
branch  3 never executed
    %%%%%:  404-block  1
branch  4 never executed (fallthrough)
branch  5 never executed
    #####:  405:			AV*restrict av = (AV*)SvRV(*val);
    #####:  406:			val = av_fetch(av, 0, 0);
    %%%%%:  406-block  0
call    0 never executed
        -:  407:		}
     1041:  408:	} else if (data_hoa) {
     1041:  408-block  0
branch  0 taken 1041 (fallthrough)
branch  1 taken 0
     1041:  409:		SV **restrict col = hv_fetch(data_hoa, var, strlen(var), 0);
     1041:  409-block  0
call    0 returned 1041
     1041:  410:		if (col && SvROK(*col) && SvTYPE(SvRV(*col)) == SVt_PVAV) {
branch  0 taken 1041 (fallthrough)
branch  1 taken 0
     1041:  410-block  0
branch  2 taken 1041 (fallthrough)
branch  3 taken 0
     1041:  410-block  1
branch  4 taken 1041 (fallthrough)
branch  5 taken 0
     1041:  411:			AV*restrict av = (AV*)SvRV(*col);
     1041:  412:			val = av_fetch(av, i, 0);
     1041:  412-block  0
call    0 returned 1041
        -:  413:		}
        -:  414:	}
     1041:  415:	if (val && SvOK(*val)) {
     1041:  415-block  0
branch  0 taken 1041 (fallthrough)
branch  1 taken 0
     1041:  415-block  1
branch  2 taken 1041 (fallthrough)
branch  3 taken 0
     1041:  416:	  return savepv(SvPV_nolen(*val)); /* Allocates and returns string */
     1041:  416-block  0
call    0 returned 1041
call    1 returned 1041
        -:  417:	}
    #####:  418:	return NULL;
    %%%%%:  418-block  0
        -:  419:}
        -:  420:
        -:  421:// Struct for sorting p-values while remembering their original index
        -:  422:typedef struct {
        -:  423:	double p;
        -:  424:	size_t orig_idx;
        -:  425:} PVal;
        -:  426:
        -:  427:// Comparator for qsort
function cmp_pval called 4557 returned 100% blocks executed 83%
     4557:  428:static int cmp_pval(const void *restrict a, const void *restrict b) {
     4557:  429:	double diff = ((PVal*)a)->p - ((PVal*)b)->p;
     4557:  430:	if (diff < 0) return -1;
     4557:  430-block  0
branch  0 taken 2121 (fallthrough)
branch  1 taken 2436
     2121:  430-block  1
     2436:  431:	if (diff > 0) return 1;
     2436:  431-block  0
branch  0 taken 2436 (fallthrough)
branch  1 taken 0
     2436:  431-block  1
        -:  432:	/* Stabilize sort by falling back to original index */
    #####:  433:	return ((PVal*)a)->orig_idx - ((PVal*)b)->orig_idx; 
    %%%%%:  433-block  0
        -:  434:}
        -:  435:/* -----------------------------------------------------------------------
        -:  436: * Helpers for cor(): ranking (Spearman), Pearson r, Kendall tau-b
        -:  437: * ----------------------------------------------------------------------- */
        -:  438:/* Item used to sort values while remembering their original index,
        -:  439: * needed for average-rank tie-breaking in Spearman correlation.        */
        -:  440:typedef struct {
        -:  441:	double val;
        -:  442:	size_t idx;
        -:  443:} RankItem;
        -:  444:
function cmp_rank_item called 111 returned 100% blocks executed 100%
      111:  445:static int cmp_rank_item(const void *restrict a, const void *restrict b) {
      111:  446:	double diff = ((RankItem*)a)->val - ((RankItem*)b)->val;
      111:  447:	if (diff < 0) return -1;
      111:  447-block  0
branch  0 taken 99 (fallthrough)
branch  1 taken 12
       99:  447-block  1
       12:  448:	if (diff > 0) return  1;
       12:  448-block  0
branch  0 taken 9 (fallthrough)
branch  1 taken 3
        9:  448-block  1
        3:  449:	return 0;
        3:  449-block  0
        -:  450:}
        -:  451:
        -:  452:/* Compute 1-based average ranks with tie-breaking into out[].
        -:  453: * in[] is not modified.                                                 */
function rank_data called 12 returned 100% blocks executed 95%
       12:  454:static void rank_data(const double *restrict in, double *restrict out, size_t n) {
        -:  455:	RankItem *restrict ri;
      12*:  456:	Newx(ri, n, RankItem);
       12:  456-block  0
branch  0 taken 0 (fallthrough)
branch  1 taken 12
    %%%%%:  456-block  1
call    2 never executed
       12:  456-block  2
call    3 returned 12
       96:  457:	for (size_t i = 0; i < n; i++) { ri[i].val = in[i]; ri[i].idx = i; }
       84:  457-block  0
       96:  457-block  1
branch  0 taken 84
branch  1 taken 12 (fallthrough)
       12:  458:	qsort(ri, n, sizeof(RankItem), cmp_rank_item);
       12:  458-block  0
call    0 returned 12
        -:  459:
       12:  460:	size_t i = 0;
       93:  461:	while (i < n) {
       93:  461-block  0
branch  0 taken 81
branch  1 taken 12 (fallthrough)
       81:  462:		size_t j = i;
        -:  463:		/* Find the full extent of this tie group */
       84:  464:		while (j + 1 < n && ri[j + 1].val == ri[j].val) j++;
       81:  464-block  0
        3:  464-block  1
       84:  464-block  2
branch  0 taken 72 (fallthrough)
branch  1 taken 12
       72:  464-block  3
branch  2 taken 3
branch  3 taken 69 (fallthrough)
        -:  465:		/* All members get the average of ranks i+1 … j+1 (1-based) */
       81:  466:		double avg = (double)(i + j) / 2.0 + 1.0;
      165:  467:		for (size_t k = i; k <= j; k++) out[ri[k].idx] = avg;
       81:  467-block  0
       84:  467-block  1
      165:  467-block  2
branch  0 taken 84
branch  1 taken 81 (fallthrough)
       81:  468:		i = j + 1;
       81:  468-block  0
        -:  469:	}
       12:  470:	Safefree(ri);
       12:  470-block  0
call    0 returned 12
       12:  471:}
        -:  472:
        -:  473:/* Pearson product-moment r between two n-element arrays.
        -:  474: * Returns NAN when either variable has zero variance (matches R).       */
function pearson_corr called 18 returned 100% blocks executed 86%
       18:  475:static double pearson_corr(const double *restrict x, const double *restrict y, size_t n) {
       18:  476:	double sx = 0, sy = 0, sxy = 0, sx2 = 0, sy2 = 0;
      108:  477:	for (size_t i = 0; i < n; i++) {
       18:  477-block  0
      108:  477-block  1
branch  0 taken 90
branch  1 taken 18 (fallthrough)
       90:  478:	  sx  += x[i];     sy  += y[i];
       90:  479:	  sxy += x[i]*y[i]; sx2 += x[i]*x[i]; sy2 += y[i]*y[i];
       90:  479-block  0
        -:  480:	}
       18:  481:	double num = (double)n * sxy - sx * sy;
       18:  482:	double den = sqrt(((double)n * sx2 - sx*sx) * ((double)n * sy2 - sy*sy));
      18*:  483:	if (den == 0.0) return NAN;
       18:  483-block  0
branch  0 taken 0 (fallthrough)
branch  1 taken 18
    %%%%%:  483-block  1
       18:  484:	return num / den;
       18:  484-block  0
        -:  485:}
        -:  486:
        -:  487:/* Kendall's tau-b between two n-element arrays.
        -:  488: *
        -:  489: *   tau-b = (C − D) / sqrt((C + D + T_x)(C + D + T_y))
        -:  490: *
        -:  491: * where C = concordant pairs, D = discordant, T_x = pairs tied only on
        -:  492: * x, T_y = pairs tied only on y.  Joint ties (both zero) are excluded
        -:  493: * from numerator and denominator, matching R's cor(method="kendall").
        -:  494: * Returns NAN when the denominator is zero.                             */
function kendall_tau_b called 3 returned 100% blocks executed 80%
        3:  495:static double kendall_tau_b(const double *restrict x, const double *restrict y, unsigned int n) {
        3:  496:	size_t C = 0, D = 0, tie_x = 0, tie_y = 0;
       27:  497:	for (size_t i = 0; i < n - 1; i++) {
        3:  497-block  0
       24:  497-block  1
       27:  497-block  2
branch  0 taken 24
branch  1 taken 3 (fallthrough)
      132:  498:	  for (size_t j = i + 1; j < n; j++) {
       24:  498-block  0
      108:  498-block  1
      132:  498-block  2
branch  0 taken 108
branch  1 taken 24 (fallthrough)
      108:  499:		   int sx = (x[i] > x[j]) - (x[i] < x[j]);   /* sign of x[i]-x[j] */
      108:  500:		   int sy = (y[i] > y[j]) - (y[i] < y[j]);
     108*:  501:		   if      (sx == 0 && sy == 0) { /* joint tie — not counted */ }
      108:  501-block  0
branch  0 taken 3 (fallthrough)
branch  1 taken 105
        3:  501-block  1
branch  2 taken 0 (fallthrough)
branch  3 taken 3
    %%%%%:  501-block  2
      108:  502:		   else if (sx == 0)            tie_x++;
      108:  502-block  0
branch  0 taken 3 (fallthrough)
branch  1 taken 105
        3:  502-block  1
     105*:  503:		   else if (sy == 0)            tie_y++;
      105:  503-block  0
branch  0 taken 0 (fallthrough)
branch  1 taken 105
    %%%%%:  503-block  1
      105:  504:		   else if (sx == sy)           C++;
      105:  504-block  0
branch  0 taken 105 (fallthrough)
branch  1 taken 0
      105:  504-block  1
    #####:  505:		   else                         D++;
    %%%%%:  505-block  0
        -:  506:	  }
        -:  507:	}
        3:  508:	double denom = sqrt((double)(C + D + tie_x) * (double)(C + D + tie_y));
       3*:  509:	if (denom == 0.0) return NAN;
        3:  509-block  0
branch  0 taken 0 (fallthrough)
branch  1 taken 3
    %%%%%:  509-block  1
        3:  510:	return (double)(C - D) / denom;
        3:  510-block  0
        -:  511:}
        -:  512:
        -:  513:/* Single dispatch: compute correlation according to method string.
        -:  514: * Allocates and frees temporary rank arrays internally for Spearman.   */
function compute_cor called 21 returned 100% blocks executed 89%
       21:  515:static double compute_cor(const double *restrict x, const double *restrict y,
        -:  516:                           size_t n, const char *restrict method) {
       21:  517:	if (strcmp(method, "spearman") == 0) {
       21:  517-block  0
branch  0 taken 3 (fallthrough)
branch  1 taken 18
        -:  518:	  double *restrict rx, *restrict ry;
       3*:  519:	  Newx(rx, n, double); Newx(ry, n, double);
        3:  519-block  0
branch  0 taken 0 (fallthrough)
branch  1 taken 3
    %%%%%:  519-block  1
call    2 never executed
        3:  519-block  2
call    3 returned 3
branch  4 taken 0 (fallthrough)
branch  5 taken 3
    %%%%%:  519-block  3
call    6 never executed
        3:  519-block  4
call    7 returned 3
        3:  520:	  rank_data(x, rx, n);
call    0 returned 3
        3:  521:	  rank_data(y, ry, n);
call    0 returned 3
        3:  522:	  double r = pearson_corr(rx, ry, n);
call    0 returned 3
        3:  523:	  Safefree(rx); Safefree(ry);
call    0 returned 3
call    1 returned 3
        3:  524:	  return r;
        -:  525:	}
       18:  526:	if (strcmp(method, "kendall") == 0)
       18:  526-block  0
branch  0 taken 3 (fallthrough)
branch  1 taken 15
        3:  527:	  return kendall_tau_b(x, y, n);
        3:  527-block  0
call    0 returned 3
        -:  528:	/* default: pearson */
       15:  529:	return pearson_corr(x, y, n);
       15:  529-block  0
call    0 returned 15
        -:  530:}
        -:  531:
        -:  532:// Math macros
        -:  533:#define MAX_ITER 500
        -:  534:#define EPS 3.0e-15
        -:  535:#define FPMIN 1.0e-30
        -:  536:
function _incbeta_cf called 24459 returned 100% blocks executed 71%
    24459:  537:static double _incbeta_cf(double a, double b, double x) {
        -:  538:	int m;
        -:  539:	double aa, c, d, del, h, qab, qam, qap;
    24459:  540:	qab = a + b; qap = a + 1.0; qam = a - 1.0;
    24459:  541:	c = 1.0; d = 1.0 - qab * x / qap;
   24459*:  542:	if (fabs(d) < FPMIN) d = FPMIN;
    24459:  542-block  0
branch  0 taken 0 (fallthrough)
branch  1 taken 24459
    %%%%%:  542-block  1
    24459:  543:	d = 1.0 / d; h = d;
   540939:  544:	for (m = 1; m <= MAX_ITER; m++) {
    24459:  544-block  0
   516480:  544-block  1
   540939:  544-block  2
branch  0 taken 540939
branch  1 taken 0 (fallthrough)
   540939:  545:	  int m2 = 2 * m;
   540939:  546:	  aa = m * (b - m) * x / ((qam + m2) * (a + m2));
   540939:  547:	  d = 1.0 + aa * d;
  540939*:  548:	  if (fabs(d) < FPMIN) d = FPMIN;
   540939:  548-block  0
branch  0 taken 0 (fallthrough)
branch  1 taken 540939
    %%%%%:  548-block  1
   540939:  549:	  c = 1.0 + aa / c;
  540939*:  550:	  if (fabs(c) < FPMIN) c = FPMIN;
   540939:  550-block  0
branch  0 taken 0 (fallthrough)
branch  1 taken 540939
    %%%%%:  550-block  1
   540939:  551:	  d = 1.0 / d; h *= d * c;
   540939:  552:	  aa = -(a + m) * (qab + m) * x / ((a + m2) * (qap + m2));
   540939:  553:	  d = 1.0 + aa * d;
  540939*:  554:	  if (fabs(d) < FPMIN) d = FPMIN;
   540939:  554-block  0
branch  0 taken 0 (fallthrough)
branch  1 taken 540939
    %%%%%:  554-block  1
   540939:  555:	  c = 1.0 + aa / c;
  540939*:  556:	  if (fabs(c) < FPMIN) c = FPMIN;
   540939:  556-block  0
branch  0 taken 0 (fallthrough)
branch  1 taken 540939
    %%%%%:  556-block  1
   540939:  557:	  d = 1.0 / d; del = d * c; h *= del;
   540939:  558:	  if (fabs(del - 1.0) < EPS) break;
   540939:  558-block  0
branch  0 taken 24459 (fallthrough)
branch  1 taken 516480
    24459:  558-block  1
        -:  559:	}
    24459:  560:	return h;
    24459:  560-block  0
        -:  561:}
        -:  562:
function incbeta called 24582 returned 100% blocks executed 90%
    24582:  563:static double incbeta(double a, double b, double x) {
   24582*:  564:	if (x <= 0.0) return 0.0;
    24582:  564-block  0
branch  0 taken 0 (fallthrough)
branch  1 taken 24582
    %%%%%:  564-block  1
    24582:  565:	if (x >= 1.0) return 1.0;
    24582:  565-block  0
branch  0 taken 123 (fallthrough)
branch  1 taken 24459
      123:  565-block  1
    24459:  566:	double bt = exp(lgamma(a + b) - lgamma(a) - lgamma(b) + a * log(x) + b * log(1.0 - x));
    24459:  567:	if (x < (a + 1.0) / (a + b + 2.0)) return bt * _incbeta_cf(a, b, x) / a;
    24459:  567-block  0
branch  0 taken 20175 (fallthrough)
branch  1 taken 4284
    20175:  567-block  1
call    2 returned 20175
     4284:  568:	return 1.0 - bt * _incbeta_cf(b, a, 1.0 - x) / b;
     4284:  568-block  0
call    0 returned 4284
        -:  569:}
        -:  570:
function get_t_pvalue called 24504 returned 100% blocks executed 92%
    24504:  571:static double get_t_pvalue(double t, double df, const char*restrict alt) {
    24504:  572:	double x = df / (df + t * t);
    24504:  573:	double prob_2tail = incbeta(df / 2.0, 0.5, x);
    24504:  573-block  0
call    0 returned 24504
    24504:  574:	if (strcmp(alt, "less") == 0) return (t < 0) ? 0.5 * prob_2tail : 1.0 - 0.5 * prob_2tail;
branch  0 taken 6 (fallthrough)
branch  1 taken 24498
        6:  574-block  0
branch  2 taken 3 (fallthrough)
branch  3 taken 3
        3:  574-block  1
        3:  574-block  2
        6:  574-block  3
   24498*:  575:	if (strcmp(alt, "greater") == 0) return (t > 0) ? 0.5 * prob_2tail : 1.0 - 0.5 * prob_2tail;
    24498:  575-block  0
branch  0 taken 24186 (fallthrough)
branch  1 taken 312
    24186:  575-block  1
branch  2 taken 24186 (fallthrough)
branch  3 taken 0
    24186:  575-block  2
    %%%%%:  575-block  3
    24186:  575-block  4
      312:  576:	return prob_2tail;
      312:  576-block  0
        -:  577:}
        -:  578:
        -:  579:// Bisection algorithm to find the inverse t-distribution (Critical t-value)
function qt_tail called 813 returned 100% blocks executed 94%
      813:  580:static double qt_tail(double df, double p_tail) {
      813:  581:	double low = 0.0, high = 1.0;
        -:  582:	// Find upper bound
     1929:  583:	while (get_t_pvalue(high, df, "greater") > p_tail) {
      813:  583-block  0
     1929:  583-block  1
call    0 returned 1929
branch  1 taken 1116
branch  2 taken 813 (fallthrough)
     1116:  584:	  low = high;
     1116:  585:	  high *= 2.0;
    1116*:  586:	  if (high > 1000000.0) break; /* Fallback limit */
     1116:  586-block  0
branch  0 taken 0 (fallthrough)
branch  1 taken 1116
    %%%%%:  586-block  1
        -:  587:	}
        -:  588:	// Bisect to find the root
    22254:  589:	for (unsigned short int i = 0; i < 100; i++) {
      813:  589-block  0
    21441:  589-block  1
    22254:  589-block  2
branch  0 taken 22254
branch  1 taken 0 (fallthrough)
    22254:  590:	  double mid = (low + high) / 2.0;
    22254:  591:	  double p_mid = get_t_pvalue(mid, df, "greater");
    22254:  591-block  0
call    0 returned 22254
    22254:  592:	  if (p_mid > p_tail) {
branch  0 taken 10869 (fallthrough)
branch  1 taken 11385
    10869:  593:		   low = mid;
    10869:  593-block  0
        -:  594:	  } else {
    11385:  595:		   high = mid;
    11385:  595-block  0
        -:  596:	  }
    22254:  597:	  if (high - low < 1e-8) break;
    22254:  597-block  0
branch  0 taken 813 (fallthrough)
branch  1 taken 21441
      813:  597-block  1
        -:  598:	}
      813:  599:	return (low + high) / 2.0;
      813:  599-block  0
        -:  600:}
        -:  601:
function compare_doubles called 8505 returned 100% blocks executed 100%
     8505:  602:int compare_doubles(const void *restrict a, const void *restrict b) {
     8505:  603:	double da = *(const double*restrict)a;
     8505:  604:	double db = *(const double*restrict)b;
     8505:  605:	return (da > db) - (da < db);
     8505:  605-block  0
        -:  606:}
        -:  607:/* Helper to calculate the number of bins using Sturges' formula: log2(n) + 1 */
function calculate_sturges_bins called 0 returned 0% blocks executed 0%
    #####:  608:static size_t calculate_sturges_bins(size_t n) {
    #####:  609:	if (n == 0) return 1;
    %%%%%:  609-block  0
branch  0 never executed (fallthrough)
branch  1 never executed
    %%%%%:  609-block  1
    #####:  610:	return (size_t)(log((double)n) / log(2.0) + 1.0);
    %%%%%:  610-block  0
        -:  611:}
        -:  612:
        -:  613:// Logic for distributing data into bins (Optimized to O(N))
function compute_hist_logic called 15 returned 100% blocks executed 89%
       15:  614:static void compute_hist_logic(double *restrict x, size_t n, double *restrict breaks, size_t n_bins, 
        -:  615:                               size_t *restrict counts, double *restrict mids, double *restrict density) {
       15:  616:	double total_n = (double)n;
       15:  617:	double min_val = breaks[0];
      15*:  618:	double step = (n_bins > 0) ? (breaks[1] - breaks[0]) : 0.0;
       15:  618-block  0
branch  0 taken 15 (fallthrough)
branch  1 taken 0
       15:  618-block  1
    %%%%%:  618-block  2
        -:  619:	// Initialize counts and compute midpoints
       69:  620:	for (size_t i = 0; i < n_bins; i++) {
       15:  620-block  0
       69:  620-block  1
branch  0 taken 54
branch  1 taken 15 (fallthrough)
       54:  621:	  counts[i] = 0;
       54:  622:	  mids[i] = (breaks[i] + breaks[i+1]) / 2.0;
       54:  622-block  0
        -:  623:	}
        -:  624:	// Single O(N) pass to assign elements to bins
       15:  625:	if (step > 0.0) {
       15:  625-block  0
branch  0 taken 9 (fallthrough)
branch  1 taken 6
     6051:  626:	  for (size_t j = 0; j < n; j++) {
        9:  626-block  0
     6042:  626-block  1
     6051:  626-block  2
branch  0 taken 6042
branch  1 taken 9
     6042:  627:		   double val = x[j];
        -:  628:		   // Ignore out-of-bounds or invalid values
    6042*:  629:		   if (isnan(val) || isinf(val) || val < min_val) continue;
     6042:  629-block  0
branch  0 taken 6042 (fallthrough)
branch  1 taken 0
     6042:  629-block  1
branch  2 taken 6042 (fallthrough)
branch  3 taken 0
     6042:  629-block  2
branch  4 taken 0 (fallthrough)
branch  5 taken 6042
    %%%%%:  629-block  3
        -:  630:		   // Calculate initial bin index mathematically
     6042:  631:		   size_t idx = (size_t)((val - min_val) / step);
        -:  632:		   // Clamp to valid array bounds first to prevent overflow */
     6042:  633:		   if (idx >= n_bins) {
     6042:  633-block  0
branch  0 taken 9 (fallthrough)
branch  1 taken 6033
        9:  634:		       idx = n_bins - 1;
        9:  634-block  0
        -:  635:		   }
        -:  636:		   /* Adjust for exact boundaries (R's right-inclusive default: (a, b]) */
        -:  637:		   /* If value is exactly on or slightly below the lower boundary of the assigned bin, 
        -:  638:		      it belongs in the previous bin. (First bin [a, b] is inclusive on both ends) */
     6069:  639:		   while (idx > 0 && val <= breaks[idx]) {
     6042:  639-block  0
     6069:  639-block  1
branch  0 taken 5448 (fallthrough)
branch  1 taken 621
     5448:  639-block  2
branch  2 taken 27
branch  3 taken 5421 (fallthrough)
       27:  640:		       idx--;
       27:  640-block  0
        -:  641:		   }
        -:  642:		   // Conversely, if floating-point truncation placed it too low, push it up
     6042:  643:		   while (idx < n_bins - 1 && val > breaks[idx + 1]) {
     6042:  643-block  0
     6042:  643-block  1
branch  0 taken 5433 (fallthrough)
branch  1 taken 609
     5433:  643-block  2
branch  2 taken 0
branch  3 taken 5433 (fallthrough)
    #####:  644:		       idx++;
    %%%%%:  644-block  0
        -:  645:		   }
     6042:  646:		   counts[idx]++;
     6042:  646-block  0
        -:  647:	  }
        6:  648:	} else if (n_bins > 0) {
        6:  648-block  0
branch  0 taken 6 (fallthrough)
branch  1 taken 0
        -:  649:	  // Edge case: All data points have the exact same value (step == 0)
        6:  650:	  counts[0] = n;
        6:  650-block  0
        -:  651:	}
        -:  652:	// Compute densities
       69:  653:	for (size_t i = 0; i < n_bins; i++) {
       15:  653-block  0
       54:  653-block  1
       69:  653-block  2
branch  0 taken 54
branch  1 taken 15 (fallthrough)
       54:  654:	  double bin_width = breaks[i+1] - breaks[i];
       54:  655:	  if (bin_width > 0) {
       54:  655-block  0
branch  0 taken 48 (fallthrough)
branch  1 taken 6
       48:  656:		   density[i] = (double)counts[i] / (total_n * bin_width);
       48:  656-block  0
        -:  657:	  } else {
       6*:  658:		   density[i] = (n_bins == 1) ? 1.0 : 0.0;
        6:  658-block  0
branch  0 taken 6 (fallthrough)
branch  1 taken 0
        6:  658-block  1
    %%%%%:  658-block  2
        6:  658-block  3
        -:  659:	  }
        -:  660:	}
       15:  661:}
        -:  662:
        -:  663:// Standard Normal CDF approximation
function approx_pnorm called 168 returned 100% blocks executed 100%
      168:  664:double approx_pnorm(double x) {
      168:  665:	return 0.5 * erfc(-x * 0.70710678118654752440); // 0.707... = 1/sqrt(2)
      168:  665-block  0
        -:  666:}
        -:  667:#ifndef M_SQRT1_2
        -:  668:#define M_SQRT1_2 0.70710678118654752440
        -:  669:#endif
        -:  670:
        -:  671:/* Macro for exact Wilcoxon 3D array indexing */
        -:  672:#define DP_INDEX(i, j, k, n2, max_u) ((i) * ((n2) + 1) * ((max_u) + 1) + (j) * ((max_u) + 1) + (k))
function inverse_normal_cdf called 84 returned 100% blocks executed 100%
       84:  673:static double inverse_normal_cdf(double p) {
       84:  674:	double a[4] = {2.50662823884, -18.61500062529, 41.39119773534, -25.44106049637};
       84:  675:	double b[4] = {-8.47351093090, 23.08336743743, -21.06224101826, 3.13082909833};
       84:  676:	double c[9] = {0.3374754822726147, 0.9761690190917186, 0.1607979714918209,
        -:  677:		          0.0276438810333863, 0.0038405729373609, 0.0003951896511919,
        -:  678:		          0.0000321767881768, 0.0000002888167364, 0.0000003960315187};
        -:  679:	double x, r, y;
       84:  680:	y = p - 0.5;
       84:  681:	if (fabs(y) < 0.42) {
       84:  681-block  0
branch  0 taken 66 (fallthrough)
branch  1 taken 18
       66:  682:	  r = y * y;
       66:  683:	  x = y * (((a[3]*r + a[2])*r + a[1])*r + a[0]) /
       66:  684:		       ((((b[3]*r + b[2])*r + b[1])*r + b[0])*r + 1.0);
       66:  684-block  0
        -:  685:	} else {
       18:  686:	  r = p;
       18:  687:	  if (y > 0) r = 1.0 - p;
       18:  687-block  0
branch  0 taken 15 (fallthrough)
branch  1 taken 3
       15:  687-block  1
       18:  688:	  r = log(-log(r));
       18:  689:	  x = c[0] + r * (c[1] + r * (c[2] + r * (c[3] + r * (c[4] +
       18:  690:		   r * (c[5] + r * (c[6] + r * (c[7] + r * c[8])))))));
       18:  691:	  if (y < 0) x = -x;
       18:  691-block  0
branch  0 taken 3 (fallthrough)
branch  1 taken 15
        3:  691-block  1
        -:  692:	}
       84:  693:	return x;
       84:  693-block  0
        -:  694:}
        -:  695:/* -----------------------------------------------------------------------
        -:  696: * Exact Spearman p-value via exhaustive permutation enumeration.
        -:  697: *
        -:  698: * Under H0, all n! orderings of ranks are equally probable.  We visit
        -:  699: * every permutation of {1..n} with Heap's algorithm (O(n!), no allocs
        -:  700: * inside the loop) and count how many yield S ≤ s_obs ("lower tail",
        -:  701: * i.e. rho ≥ rho_obs) and how many yield S ≥ s_obs ("upper tail").
        -:  702: *
        -:  703: * Mirrors R's default: exact = (n < 10) with no ties.
        -:  704: * Valid up to n = 9 (362 880 iterations — negligible cost).
        -:  705: * ----------------------------------------------------------------------- */
function spearman_exact_pvalue called 3 returned 100% blocks executed 88%
        3:  706:static double spearman_exact_pvalue(double s_obs, size_t n, const char *restrict alt) {
        3:  707:	int *restrict perm = (int*)safemalloc(n * sizeof(int));
        3:  707-block  0
call    0 returned 3
        3:  708:	int *restrict c    = (int*)safemalloc(n * sizeof(int));
call    0 returned 3
       18:  709:	for (size_t i = 0; i < n; i++) { perm[i] = i + 1; c[i] = 0; }
       15:  709-block  0
       18:  709-block  1
branch  0 taken 15
branch  1 taken 3 (fallthrough)
        -:  710:
        3:  711:	long count_le = 0, count_ge = 0, total = 0;
        -:  712:
        -:  713:	#define TALLY_PERM() do {                                    \
        -:  714:	  double s_ = 0.0;                                     \
        -:  715:	  for (int ii = 0; ii < n; ii++) {                    \
        -:  716:		   double d_ = (double)(ii + 1) - (double)perm[ii];\
        -:  717:		   s_ += d_ * d_;                                   \
        -:  718:	  }                                                    \
        -:  719:	  if (s_ <= s_obs + 1e-9) count_le++;                 \
        -:  720:	  if (s_ >= s_obs - 1e-9) count_ge++;                 \
        -:  721:	  total++;                                             \
        -:  722:	} while (0)
        -:  723:
      18*:  724:	TALLY_PERM();   /* initial permutation [1, 2, ..., n] */
        3:  724-block  0
       15:  724-block  1
       18:  724-block  2
branch  0 taken 15
branch  1 taken 3 (fallthrough)
        3:  724-block  3
branch  2 taken 3 (fallthrough)
branch  3 taken 0
        3:  724-block  4
        3:  724-block  5
branch  4 taken 0 (fallthrough)
branch  5 taken 3
    %%%%%:  724-block  6
        -:  725:
        3:  726:	unsigned int k = 1;
      618:  727:	while (k < n) {
        3:  727-block  0
      618:  727-block  1
branch  0 taken 615
branch  1 taken 3 (fallthrough)
      615:  728:	  if (c[k] < k) {
      615:  728-block  0
branch  0 taken 357 (fallthrough)
branch  1 taken 258
        -:  729:		   int tmp;
      357:  730:		   if (k % 2 == 0) {
      357:  730-block  0
branch  0 taken 132 (fallthrough)
branch  1 taken 225
      132:  731:		       tmp = perm[0]; perm[0] = perm[k]; perm[k] = tmp;
      132:  731-block  0
        -:  732:		   } else {
      225:  733:		       tmp = perm[c[k]]; perm[c[k]] = perm[k]; perm[k] = tmp;
      225:  733-block  0
        -:  734:		   }
     2142:  735:		   TALLY_PERM();
      357:  735-block  0
     1785:  735-block  1
     2142:  735-block  2
branch  0 taken 1785
branch  1 taken 357 (fallthrough)
      357:  735-block  3
branch  2 taken 21 (fallthrough)
branch  3 taken 336
       21:  735-block  4
      357:  735-block  5
branch  4 taken 345 (fallthrough)
branch  5 taken 12
      345:  735-block  6
      357:  736:		   c[k]++;
      357:  737:		   k = 1;
      357:  737-block  0
        -:  738:	  } else {
      258:  739:		   c[k] = 0;
      258:  740:		   k++;
      258:  740-block  0
        -:  741:	  }
        -:  742:	}
        -:  743:	#undef TALLY_PERM
        -:  744:
        3:  745:	Safefree(perm); Safefree(c);
        3:  745-block  0
call    0 returned 3
call    1 returned 3
        -:  746:	/* p_le = P(S ≤ s_obs) ≡ P(rho ≥ rho_obs)  — upper rho tail
        -:  747:	* p_ge = P(S ≥ s_obs) ≡ P(rho ≤ rho_obs)  — lower rho tail  */
        3:  748:	double p_le = (double)count_le / (double)total;
        3:  749:	double p_ge = (double)count_ge / (double)total;
        -:  750:
       3*:  751:	if (strcmp(alt, "greater") == 0) return p_le;
branch  0 taken 0 (fallthrough)
branch  1 taken 3
    %%%%%:  751-block  0
       3*:  752:	if (strcmp(alt, "less")    == 0) return p_ge;
        3:  752-block  0
branch  0 taken 0 (fallthrough)
branch  1 taken 3
    %%%%%:  752-block  1
        -:  753:	/* two.sided: 2 × the smaller tail, clamped to 1 */
       3*:  754:	double p = 2.0 * (p_le < p_ge ? p_le : p_ge);
        3:  754-block  0
branch  0 taken 3 (fallthrough)
branch  1 taken 0
        3:  754-block  1
    %%%%%:  754-block  2
       3*:  755:	return (p > 1.0) ? 1.0 : p;
        3:  755-block  0
branch  0 taken 0 (fallthrough)
branch  1 taken 3
    %%%%%:  755-block  1
        3:  755-block  2
        3:  755-block  3
        -:  756:}
        -:  757:/* -----------------------------------------------------------------------
        -:  758: * Exact Kendall p-value via Mahonian Numbers (Inversions distribution)
        -:  759: * Matches R's behavior for N < 50 without ties.
        -:  760: * ----------------------------------------------------------------------- */
function kendall_exact_pvalue called 6 returned 100% blocks executed 88%
        6:  761:static double kendall_exact_pvalue(size_t n, double s_obs, const char *restrict alt) {
        6:  762:	long max_inv = (long)n * (n - 1) / 2;
        6:  763:	double *restrict dp = (double*)safemalloc((max_inv + 1) * sizeof(double));
        6:  763-block  0
call    0 returned 6
       72:  764:	for (long i = 0; i <= max_inv; i++) dp[i] = 0.0;
       66:  764-block  0
       72:  764-block  1
branch  0 taken 66
branch  1 taken 6 (fallthrough)
        6:  765:	dp[0] = 1.0;
        -:  766:	/* Build the distribution of inversions via DP */
       30:  767:	for (size_t i = 2; i <= n; i++) {
        6:  767-block  0
       30:  767-block  1
branch  0 taken 24
branch  1 taken 6 (fallthrough)
       24:  768:	  double *restrict next_dp = (double*)safemalloc((max_inv + 1) * sizeof(double));
       24:  768-block  0
call    0 returned 24
      288:  769:	  for (long k = 0; k <= max_inv; k++) next_dp[k] = 0.0;
      264:  769-block  0
      288:  769-block  1
branch  0 taken 264
branch  1 taken 24 (fallthrough)
       24:  770:	  int current_max_inv = i * (i - 1) / 2;
      168:  771:	  for (int k = 0; k <= current_max_inv; k++) {
       24:  771-block  0
      168:  771-block  1
branch  0 taken 144
branch  1 taken 24 (fallthrough)
      144:  772:		   double sum = 0;
      618:  773:		   for (int j = 0; j <= i - 1 && k - j >= 0; j++) {
      144:  773-block  0
      618:  773-block  1
branch  0 taken 534 (fallthrough)
branch  1 taken 84
      534:  773-block  2
branch  2 taken 474
branch  3 taken 60 (fallthrough)
      474:  774:		       sum += dp[k - j];
      474:  774-block  0
        -:  775:		   }
        -:  776:		   // Divide by 'i' directly to keep array as pure probabilities and prevent overflow
      144:  777:		   next_dp[k] = sum / (double)i;
      144:  777-block  0
        -:  778:	  }
       24:  779:	  Safefree(dp);
       24:  779-block  0
call    0 returned 24
       24:  780:	  dp = next_dp;
        -:  781:	}
        -:  782:	// Convert S statistic to target number of inversions
        6:  783:	long i_obs = (long)round((max_inv - s_obs) / 2.0);
       6*:  784:	if (i_obs < 0) i_obs = 0;
        6:  784-block  0
branch  0 taken 0 (fallthrough)
branch  1 taken 6
    %%%%%:  784-block  1
       6*:  785:	if (i_obs > max_inv) i_obs = max_inv;
        6:  785-block  0
branch  0 taken 0 (fallthrough)
branch  1 taken 6
    %%%%%:  785-block  1
        6:  786:	double p_le = 0.0; /* P(S <= S_obs) */
       60:  787:	for (long k = i_obs; k <= max_inv; k++) p_le += dp[k];
        6:  787-block  0
       54:  787-block  1
       60:  787-block  2
branch  0 taken 54
branch  1 taken 6 (fallthrough)
        6:  788:	double p_ge = 0.0; /* P(S >= S_obs) */
       24:  789:	for (long k = 0; k <= i_obs; k++) p_ge += dp[k];
        6:  789-block  0
       18:  789-block  1
       24:  789-block  2
branch  0 taken 18
branch  1 taken 6 (fallthrough)
        6:  790:	Safefree(dp);
        6:  790-block  0
call    0 returned 6
       6*:  791:	if (strcmp(alt, "greater") == 0) return p_ge;
branch  0 taken 0 (fallthrough)
branch  1 taken 6
    %%%%%:  791-block  0
        6:  792:	if (strcmp(alt, "less") == 0) return p_le;
        6:  792-block  0
branch  0 taken 3 (fallthrough)
branch  1 taken 3
        3:  792-block  1
        -:  793:	// two.sided
       3*:  794:	double p = 2.0 * (p_ge < p_le ? p_ge : p_le);
        3:  794-block  0
branch  0 taken 3 (fallthrough)
branch  1 taken 0
        3:  794-block  1
    %%%%%:  794-block  2
       3*:  795:	return p > 1.0 ? 1.0 : p;
        3:  795-block  0
branch  0 taken 0 (fallthrough)
branch  1 taken 3
    %%%%%:  795-block  1
        3:  795-block  2
        3:  795-block  3
        -:  796:}
        -:  797:// F-distribution Cumulative Distribution Function P(F <= f)
function pf called 78 returned 100% blocks executed 75%
       78:  798:static double pf(double f, double df1, double df2) {
      78*:  799:	if (f <= 0.0) return 0.0;
       78:  799-block  0
branch  0 taken 0 (fallthrough)
branch  1 taken 78
    %%%%%:  799-block  1
       78:  800:	double x = (df1 * f) / (df1 * f + df2);
       78:  801:	return incbeta(df1 / 2.0, df2 / 2.0, x);
       78:  801-block  0
call    0 returned 78
        -:  802:}
        -:  803:
        -:  804:/* Householder QR Decomposition for Sequential Sums of Squares */
        -:  805:/* Householder QR Decomposition for Sequential Sums of Squares */
function apply_householder_aov called 18 returned 100% blocks executed 97%
       18:  806:static void apply_householder_aov(double** restrict X, double* restrict y, size_t n, size_t p, bool* restrict aliased, size_t* restrict rank_map) {
       18:  807:	size_t r = 0; // Rank/Row tracker
       72:  808:	for (size_t k = 0; k < p; k++) {
       18:  808-block  0
       54:  808-block  1
       72:  808-block  2
branch  0 taken 54
branch  1 taken 18 (fallthrough)
       54:  809:		aliased[k] = false;
      54*:  810:		if (r >= n) {
       54:  810-block  0
branch  0 taken 0 (fallthrough)
branch  1 taken 54
    #####:  811:			aliased[k] = true;
    #####:  812:			continue;
    %%%%%:  812-block  0
        -:  813:		}
        -:  814:
       54:  815:		double max_val = 0;
      489:  816:		for (size_t i = r; i < n; i++) {
       54:  816-block  0
      435:  816-block  1
      489:  816-block  2
branch  0 taken 435
branch  1 taken 54 (fallthrough)
      435:  817:			if (fabs(X[i][k]) > max_val) max_val = fabs(X[i][k]);
      435:  817-block  0
branch  0 taken 108 (fallthrough)
branch  1 taken 327
      108:  817-block  1
        -:  818:		}
       54:  819:		if (max_val < 1e-10) { 
       54:  819-block  0
branch  0 taken 3 (fallthrough)
branch  1 taken 51
        3:  820:			aliased[k] = true; 
        3:  821:			continue; 
        3:  821-block  0
        -:  822:		} // Collinear or zero column
        -:  823:
       51:  824:		double norm = 0;
      477:  825:		for (size_t i = r; i < n; i++) {
       51:  825-block  0
      477:  825-block  1
branch  0 taken 426
branch  1 taken 51 (fallthrough)
      426:  826:			X[i][k] /= max_val;
      426:  827:			norm += X[i][k] * X[i][k];
      426:  827-block  0
        -:  828:		}
       51:  829:		norm = sqrt(norm);
       51:  830:		double s = (X[r][k] > 0) ? -norm : norm;
       51:  830-block  0
branch  0 taken 27 (fallthrough)
branch  1 taken 24
       27:  830-block  1
       24:  830-block  2
       51:  831:		double u1 = X[r][k] - s;
       51:  832:		X[r][k] = s * max_val;
        -:  833:
      108:  834:		for (size_t j = k + 1; j < p; j++) {
       51:  834-block  0
       57:  834-block  1
      108:  834-block  2
branch  0 taken 57
branch  1 taken 51 (fallthrough)
       57:  835:			double dot = u1 * X[r][j];
      570:  836:			for (size_t i = r + 1; i < n; i++) dot += X[i][j] * X[i][k];
       57:  836-block  0
      513:  836-block  1
      570:  836-block  2
branch  0 taken 513
branch  1 taken 57 (fallthrough)
       57:  837:			double tau = dot / (s * u1);
       57:  838:			X[r][j] += tau * u1;
      570:  839:			for (size_t i = r + 1; i < n; i++) X[i][j] += tau * X[i][k];
       57:  839-block  0
      513:  839-block  1
      570:  839-block  2
branch  0 taken 513
branch  1 taken 57 (fallthrough)
        -:  840:		}
        -:  841:
        -:  842:		// Transform the response vector y
       51:  843:		double dot_y = u1 * y[r];
      426:  844:		for (size_t i = r + 1; i < n; i++) dot_y += y[i] * X[i][k];
       51:  844-block  0
      375:  844-block  1
      426:  844-block  2
branch  0 taken 375
branch  1 taken 51 (fallthrough)
       51:  845:		double tau_y = dot_y / (s * u1);
       51:  846:		y[r] += tau_y * u1;
      426:  847:		for (size_t i = r + 1; i < n; i++) y[i] += tau_y * X[i][k];
       51:  847-block  0
      375:  847-block  1
      426:  847-block  2
branch  0 taken 375
branch  1 taken 51 (fallthrough)
        -:  848:
       51:  849:		rank_map[k] = r; // Map original column index to orthogonal row index
       51:  850:		r++;
       51:  850-block  0
        -:  851:	}
       18:  852:}
        -:  853:
        -:  854:// --- write_table Helpers ---
        -:  855:
        -:  856:// Sorts string arrays alphabetically
function cmp_string_wt called 75 returned 100% blocks executed 100%
       75:  857:static int cmp_string_wt(const void *a, const void *b) {
       75:  858:	return strcmp(*(const char**)a, *(const char**)b);
       75:  858-block  0
        -:  859:}
        -:  860:
        -:  861:// Emulates Perl's /\D/ check
function contains_nondigit called 13 returned 100% blocks executed 83%
       13:  862:static bool contains_nondigit(SV *restrict sv) {
      13*:  863:	if (!sv || !SvOK(sv)) return 0;
       13:  863-block  0
branch  0 taken 13 (fallthrough)
branch  1 taken 0
       13:  863-block  1
branch  2 taken 0 (fallthrough)
branch  3 taken 13
    %%%%%:  863-block  2
        -:  864:	STRLEN len;
       13:  865:	const char *restrict s = SvPVbyte(sv, len);
       13:  865-block  0
call    0 returned 13
       26:  866:	for (size_t i = 0; i < len; i++) {
       13:  866-block  0
       26:  866-block  1
branch  0 taken 13
branch  1 taken 13 (fallthrough)
      13*:  867:	  if (!isdigit(s[i])) return 1;
       13:  867-block  0
branch  0 taken 0 (fallthrough)
branch  1 taken 13
    %%%%%:  867-block  1
        -:  868:	}
       13:  869:	return 0;
       13:  869-block  0
        -:  870:}
        -:  871:
        -:  872:// Writes a properly quoted string dynamically
function print_str_quoted called 522 returned 100% blocks executed 95%
      522:  873:static void print_str_quoted(PerlIO *fh, const char *str, const char *sep) {
     522*:  874:	if (!str) str = "";
      522:  874-block  0
branch  0 taken 0 (fallthrough)
branch  1 taken 522
    %%%%%:  874-block  1
      522:  875:	bool needs_quotes = 0;
      522:  876:	if (strstr(str, sep) != NULL || strchr(str, '"') != NULL || strchr(str, '\r') != NULL || strchr(str, '\n') != NULL) {
      522:  876-block  0
branch  0 taken 507 (fallthrough)
branch  1 taken 15
      507:  876-block  1
branch  2 taken 489 (fallthrough)
branch  3 taken 18
      489:  876-block  2
branch  4 taken 489 (fallthrough)
branch  5 taken 0
      489:  876-block  3
branch  6 taken 0 (fallthrough)
branch  7 taken 489
       33:  877:	  needs_quotes = 1;
       33:  877-block  0
        -:  878:	}
        -:  879:
      522:  880:	if (needs_quotes) {
      522:  880-block  0
branch  0 taken 33 (fallthrough)
branch  1 taken 489
       33:  881:	  PerlIO_putc(fh, '"');
       33:  881-block  0
call    0 returned 33
      354:  882:	  for (const char *restrict p = str; *p; p++) {
      321:  882-block  0
      354:  882-block  1
branch  0 taken 321
branch  1 taken 33 (fallthrough)
      321:  883:		   if (*p == '"') {
      321:  883-block  0
branch  0 taken 21 (fallthrough)
branch  1 taken 300
       21:  884:		       PerlIO_putc(fh, '"');
       21:  884-block  0
call    0 returned 21
       21:  885:		       PerlIO_putc(fh, '"');
call    0 returned 21
        -:  886:		   } else {
      300:  887:		       PerlIO_putc(fh, *p);
      300:  887-block  0
call    0 returned 300
        -:  888:		   }
        -:  889:	  }
       33:  890:	  PerlIO_putc(fh, '"');
       33:  890-block  0
call    0 returned 33
        -:  891:	} else {
      489:  892:	  PerlIO_puts(fh, str);
      489:  892-block  0
call    0 returned 489
        -:  893:	}
      522:  894:}
        -:  895:
        -:  896:// Writes an array of strings joined by sep
function print_string_row called 141 returned 100% blocks executed 90%
      141:  897:static void print_string_row(PerlIO *fh, const char **row, size_t len, const char *sep) {
      141:  898:	size_t sep_len = strlen(sep);
      663:  899:	for (size_t i = 0; i < len; i++) {
      141:  899-block  0
      522:  899-block  1
      663:  899-block  2
branch  0 taken 522
branch  1 taken 141 (fallthrough)
      522:  900:	  if (i > 0) PerlIO_write(fh, sep, sep_len);
      522:  900-block  0
branch  0 taken 381 (fallthrough)
branch  1 taken 141
      381:  900-block  1
call    2 returned 381
      522:  901:	  if (row[i]) {
      522:  901-block  0
branch  0 taken 522 (fallthrough)
branch  1 taken 0
      522:  902:		   print_str_quoted(fh, row[i], sep);
      522:  902-block  0
call    0 returned 522
        -:  903:	  } else {
    #####:  904:		   print_str_quoted(fh, "", sep);
    %%%%%:  904-block  0
call    0 never executed
        -:  905:	  }
        -:  906:	}
      141:  907:	PerlIO_putc(fh, '\n');
      141:  907-block  0
call    0 returned 141
      141:  908:}
        -:  909:// Calculates the Regularized Upper Incomplete Gamma Function Q(a, x)
        -:  910:// This perfectly replicates R's pchisq(..., lower.tail=FALSE)
function igamc called 17 returned 100% blocks executed 81%
       17:  911:double igamc(double a, double x) {
      17*:  912:	if (x < 0.0 || a <= 0.0) return 1.0;
       17:  912-block  0
branch  0 taken 17 (fallthrough)
branch  1 taken 0
       17:  912-block  1
branch  2 taken 0 (fallthrough)
branch  3 taken 17
    %%%%%:  912-block  2
      17*:  913:	if (x == 0.0) return 1.0;
       17:  913-block  0
branch  0 taken 0 (fallthrough)
branch  1 taken 17
    %%%%%:  913-block  1
        -:  914:
        -:  915:	// Series expansion for x < a + 1
       17:  916:	if (x < a + 1.0) {
       17:  916-block  0
branch  0 taken 8 (fallthrough)
branch  1 taken 9
        8:  917:		double sum = 1.0 / a;
        8:  918:		double term = 1.0 / a;
        8:  919:		double n = 1.0;
      112:  920:		while (fabs(term) > 1e-15) {
        8:  920-block  0
      112:  920-block  1
branch  0 taken 104
branch  1 taken 8 (fallthrough)
      104:  921:			term *= x / (a + n);
      104:  922:			sum += term;
      104:  923:			n += 1.0;
      104:  923-block  0
        -:  924:		}
        8:  925:		return 1.0 - (sum * exp(-x + a * log(x) - lgamma(a)));
        8:  925-block  0
        -:  926:	}
        -:  927:
        -:  928:	// Continued fraction for x >= a + 1
        9:  929:	double b = x + 1.0 - a;
        9:  930:	double c = 1.0 / 1e-30;
        9:  931:	double d = 1.0 / b;
        9:  932:	double h = d, i = 1.0;
      141:  933:	while (i < 10000) { // Safety bound
        9:  933-block  0
      141:  933-block  1
branch  0 taken 141
branch  1 taken 0 (fallthrough)
      141:  934:		double an = -i * (i - a);
      141:  935:		b += 2.0;
      141:  936:		d = an * d + b;
     141*:  937:		if (fabs(d) < 1e-30) d = 1e-30;
      141:  937-block  0
branch  0 taken 0 (fallthrough)
branch  1 taken 141
    %%%%%:  937-block  1
      141:  938:		c = b + an / c;
     141*:  939:		if (fabs(c) < 1e-30) c = 1e-30;
      141:  939-block  0
branch  0 taken 0 (fallthrough)
branch  1 taken 141
    %%%%%:  939-block  1
      141:  940:		d = 1.0 / d;
      141:  941:		double del = d * c;
      141:  942:		h *= del;
      141:  943:		if (fabs(del - 1.0) < 1e-15) break;
      141:  943-block  0
branch  0 taken 9 (fallthrough)
branch  1 taken 132
        9:  943-block  1
      132:  944:		i += 1.0;
      132:  944-block  0
        -:  945:	}
        9:  946:	return h * exp(-x + a * log(x) - lgamma(a));
        9:  946-block  0
        -:  947:}
[...]
        -: 5939:        } else if (t == SVt_PVHV) {
        8: 5940:            h_sv = ST(arg_idx++);          /* hash-of-arrays shortcut */
       32: 5941:        }
        8: 5941-block  0
       24: 5941-block  1
       32: 5941-block  2
branch  0 taken 24
branch  1 taken 8 (fallthrough)
       24: 5942:    }
       24: 5942-block  0
branch  0 taken 24 (fallthrough)
branch  1 taken 0
       24: 5943:    if (!h_sv && arg_idx < items
       24: 5944:              && SvROK(ST(arg_idx))
       24: 5944-block  0
        -: 5945:              && SvTYPE(SvRV(ST(arg_idx))) == SVt_PVAV) {
        8: 5946:        g_sv = ST(arg_idx++);
        8: 5946-block  0
call    0 returned 8
call    1 returned 8
call    2 returned 8
        -: 5947:    }
        8: 5948:    // 2. Parse named arguments (fallback)
        8: 5949:    for (; arg_idx < items; arg_idx += 2) {
        8: 5950:        const char *restrict key = SvPV_nolen(ST(arg_idx));
branch  0 taken 0 (fallthrough)
branch  1 taken 8
    #####: 5951:        SV         *restrict val = ST(arg_idx + 1);
    #####: 5952:        if      (strEQ(key, "x")) x_sv = val;
    %%%%%: 5952-block  0
        -: 5953:        else if (strEQ(key, "g")) g_sv = val;
        8: 5954:        else if (strEQ(key, "h")) h_sv = val;
        8: 5955:        else croak("kruskal_test: unknown argument '%s'", key);
        8: 5955-block  0
call    0 returned 8
        -: 5956:    }
        -: 5957:    // 3. Mutual-exclusion guard
        8: 5958:    if (h_sv && (x_sv || g_sv))
call    0 returned 8
        8: 5959:        croak("kruskal_test: cannot mix 'h' (hash-of-arrays) with 'x'/'g' inputs");
call    0 returned 8
call    1 returned 8
        8: 5960:
call    0 returned 8
call    1 returned 8
        8: 5961:    /* ------------------------------------------------------------------ */
call    0 returned 8
call    1 returned 8
        8: 5962:    /* Shared state filled by whichever input branch runs                 */
call    0 returned 8
call    1 returned 8
        8: 5963:    /* ------------------------------------------------------------------ */
call    0 returned 8
call    1 returned 8
        8: 5964:    RankInfo *restrict ri = NULL;
call    0 returned 8
        -: 5965:    char **restrict group_names = NULL; /* Track names to build group_stats */
        -: 5966:    size_t valid_n = 0;
        -: 5967:    size_t k       = 0;
        -: 5968:
        -: 5969:    /* ------------------------------------------------------------------ */
        -: 5970:    /* 4a. Hash-of-arrays input path                                      */
        -: 5971:    /*     my %x = ( group1 => [...], group2 => [...], ... )              */
        -: 5972:    /* ------------------------------------------------------------------ */
        -: 5973:    if (h_sv) {
        -: 5974:        if (!SvROK(h_sv) || SvTYPE(SvRV(h_sv)) != SVt_PVHV)
        -: 5975:            croak("kruskal_test: 'h' must be a HASH reference");
        -: 5976:        HV *restrict h_hv = (HV*)SvRV(h_sv);
        -: 5977:        
        -: 5978:        // First pass – validate values and tally total elements
        -: 5979:        size_t total = 0;
        -: 5980:        hv_iterinit(h_hv);
        -: 5981:        HE *restrict he;
        -: 5982:        while ((he = hv_iternext(h_hv))) {
        -: 5983:            SV *restrict val = HeVAL(he);
        -: 5984:            if (!SvROK(val) || SvTYPE(SvRV(val)) != SVt_PVAV)
        -: 5985:                croak("kruskal_test: every value in 'h' must be an ARRAY reference");
        -: 5986:            total += (size_t)(av_len((AV*)SvRV(val)) + 1);
        -: 5987:        }
        -: 5988:        if (total < 2) croak("not enough observations");
        -: 5989:
        -: 5990:        ri = (RankInfo *)safemalloc(total * sizeof(RankInfo));
        -: 5991:        
        -: 5992:        size_t num_keys = HvKEYS(h_hv);
        -: 5993:        group_names = (char **)safecalloc(num_keys, sizeof(char*));
        -: 5994:
        -: 5995:        /* Second pass – fill ri[], assigning one group_id per hash key */
        -: 5996:        size_t group_id = 0;
        -: 5997:        hv_iterinit(h_hv);
        -: 5998:        while ((he = hv_iternext(h_hv))) {
        -: 5999:            STRLEN klen;
        -: 6000:            const char *key_str = HePV(he, klen);
        -: 6001:            group_names[group_id] = savepvn(key_str, klen); // Save string key
        -: 6002:
        -: 6003:            AV    *restrict av  = (AV*)SvRV(HeVAL(he));
        -: 6004:            size_t          n_g = (size_t)(av_len(av) + 1);
        -: 6005:            for (size_t i = 0; i < n_g; i++) {
        -: 6006:                SV **restrict el = av_fetch(av, i, 0);
        -: 6007:                if (el && SvOK(*el) && looks_like_number(*el)) {
        -: 6008:                    ri[valid_n].val = SvNV(*el);
        -: 6009:                    ri[valid_n].idx = group_id;   /* group identity */
        -: 6010:                    valid_n++;
        -: 6011:                }
        -: 6012:            }
        -: 6013:            group_id++;
        -: 6014:        }
        -: 6015:        k = group_id;   /* number of unique groups = number of hash keys */
        -: 6016:
        -: 6017:    /* ------------------------------------------------------------------ */
        -: 6018:    /* 4b. Original x / g array-pair input path                           */
        -: 6019:    /* ------------------------------------------------------------------ */
        -: 6020:    } else {
        -: 6021:        if (!x_sv || !SvROK(x_sv) || SvTYPE(SvRV(x_sv)) != SVt_PVAV)
        -: 6022:            croak("kruskal_test: 'x' is a required argument and must be an ARRAY reference");
        -: 6023:        if (!g_sv || !SvROK(g_sv) || SvTYPE(SvRV(g_sv)) != SVt_PVAV)
        -: 6024:            croak("kruskal_test: 'g' is a required argument and must be an ARRAY reference");
        -: 6025:
        -: 6026:        AV *restrict x_av = (AV*)SvRV(x_sv);
        -: 6027:        AV *restrict g_av = (AV*)SvRV(g_sv);
        -: 6028:        size_t nx = (size_t)(av_len(x_av) + 1);
        -: 6029:        size_t ng = (size_t)(av_len(g_av) + 1);
        -: 6030:        if (nx != ng) croak("kruskal_test: 'x' and 'g' must have the same length");
        -: 6031:        if (nx < 2)   croak("not enough observations");
        -: 6032:
        -: 6033:        ri = (RankInfo *)safemalloc(nx * sizeof(RankInfo));
        -: 6034:        group_names = (char **)safecalloc(nx, sizeof(char*)); // Upper bound
        -: 6035:
        -: 6036:        // Map string group names → contiguous integer IDs
        -: 6037:        HV    *restrict group_map    = newHV();
        -: 6038:        size_t          next_group_id = 0;
        -: 6039:
        -: 6040:        for (size_t i = 0; i < nx; i++) {
        -: 6041:            SV **restrict x_el = av_fetch(x_av, i, 0);
        -: 6042:            SV **restrict g_el = av_fetch(g_av, i, 0);
        -: 6043:            if (x_el && SvOK(*x_el) && looks_like_number(*x_el)
        -: 6044:                     && g_el && SvOK(*g_el)) {
        -: 6045:                const char *restrict g_str = SvPV_nolen(*g_el);
        -: 6046:                STRLEN               glen  = strlen(g_str);
        -: 6047:                SV   **restrict id_sv = hv_fetch(group_map, g_str, glen, 0);
        -: 6048:                size_t group_id;
        -: 6049:                if (id_sv) {
        -: 6050:                    group_id = SvUV(*id_sv);
        -: 6051:                } else {
        -: 6052:                    group_id = next_group_id++;
        -: 6053:                    hv_store(group_map, g_str, glen, newSVuv(group_id), 0);
        -: 6054:                    group_names[group_id] = savepvn(g_str, glen); // Save string key
        -: 6055:                }
        -: 6056:                ri[valid_n].val = SvNV(*x_el);
        -: 6057:                ri[valid_n].idx = group_id;
        -: 6058:                valid_n++;
        -: 6059:            }
        -: 6060:        }
        -: 6061:        k = next_group_id;
        -: 6062:        SvREFCNT_dec(group_map);
        -: 6063:    }
        -: 6064:
        -: 6065:    /* ------------------------------------------------------------------ */
        -: 6066:    /* 5. Shared post-extraction validation                               */
        -: 6067:    /* ------------------------------------------------------------------ */
        -: 6068:    if (valid_n < 2 || k < 2) { 
        -: 6069:        Safefree(ri); 
        -: 6070:        if (group_names) {
        -: 6071:            for (size_t i = 0; i < k; i++) { if (group_names[i]) Safefree(group_names[i]); }
        -: 6072:            Safefree(group_names);
        -: 6073:        }
        -: 6074:        if (valid_n < 2) croak("not enough observations");
        -: 6075:        croak("all observations are in the same group");
        -: 6076:    }
        -: 6077:
        -: 6078:    // 6. Ranking and Tie Accumulation (Reusing LikeR Helper)
        -: 6079:    bool   has_ties = 0;
        -: 6080:    double tie_adj  = rank_and_count_ties(ri, valid_n, &has_ties);
        -: 6081:
        -: 6082:    // 7. Aggregate Sum of Ranks AND Actual Values by Group
        -: 6083:    double *restrict group_rank_sums = (double *)safecalloc(k, sizeof(double));
        -: 6084:    double *restrict group_val_sums  = (double *)safecalloc(k, sizeof(double)); // For Mean
        -: 6085:    size_t *restrict group_counts    = (size_t *)safecalloc(k, sizeof(size_t));
        -: 6086:    
        -: 6087:    for (size_t i = 0; i < valid_n; i++) {
        -: 6088:        size_t g_id = ri[i].idx;
        -: 6089:        group_rank_sums[g_id] += ri[i].rank;
        -: 6090:        group_val_sums[g_id]  += ri[i].val;
        -: 6091:        group_counts[g_id]++;
        -: 6092:    }
        -: 6093:
        -: 6094:    // 8. Calculate STATISTIC
        -: 6095:    double stat_base = 0.0;
        -: 6096:    for (size_t i = 0; i < k; i++) {
        -: 6097:        if (group_counts[i] > 0)
        -: 6098:            stat_base += (group_rank_sums[i] * group_rank_sums[i])
        -: 6099:                         / (double)group_counts[i];
        -: 6100:    }
        -: 6101:
        -: 6102:    double n_d  = (double)valid_n;
        -: 6103:    double stat = (12.0 * stat_base / (n_d * (n_d + 1.0))) - 3.0 * (n_d + 1.0);
        -: 6104:    if (tie_adj > 0.0) {
        -: 6105:        double tie_denom = 1.0 - (tie_adj / (n_d * n_d * n_d - n_d));
        -: 6106:        stat /= tie_denom;
        -: 6107:    }
        -: 6108:    int    df    = (int)k - 1;
        -: 6109:    double p_val = get_p_value(stat, df);
        -: 6110:
        -: 6111:    // 9. Return structured data exactly like R's htest
        -: 6112:    HV *restrict res = newHV();
        -: 6113:    hv_stores(res, "statistic", newSVnv(stat));
        -: 6114:    hv_stores(res, "parameter", newSViv(df));
        -: 6115:    hv_stores(res, "p_value",   newSVnv(p_val));
        -: 6116:    hv_stores(res, "p.value",   newSVnv(p_val));
        -: 6117:    hv_stores(res, "method",    newSVpv("Kruskal-Wallis rank sum test", 0));
        -: 6118:
        -: 6119:    // 10. Build the group_stats hash
        -: 6120:    HV *group_stats = newHV();
        -: 6121:    HV *stats_mean  = newHV();
        -: 6122:    HV *stats_size  = newHV();
        -: 6123:
        -: 6124:    for (size_t i = 0; i < k; i++) {
        -: 6125:        if (group_counts[i] > 0 && group_names[i]) {
        -: 6126:            double mean = group_val_sums[i] / (double)group_counts[i];
        -: 6127:            size_t nlen = strlen(group_names[i]);
        -: 6128:            
        -: 6129:            hv_store(stats_mean, group_names[i], nlen, newSVnv(mean), 0);
        -: 6130:            hv_store(stats_size, group_names[i], nlen, newSVuv(group_counts[i]), 0);
        -: 6131:        }
        -: 6132:        if (group_names[i]) Safefree(group_names[i]); // Clean up name copy
        -: 6133:    }
        -: 6134:
        -: 6135:    // Embed the nested hashes
        -: 6136:    hv_stores(group_stats, "mean", newRV_noinc((SV*)stats_mean));
        -: 6137:    hv_stores(group_stats, "size", newRV_noinc((SV*)stats_size));
        -: 6138:    hv_stores(res, "group_stats",  newRV_noinc((SV*)group_stats));
        -: 6139:
        -: 6140:    // Memory Cleanup
        -: 6141:    Safefree(group_names);
        -: 6142:    Safefree(group_rank_sums); 
        -: 6143:    Safefree(group_val_sums);
        -: 6144:    Safefree(group_counts); 
        -: 6145:    Safefree(ri);
        -: 6146:
        -: 6147:    RETVAL = newRV_noinc((SV*)res);
        -: 6148:}
        -: 6149:OUTPUT:
        -: 6150:    RETVAL
        -: 6151:
        -: 6152:SV* var_test(...)
        -: 6153:CODE:
        -: 6154:{
        -: 6155:	SV* restrict x_sv = NULL;
        -: 6156:	SV* restrict y_sv = NULL;
        -: 6157:	double ratio = 1.0, conf_level = 0.95;
        -: 6158:	const char* restrict alternative = "two.sided";
        -: 6159:	unsigned int arg_idx = 0;
        -: 6160:
        -: 6161:	// 1. Shift positional argument 'x' if it's an array reference
        -: 6162:	if (arg_idx < items && SvROK(ST(arg_idx)) && SvTYPE(SvRV(ST(arg_idx))) == SVt_PVAV) {
        -: 6163:	  x_sv = ST(arg_idx);
        -: 6164:	  arg_idx++;
        -: 6165:	}
        -: 6166:
        -: 6167:	// 2. Shift positional argument 'y' if it's an array reference
        -: 6168:	if (arg_idx < items && SvROK(ST(arg_idx)) && SvTYPE(SvRV(ST(arg_idx))) == SVt_PVAV) {
        -: 6169:	  y_sv = ST(arg_idx);
        -: 6170:	  arg_idx++;
        -: 6171:	}
        -: 6172:
        -: 6173:	// Ensure the remaining arguments form complete key-value pairs
        -: 6174:	if ((items - arg_idx) % 2 != 0) {
        -: 6175:	  croak("Usage: var_test(\\@x, \\@y, key => value, ...)");
        -: 6176:	}
        -: 6177:
        -: 6178:	// --- Parse named arguments from the remaining flat stack ---
        -: 6179:	for (; arg_idx < items; arg_idx += 2) {
        -: 6180:	  const char* restrict key = SvPV_nolen(ST(arg_idx));
        -: 6181:	  SV* restrict val = ST(arg_idx + 1);
        -: 6182:
        -: 6183:	  if      (strEQ(key, "x"))           x_sv        = val;
        -: 6184:	  else if (strEQ(key, "y"))           y_sv        = val;
        -: 6185:	  else if (strEQ(key, "ratio"))       ratio       = SvNV(val);
        -: 6186:	  else if (strEQ(key, "conf_level") || strEQ(key, "conf.level")) conf_level = SvNV(val);
        -: 6187:	  else if (strEQ(key, "alternative")) alternative = SvPV_nolen(val);
        -: 6188:	  else croak("var_test: unknown argument '%s'", key);
        -: 6189:	}
        -: 6190:
        -: 6191:	// --- Validate required inputs / types ---
        -: 6192:	if (!x_sv || !SvROK(x_sv) || SvTYPE(SvRV(x_sv)) != SVt_PVAV)
        -: 6193:	  croak("var_test: 'x' is a required argument and must be an ARRAY reference");
        -: 6194:	if (!y_sv || !SvROK(y_sv) || SvTYPE(SvRV(y_sv)) != SVt_PVAV)
        -: 6195:	  croak("var_test: 'y' is a required argument and must be an ARRAY reference");
        -: 6196:
        -: 6197:	if (ratio <= 0.0 || !isfinite(ratio)) 
        -: 6198:	  croak("var_test: 'ratio' must be a single positive number");
        -: 6199:	if (conf_level <= 0.0 || conf_level >= 1.0 || !isfinite(conf_level))
        -: 6200:	  croak("var_test: 'conf.level' must be a single number between 0 and 1");
        -: 6201:
        -: 6202:	AV* restrict x_av = (AV*)SvRV(x_sv);
        -: 6203:	AV* restrict y_av = (AV*)SvRV(y_sv);
        -: 6204:	size_t nx_raw = av_len(x_av) + 1;
        -: 6205:	size_t ny_raw = av_len(y_av) + 1;
        -: 6206:
        -: 6207:	// --- Computation via Welford's Algorithm (ignoring NaNs) ---
        -: 6208:	double mean_x = 0.0, M2_x = 0.0;
        -: 6209:	size_t nx = 0;
        -: 6210:	for (size_t i = 0; i < nx_raw; i++) {
        -: 6211:		SV** restrict tv = av_fetch(x_av, i, 0);
        -: 6212:		if (tv && SvOK(*tv) && looks_like_number(*tv)) {
        -: 6213:			double val = SvNV(*tv);
        -: 6214:			if (!isnan(val) && isfinite(val)) {
        -: 6215:				nx++;
        -: 6216:				double delta = val - mean_x;
        -: 6217:				mean_x += delta / nx;
        -: 6218:				M2_x += delta * (val - mean_x);
        -: 6219:			}
        -: 6220:		}
        -: 6221:	}
        -: 6222:
        -: 6223:	double mean_y = 0.0, M2_y = 0.0;
        -: 6224:	size_t ny = 0;
        -: 6225:	for (size_t i = 0; i < ny_raw; i++) {
        -: 6226:	  SV** restrict tv = av_fetch(y_av, i, 0);
        -: 6227:	  if (tv && SvOK(*tv) && looks_like_number(*tv)) {
        -: 6228:		   double val = SvNV(*tv);
        -: 6229:		   if (!isnan(val) && isfinite(val)) {
        -: 6230:		       ny++;
        -: 6231:		       double delta = val - mean_y;
        -: 6232:		       mean_y += delta / ny;
        -: 6233:		       M2_y += delta * (val - mean_y);
        -: 6234:		   }
        -: 6235:	  }
        -: 6236:	}
        -: 6237:
        -: 6238:	if (nx < 2) croak("not enough 'x' observations");
        -: 6239:	if (ny < 2) croak("not enough 'y' observations");
        -: 6240:
        -: 6241:	double df_x = (double)(nx - 1);
        -: 6242:	double df_y = (double)(ny - 1);
        -: 6243:	double var_x = M2_x / df_x;
        -: 6244:	double var_y = M2_y / df_y;
        -: 6245:
        -: 6246:	if (var_y == 0.0) croak("var_test: variance of 'y' is zero (cannot divide by zero)");
        -: 6247:
        -: 6248:	// --- Statistics Math ---
        -: 6249:	double estimate = var_x / var_y;
        -: 6250:	double statistic = estimate / ratio;
        -: 6251:
        -: 6252:	double p_val = pf(statistic, df_x, df_y);
        -: 6253:	double ci_lower = 0.0, ci_upper = INFINITY;
        -: 6254:
        -: 6255:	if (strcmp(alternative, "less") == 0) {
        -: 6256:	  ci_upper = estimate / qf_bisection(1.0 - conf_level, df_x, df_y);
        -: 6257:	} else if (strcmp(alternative, "greater") == 0) {
        -: 6258:	  p_val = 1.0 - p_val;
        -: 6259:	  ci_lower = estimate / qf_bisection(conf_level, df_x, df_y);
        -: 6260:	} else {
        -: 6261:	  // two.sided
        -: 6262:	  double p1 = p_val;
        -: 6263:	  double p2 = 1.0 - p_val;
        -: 6264:	  p_val = 2.0 * (p1 < p2 ? p1 : p2);
        -: 6265:	  
        -: 6266:	  double beta = (1.0 - conf_level) / 2.0;
        -: 6267:	  ci_lower = estimate / qf_bisection(1.0 - beta, df_x, df_y);
        -: 6268:	  ci_upper = estimate / qf_bisection(beta, df_x, df_y);
        -: 6269:	}
        -: 6270:
        -: 6271:	// --- Pack Results ---
        -: 6272:	HV* restrict results = newHV();
        -: 6273:	hv_store(results, "statistic", 9, newSVnv(statistic), 0);
        -: 6274:
        -: 6275:	AV* restrict param_av = newAV();
        -: 6276:	av_push(param_av, newSVnv(df_x));
        -: 6277:	av_push(param_av, newSVnv(df_y));
        -: 6278:	hv_store(results, "parameter", 9, newRV_noinc((SV*)param_av), 0);
        -: 6279:
        -: 6280:	hv_store(results, "p_value", 7, newSVnv(p_val), 0);
        -: 6281:
        -: 6282:	AV* restrict conf_int = newAV();
        -: 6283:	av_push(conf_int, newSVnv(ci_lower));
        -: 6284:	av_push(conf_int, newSVnv(ci_upper));
        -: 6285:	hv_store(results, "conf_int", 8, newRV_noinc((SV*)conf_int), 0);
        -: 6286:
        -: 6287:	hv_store(results, "estimate", 8, newSVnv(estimate), 0);
        -: 6288:	hv_store(results, "null_value", 10, newSVnv(ratio), 0);
        -: 6289:	hv_store(results, "alternative", 11, newSVpv(alternative, 0), 0);
        -: 6290:	hv_store(results, "method", 6, newSVpv("F test to compare two variances", 0), 0);
        -: 6291:
        -: 6292:	RETVAL = newRV_noinc((SV*)results);
        -: 6293:}
        -: 6294:OUTPUT:
        -: 6295:    RETVAL
