<?xml version="1.0" encoding="UTF-8"?><testsuites duration="0.081"><testsuite name="Precow can Premoo" tests="2" failures="0" errors="0" time="0.022" timestamp="2014-03-05T16:11:02.549Z" package="t/fixtures/pre"><testcase name="we can premoo!" classname="t/fixtures/pre" time="0.022"></testcase><testcase name="Subject is strictly true" classname="t/fixtures/pre" time="0"></testcase><system-out></system-out></testsuite><testsuite name="Cow can moo" tests="2" failures="0" errors="0" time="0.019" timestamp="2014-03-05T16:11:02.550Z" package="t/fixtures/main"><testcase name="we can moo!" classname="t/fixtures/main" time="0.019"></testcase><testcase name="Subject is strictly true" classname="t/fixtures/main" time="0"></testcase><system-out></system-out></testsuite><testsuite name="Cow can moo" tests="2" failures="0" errors="0" time="0.02" timestamp="2014-03-05T16:11:02.551Z" package="t/fixtures/main2"><testcase name="we can moo!" classname="t/fixtures/main2" time="0.02"></testcase><testcase name="Subject is strictly true" classname="t/fixtures/main2" time="0"></testcase><system-out></system-out></testsuite><testsuite name="Postcow can Postmoo" tests="2" failures="0" errors="0" time="0.02" timestamp="2014-03-05T16:11:02.551Z" package="t/fixtures/post"><testcase name="we can postmoo!" classname="t/fixtures/post" time="0.02"></testcase><testcase name="Subject is strictly true" classname="t/fixtures/post" time="0"></testcase><system-out></system-out></testsuite></testsuites>